!SESSION 2014-01-28 11:39:27.907 -----------------------------------------------
eclipse.buildId=4.3.0.M20130911-1000
java.version=1.7.0_51
java.vendor=Oracle Corporation
BootLoader constants: OS=macosx, ARCH=x86_64, WS=cocoa, NL=en_US
Framework arguments:  -product org.eclipse.epp.package.cpp.product -keyring /Users/yair/.eclipse_keyring -showlocation
Command-line arguments:  -os macosx -ws cocoa -arch x86_64 -product org.eclipse.epp.package.cpp.product -keyring /Users/yair/.eclipse_keyring -showlocation

!ENTRY org.eclipse.core.net 1 0 2014-01-28 11:46:40.869
!MESSAGE System property http.nonProxyHosts has been set to local|*.local|169.254/16|*.169.254/16 by an external source. This value will be overwritten using the values from the preferences

!ENTRY com.google.eclipse.mechanic 2 0 2014-01-28 11:46:50.663
!MESSAGE Directory '/Users/yair/.eclipse/mechanic' does not exist.

!ENTRY com.google.eclipse.mechanic 2 0 2014-01-28 11:46:50.664
!MESSAGE Directory '/Applications/eclipse/configuration/com.google.eclipse.mechanic/mechanic' does not exist.

!ENTRY org.eclipse.rse.tests 2 0 2014-01-28 11:47:17.705
!MESSAGE testing warnings generated during RSE initialization

!ENTRY org.python.pydev.shared_core 1 1 2014-01-28 11:50:07.834
!MESSAGE Information about process of adding new interpreter:
- Opening dialog to request executable (or jar).
- Chosen interpreter (name and file):'Tuple [Enthought -- /Users/yair/Library/Enthought/Canopy_64bit/User/bin/python]
- Ok, file is non-null. Getting info on:/Users/yair/Library/Enthought/Canopy_64bit/User/bin/python
- Beggining task:Getting libs totalWork:100
- Setting task name:Mounting executable string...
- Setting task name:Executing:  /Users/yair/Library/Enthought/Canopy_64bit/User/bin/python -u /Applications/eclipse/plugins/org.python.pydev_3.2.0.201312292215/pysrc/interpreterInfo.py
- Setting task name:Making pythonpath environment... /Users/yair/Library/Enthought/Canopy_64bit/User/bin/python -u /Applications/eclipse/plugins/org.python.pydev_3.2.0.201312292215/pysrc/interpreterInfo.py
- Setting task name:Making exec... /Users/yair/Library/Enthought/Canopy_64bit/User/bin/python -u /Applications/eclipse/plugins/org.python.pydev_3.2.0.201312292215/pysrc/interpreterInfo.py
- Setting task name:Reading output...
- Setting task name:Waiting for process to finish.
- Success getting the info. Result:<xml>
<name>Enthought</name>
<version>2.7</version>
<executable>/Users/yair/Library/Enthought/Canopy_64bit/User/bin/python</executable>
<lib>/Users/yair/Library/Enthought/Canopy_64bit/User/lib/python2.7/site-packages/ipython-2.0.0_dev-py2.7.egg</lib>
<lib>/Users/yair/Library/Enthought/Canopy_64bit/User/lib/python2.7/site-packages/matplotlib-1.4.x-py2.7-macosx-10.9-intel.egg</lib>
<lib>/Users/yair/Library/Enthought/Canopy_64bit/User/lib/python2.7/site-packages/numpy-1.9.0.dev_78e29a3-py2.7-macosx-10.9-intel.egg</lib>
<lib>/Users/yair/Library/Enthought/Canopy_64bit/User/lib/python2.7/site-packages/pandas-0.12.0_1133_g87d8ded-py2.7-macosx-10.9-intel.egg</lib>
<lib>/Users/yair/Library/Enthought/Canopy_64bit/User/lib/python2.7/site-packages/pymc-2.3-py2.7-macosx-10.9-intel.egg</lib>
<lib>/Users/yair/Library/Enthought/Canopy_64bit/User/lib/python2.7/site-packages/scikit_learn-0.15_git-py2.7-macosx-10.9-intel.egg</lib>
<lib>/Users/yair/Library/Enthought/Canopy_64bit/User/lib/python2.7/site-packages/scipy-0.14.0.dev_572aaf0-py2.7-macosx-10.9-intel.egg</lib>
<lib>/Users/yair/Library/Enthought/Canopy_64bit/User/lib/python2.7/site-packages/statsmodels-0.6.0-py2.7-macosx-10.9-intel.egg</lib>
<lib>/Users/yair/Library/Enthought/Canopy_64bit/User/lib/python2.7/site-packages/readline-6.2.4.1-py2.7-macosx-10.6-x86_64.egg</lib>
<lib>/Users/yair/Library/Enthought/Canopy_64bit/User/lib/python2.7/site-packages/six-1.4.1-py2.7.egg</lib>
<lib>/Users/yair/Library/Enthought/Canopy_64bit/User/lib/python2.7/site-packages/pyparsing-1.5.7-py2.7.egg</lib>
<lib>/Users/yair/Library/Enthought/Canopy_64bit/User/lib/python2.7/site-packages/pika-0.9.13-py2.7.egg</lib>
<lib>/Users/yair/Library/Enthought/Canopy_64bit/User/lib/python2.7/site-packages/patsy-0.2.1-py2.7.egg</lib>
<lib>/Users/yair/Library/Enthought/Canopy_64bit/User/lib/python2.7/site-packages/Sphinx-1.2b3-py2.7.egg</lib>
<lib>/Applications/Canopy.app/appdata/canopy-1.0.3.1262.macosx-x86_64/Canopy.app/Contents/lib/python2.7</lib>
<lib>/Applications/Canopy.app/appdata/canopy-1.0.3.1262.macosx-x86_64/Canopy.app/Contents/lib/python2.7/plat-darwin</lib>
<lib>/Applications/Canopy.app/appdata/canopy-1.0.3.1262.macosx-x86_64/Canopy.app/Contents/lib/python2.7/plat-mac</lib>
<lib>/Applications/Canopy.app/appdata/canopy-1.0.3.1262.macosx-x86_64/Canopy.app/Contents/lib/python2.7/plat-mac/lib-scriptpackages</lib>
<lib>/Applications/Canopy.app/appdata/canopy-1.0.3.1262.macosx-x86_64/Canopy.app/Contents/lib/python2.7/lib-tk</lib>
<lib>/Applications/Canopy.app/appdata/canopy-1.0.3.1262.macosx-x86_64/Canopy.app/Contents/lib/python2.7/lib-dynload</lib>
<lib>/Users/yair/Library/Enthought/Canopy_64bit/User/lib/python2.7/site-packages</lib>
<lib>/Users/yair/Library/Enthought/Canopy_64bit/User/lib/python2.7/site-packages/PIL</lib>
<lib>/Users/yair/Library/Enthought/Canopy_64bit/System/lib/python2.7/site-packages</lib>
<lib>/Users/yair/Library/Enthought/Canopy_64bit/System/lib/python2.7/site-packages/PIL</lib>
<lib>/Applications/Canopy.app/appdata/canopy-1.0.3.1262.macosx-x86_64/Canopy.app/Contents/lib/python2.7/site-packages</lib>
<forced_lib>Image</forced_lib>
<forced_lib>OpenGL</forced_lib>
<forced_lib>__builtin__</forced_lib>
<forced_lib>__main__</forced_lib>
<forced_lib>_ast</forced_lib>
<forced_lib>_bisect</forced_lib>
<forced_lib>_bytesio</forced_lib>
<forced_lib>_codecs</forced_lib>
<forced_lib>_codecs_cn</forced_lib>
<forced_lib>_codecs_hk</forced_lib>
<forced_lib>_codecs_iso2022</forced_lib>
<forced_lib>_codecs_jp</forced_lib>
<forced_lib>_codecs_kr</forced_lib>
<forced_lib>_codecs_tw</forced_lib>
<forced_lib>_collections</forced_lib>
<forced_lib>_csv</forced_lib>
<forced_lib>_fileio</forced_lib>
<forced_lib>_functools</forced_lib>
<forced_lib>_heapq</forced_lib>
<forced_lib>_hotshot</forced_lib>
<forced_lib>_json</forced_lib>
<forced_lib>_locale</forced_lib>
<forced_lib>_lsprof</forced_lib>
<forced_lib>_md5</forced_lib>
<forced_lib>_multibytecodec</forced_lib>
<forced_lib>_random</forced_lib>
<forced_lib>_sha</forced_lib>
<forced_lib>_sha256</forced_lib>
<forced_lib>_sha512</forced_lib>
<forced_lib>_sre</forced_lib>
<forced_lib>_struct</forced_lib>
<forced_lib>_subprocess</forced_lib>
<forced_lib>_symtable</forced_lib>
<forced_lib>_warnings</forced_lib>
<forced_lib>_weakref</forced_lib>
<forced_lib>_winreg</forced_lib>
<forced_lib>array</forced_lib>
<forced_lib>audioop</forced_lib>
<forced_lib>binascii</forced_lib>
<forced_lib>cPickle</forced_lib>
<forced_lib>cStringIO</forced_lib>
<forced_lib>cmath</forced_lib>
<forced_lib>datetime</forced_lib>
<forced_lib>email</forced_lib>
<forced_lib>errno</forced_lib>
<forced_lib>exceptions</forced_lib>
<forced_lib>future_builtins</forced_lib>
<forced_lib>gc</forced_lib>
<forced_lib>hashlib</forced_lib>
<forced_lib>imageop</forced_lib>
<forced_lib>imp</forced_lib>
<forced_lib>itertools</forced_lib>
<forced_lib>marshal</forced_lib>
<forced_lib>math</forced_lib>
<forced_lib>mmap</forced_lib>
<forced_lib>msvcrt</forced_lib>
<forced_lib>nose</forced_lib>
<forced_lib>nose.tools</forced_lib>
<forced_lib>nt</forced_lib>
<forced_lib>numpy</forced_lib>
<forced_lib>operator</forced_lib>
<forced_lib>os</forced_lib>
<forced_lib>os.path</forced_lib>
<forced_lib>parser</forced_lib>
<forced_lib>posix</forced_lib>
<forced_lib>pwd</forced_lib>
<forced_lib>pytest</forced_lib>
<forced_lib>scipy</forced_lib>
<forced_lib>signal</forced_lib>
<forced_lib>socket</forced_lib>
<forced_lib>strop</forced_lib>
<forced_lib>sys</forced_lib>
<forced_lib>thread</forced_lib>
<forced_lib>time</forced_lib>
<forced_lib>wx</forced_lib>
<forced_lib>wxPython</forced_lib>
<forced_lib>xxsubtype</forced_lib>
<forced_lib>zipimport</forced_lib>
<forced_lib>zlib</forced_lib>
</xml>

!STACK 0
java.lang.RuntimeException: Information about process of adding new interpreter:
- Opening dialog to request executable (or jar).
- Chosen interpreter (name and file):'Tuple [Enthought -- /Users/yair/Library/Enthought/Canopy_64bit/User/bin/python]
- Ok, file is non-null. Getting info on:/Users/yair/Library/Enthought/Canopy_64bit/User/bin/python
- Beggining task:Getting libs totalWork:100
- Setting task name:Mounting executable string...
- Setting task name:Executing:  /Users/yair/Library/Enthought/Canopy_64bit/User/bin/python -u /Applications/eclipse/plugins/org.python.pydev_3.2.0.201312292215/pysrc/interpreterInfo.py
- Setting task name:Making pythonpath environment... /Users/yair/Library/Enthought/Canopy_64bit/User/bin/python -u /Applications/eclipse/plugins/org.python.pydev_3.2.0.201312292215/pysrc/interpreterInfo.py
- Setting task name:Making exec... /Users/yair/Library/Enthought/Canopy_64bit/User/bin/python -u /Applications/eclipse/plugins/org.python.pydev_3.2.0.201312292215/pysrc/interpreterInfo.py
- Setting task name:Reading output...
- Setting task name:Waiting for process to finish.
- Success getting the info. Result:<xml>
<name>Enthought</name>
<version>2.7</version>
<executable>/Users/yair/Library/Enthought/Canopy_64bit/User/bin/python</executable>
<lib>/Users/yair/Library/Enthought/Canopy_64bit/User/lib/python2.7/site-packages/ipython-2.0.0_dev-py2.7.egg</lib>
<lib>/Users/yair/Library/Enthought/Canopy_64bit/User/lib/python2.7/site-packages/matplotlib-1.4.x-py2.7-macosx-10.9-intel.egg</lib>
<lib>/Users/yair/Library/Enthought/Canopy_64bit/User/lib/python2.7/site-packages/numpy-1.9.0.dev_78e29a3-py2.7-macosx-10.9-intel.egg</lib>
<lib>/Users/yair/Library/Enthought/Canopy_64bit/User/lib/python2.7/site-packages/pandas-0.12.0_1133_g87d8ded-py2.7-macosx-10.9-intel.egg</lib>
<lib>/Users/yair/Library/Enthought/Canopy_64bit/User/lib/python2.7/site-packages/pymc-2.3-py2.7-macosx-10.9-intel.egg</lib>
<lib>/Users/yair/Library/Enthought/Canopy_64bit/User/lib/python2.7/site-packages/scikit_learn-0.15_git-py2.7-macosx-10.9-intel.egg</lib>
<lib>/Users/yair/Library/Enthought/Canopy_64bit/User/lib/python2.7/site-packages/scipy-0.14.0.dev_572aaf0-py2.7-macosx-10.9-intel.egg</lib>
<lib>/Users/yair/Library/Enthought/Canopy_64bit/User/lib/python2.7/site-packages/statsmodels-0.6.0-py2.7-macosx-10.9-intel.egg</lib>
<lib>/Users/yair/Library/Enthought/Canopy_64bit/User/lib/python2.7/site-packages/readline-6.2.4.1-py2.7-macosx-10.6-x86_64.egg</lib>
<lib>/Users/yair/Library/Enthought/Canopy_64bit/User/lib/python2.7/site-packages/six-1.4.1-py2.7.egg</lib>
<lib>/Users/yair/Library/Enthought/Canopy_64bit/User/lib/python2.7/site-packages/pyparsing-1.5.7-py2.7.egg</lib>
<lib>/Users/yair/Library/Enthought/Canopy_64bit/User/lib/python2.7/site-packages/pika-0.9.13-py2.7.egg</lib>
<lib>/Users/yair/Library/Enthought/Canopy_64bit/User/lib/python2.7/site-packages/patsy-0.2.1-py2.7.egg</lib>
<lib>/Users/yair/Library/Enthought/Canopy_64bit/User/lib/python2.7/site-packages/Sphinx-1.2b3-py2.7.egg</lib>
<lib>/Applications/Canopy.app/appdata/canopy-1.0.3.1262.macosx-x86_64/Canopy.app/Contents/lib/python2.7</lib>
<lib>/Applications/Canopy.app/appdata/canopy-1.0.3.1262.macosx-x86_64/Canopy.app/Contents/lib/python2.7/plat-darwin</lib>
<lib>/Applications/Canopy.app/appdata/canopy-1.0.3.1262.macosx-x86_64/Canopy.app/Contents/lib/python2.7/plat-mac</lib>
<lib>/Applications/Canopy.app/appdata/canopy-1.0.3.1262.macosx-x86_64/Canopy.app/Contents/lib/python2.7/plat-mac/lib-scriptpackages</lib>
<lib>/Applications/Canopy.app/appdata/canopy-1.0.3.1262.macosx-x86_64/Canopy.app/Contents/lib/python2.7/lib-tk</lib>
<lib>/Applications/Canopy.app/appdata/canopy-1.0.3.1262.macosx-x86_64/Canopy.app/Contents/lib/python2.7/lib-dynload</lib>
<lib>/Users/yair/Library/Enthought/Canopy_64bit/User/lib/python2.7/site-packages</lib>
<lib>/Users/yair/Library/Enthought/Canopy_64bit/User/lib/python2.7/site-packages/PIL</lib>
<lib>/Users/yair/Library/Enthought/Canopy_64bit/System/lib/python2.7/site-packages</lib>
<lib>/Users/yair/Library/Enthought/Canopy_64bit/System/lib/python2.7/site-packages/PIL</lib>
<lib>/Applications/Canopy.app/appdata/canopy-1.0.3.1262.macosx-x86_64/Canopy.app/Contents/lib/python2.7/site-packages</lib>
<forced_lib>Image</forced_lib>
<forced_lib>OpenGL</forced_lib>
<forced_lib>__builtin__</forced_lib>
<forced_lib>__main__</forced_lib>
<forced_lib>_ast</forced_lib>
<forced_lib>_bisect</forced_lib>
<forced_lib>_bytesio</forced_lib>
<forced_lib>_codecs</forced_lib>
<forced_lib>_codecs_cn</forced_lib>
<forced_lib>_codecs_hk</forced_lib>
<forced_lib>_codecs_iso2022</forced_lib>
<forced_lib>_codecs_jp</forced_lib>
<forced_lib>_codecs_kr</forced_lib>
<forced_lib>_codecs_tw</forced_lib>
<forced_lib>_collections</forced_lib>
<forced_lib>_csv</forced_lib>
<forced_lib>_fileio</forced_lib>
<forced_lib>_functools</forced_lib>
<forced_lib>_heapq</forced_lib>
<forced_lib>_hotshot</forced_lib>
<forced_lib>_json</forced_lib>
<forced_lib>_locale</forced_lib>
<forced_lib>_lsprof</forced_lib>
<forced_lib>_md5</forced_lib>
<forced_lib>_multibytecodec</forced_lib>
<forced_lib>_random</forced_lib>
<forced_lib>_sha</forced_lib>
<forced_lib>_sha256</forced_lib>
<forced_lib>_sha512</forced_lib>
<forced_lib>_sre</forced_lib>
<forced_lib>_struct</forced_lib>
<forced_lib>_subprocess</forced_lib>
<forced_lib>_symtable</forced_lib>
<forced_lib>_warnings</forced_lib>
<forced_lib>_weakref</forced_lib>
<forced_lib>_winreg</forced_lib>
<forced_lib>array</forced_lib>
<forced_lib>audioop</forced_lib>
<forced_lib>binascii</forced_lib>
<forced_lib>cPickle</forced_lib>
<forced_lib>cStringIO</forced_lib>
<forced_lib>cmath</forced_lib>
<forced_lib>datetime</forced_lib>
<forced_lib>email</forced_lib>
<forced_lib>errno</forced_lib>
<forced_lib>exceptions</forced_lib>
<forced_lib>future_builtins</forced_lib>
<forced_lib>gc</forced_lib>
<forced_lib>hashlib</forced_lib>
<forced_lib>imageop</forced_lib>
<forced_lib>imp</forced_lib>
<forced_lib>itertools</forced_lib>
<forced_lib>marshal</forced_lib>
<forced_lib>math</forced_lib>
<forced_lib>mmap</forced_lib>
<forced_lib>msvcrt</forced_lib>
<forced_lib>nose</forced_lib>
<forced_lib>nose.tools</forced_lib>
<forced_lib>nt</forced_lib>
<forced_lib>numpy</forced_lib>
<forced_lib>operator</forced_lib>
<forced_lib>os</forced_lib>
<forced_lib>os.path</forced_lib>
<forced_lib>parser</forced_lib>
<forced_lib>posix</forced_lib>
<forced_lib>pwd</forced_lib>
<forced_lib>pytest</forced_lib>
<forced_lib>scipy</forced_lib>
<forced_lib>signal</forced_lib>
<forced_lib>socket</forced_lib>
<forced_lib>strop</forced_lib>
<forced_lib>sys</forced_lib>
<forced_lib>thread</forced_lib>
<forced_lib>time</forced_lib>
<forced_lib>wx</forced_lib>
<forced_lib>wxPython</forced_lib>
<forced_lib>xxsubtype</forced_lib>
<forced_lib>zipimport</forced_lib>
<forced_lib>zlib</forced_lib>
</xml>

	at org.python.pydev.core.log.Log.logInfo(Log.java:66)
	at org.python.pydev.ui.pythonpathconf.AbstractInterpreterEditor.getNewInputObject(AbstractInterpreterEditor.java:949)
	at org.python.copiedfromeclipsesrc.PythonListEditor.addPressed(PythonListEditor.java:132)
	at org.python.copiedfromeclipsesrc.PythonListEditor$1.widgetSelected(PythonListEditor.java:223)
	at org.eclipse.swt.widgets.TypedListener.handleEvent(TypedListener.java:248)
	at org.eclipse.swt.widgets.EventTable.sendEvent(EventTable.java:84)
	at org.eclipse.swt.widgets.Display.sendEvent(Display.java:4166)
	at org.eclipse.swt.widgets.Widget.sendEvent(Widget.java:1466)
	at org.eclipse.swt.widgets.Widget.sendEvent(Widget.java:1489)
	at org.eclipse.swt.widgets.Widget.sendEvent(Widget.java:1474)
	at org.eclipse.swt.widgets.Widget.notifyListeners(Widget.java:1279)
	at org.eclipse.swt.widgets.Display.runDeferredEvents(Display.java:4012)
	at org.eclipse.swt.widgets.Display.readAndDispatch(Display.java:3651)
	at org.eclipse.jface.window.Window.runEventLoop(Window.java:826)
	at org.eclipse.jface.window.Window.open(Window.java:802)
	at org.eclipse.ui.internal.dialogs.WorkbenchPreferenceDialog.open(WorkbenchPreferenceDialog.java:215)
	at org.python.pydev.ui.PyProjectPythonDetails$ProjectInterpreterAndGrammarConfig$2.widgetSelected(PyProjectPythonDetails.java:241)
	at org.eclipse.swt.widgets.TypedListener.handleEvent(TypedListener.java:248)
	at org.eclipse.swt.widgets.EventTable.sendEvent(EventTable.java:84)
	at org.eclipse.swt.widgets.Display.sendEvent(Display.java:4166)
	at org.eclipse.swt.widgets.Widget.sendEvent(Widget.java:1466)
	at org.eclipse.swt.widgets.Widget.sendEvent(Widget.java:1489)
	at org.eclipse.swt.widgets.Widget.sendSelectionEvent(Widget.java:1539)
	at org.eclipse.swt.widgets.Link.textView_clickOnLink_atIndex(Link.java:117)
	at org.eclipse.swt.widgets.Display.windowProc(Display.java:5866)
	at org.eclipse.swt.internal.cocoa.OS.objc_msgSendSuper(Native Method)
	at org.eclipse.swt.widgets.Widget.callSuper(Widget.java:221)
	at org.eclipse.swt.widgets.Widget.mouseDownSuper(Widget.java:1101)
	at org.eclipse.swt.widgets.Widget.mouseDown(Widget.java:1093)
	at org.eclipse.swt.widgets.Control.mouseDown(Control.java:2563)
	at org.eclipse.swt.widgets.Display.windowProc(Display.java:5556)
	at org.eclipse.swt.internal.cocoa.OS.objc_msgSendSuper(Native Method)
	at org.eclipse.swt.widgets.Widget.callSuper(Widget.java:221)
	at org.eclipse.swt.widgets.Widget.windowSendEvent(Widget.java:2104)
	at org.eclipse.swt.widgets.Shell.windowSendEvent(Shell.java:2318)
	at org.eclipse.swt.widgets.Display.windowProc(Display.java:5620)
	at org.eclipse.swt.internal.cocoa.OS.objc_msgSendSuper(Native Method)
	at org.eclipse.swt.widgets.Display.applicationSendEvent(Display.java:5057)
	at org.eclipse.swt.widgets.Display.applicationProc(Display.java:5206)
	at org.eclipse.swt.internal.cocoa.OS.objc_msgSend(Native Method)
	at org.eclipse.swt.internal.cocoa.NSApplication.sendEvent(NSApplication.java:128)
	at org.eclipse.swt.widgets.Display.readAndDispatch(Display.java:3648)
	at org.eclipse.jface.window.Window.runEventLoop(Window.java:826)
	at org.eclipse.jface.window.Window.open(Window.java:802)
	at org.eclipse.ui.internal.actions.NewWizardShortcutAction.run(NewWizardShortcutAction.java:135)
	at org.eclipse.jface.action.Action.runWithEvent(Action.java:499)
	at org.eclipse.jface.action.ActionContributionItem.handleWidgetSelection(ActionContributionItem.java:584)
	at org.eclipse.jface.action.ActionContributionItem.access$2(ActionContributionItem.java:501)
	at org.eclipse.jface.action.ActionContributionItem$5.handleEvent(ActionContributionItem.java:411)
	at org.eclipse.swt.widgets.EventTable.sendEvent(EventTable.java:84)
	at org.eclipse.swt.widgets.Display.sendEvent(Display.java:4166)
	at org.eclipse.swt.widgets.Widget.sendEvent(Widget.java:1466)
	at org.eclipse.swt.widgets.Widget.sendEvent(Widget.java:1489)
	at org.eclipse.swt.widgets.Widget.sendEvent(Widget.java:1474)
	at org.eclipse.swt.widgets.Widget.notifyListeners(Widget.java:1279)
	at org.eclipse.swt.widgets.Display.runDeferredEvents(Display.java:4012)
	at org.eclipse.swt.widgets.Display.readAndDispatch(Display.java:3651)
	at org.eclipse.e4.ui.internal.workbench.swt.PartRenderingEngine$9.run(PartRenderingEngine.java:1113)
	at org.eclipse.core.databinding.observable.Realm.runWithDefault(Realm.java:332)
	at org.eclipse.e4.ui.internal.workbench.swt.PartRenderingEngine.run(PartRenderingEngine.java:997)
	at org.eclipse.e4.ui.internal.workbench.E4Workbench.createAndRunUI(E4Workbench.java:138)
	at org.eclipse.ui.internal.Workbench$5.run(Workbench.java:610)
	at org.eclipse.core.databinding.observable.Realm.runWithDefault(Realm.java:332)
	at org.eclipse.ui.internal.Workbench.createAndRunWorkbench(Workbench.java:567)
	at org.eclipse.ui.PlatformUI.createAndRunWorkbench(PlatformUI.java:150)
	at org.eclipse.ui.internal.ide.application.IDEApplication.start(IDEApplication.java:124)
	at org.eclipse.equinox.internal.app.EclipseAppHandle.run(EclipseAppHandle.java:196)
	at org.eclipse.core.runtime.internal.adaptor.EclipseAppLauncher.runApplication(EclipseAppLauncher.java:110)
	at org.eclipse.core.runtime.internal.adaptor.EclipseAppLauncher.start(EclipseAppLauncher.java:79)
	at org.eclipse.core.runtime.adaptor.EclipseStarter.run(EclipseStarter.java:354)
	at org.eclipse.core.runtime.adaptor.EclipseStarter.run(EclipseStarter.java:181)
	at sun.reflect.NativeMethodAccessorImpl.invoke0(Native Method)
	at sun.reflect.NativeMethodAccessorImpl.invoke(NativeMethodAccessorImpl.java:57)
	at sun.reflect.DelegatingMethodAccessorImpl.invoke(DelegatingMethodAccessorImpl.java:43)
	at java.lang.reflect.Method.invoke(Method.java:606)
	at org.eclipse.equinox.launcher.Main.invokeFramework(Main.java:636)
	at org.eclipse.equinox.launcher.Main.basicRun(Main.java:591)
	at org.eclipse.equinox.launcher.Main.run(Main.java:1450)

!ENTRY org.python.pydev.shared_core 1 1 2014-01-28 11:50:16.791
!MESSAGE Restoring info for: /Users/yair/Library/Enthought/Canopy_64bit/User/bin/python
!STACK 0
java.lang.RuntimeException: Restoring info for: /Users/yair/Library/Enthought/Canopy_64bit/User/bin/python
	at org.python.pydev.ui.interpreters.AbstractInterpreterManager.getInterpretersFromPersistedString(AbstractInterpreterManager.java:509)
	at org.python.pydev.ui.interpreters.AbstractInterpreterManager.internalRecreateCacheGetInterpreterInfos(AbstractInterpreterManager.java:336)
	at org.python.pydev.ui.interpreters.AbstractInterpreterManager.setInfos(AbstractInterpreterManager.java:633)
	at org.python.pydev.ui.pythonpathconf.AbstractInterpreterPreferencesPage$3.run(AbstractInterpreterPreferencesPage.java:262)
	at org.eclipse.jface.operation.ModalContext$ModalContextThread.run(ModalContext.java:121)
Caused by: java.io.IOException: Expecting: /Users/yair/Documents/Research/Code/carUnderstanding/.metadata/.plugins/org.python.pydev/v1_2uh94m7hcn1lcb1rqonl86tui/modulesKeys to exist (and be a file).
	at org.python.pydev.editor.codecompletion.revisited.ModulesManager.loadFromFile(ModulesManager.java:279)
	at org.python.pydev.editor.codecompletion.revisited.SystemModulesManager.load(SystemModulesManager.java:374)
	at org.python.pydev.ui.interpreters.AbstractInterpreterManager.getInterpretersFromPersistedString(AbstractInterpreterManager.java:507)
	... 4 more

!ENTRY org.python.pydev.shared_core 1 1 2014-01-28 11:50:22.762
!MESSAGE Finished restoring information for: /Users/yair/Library/Enthought/Canopy_64bit/User/bin/python at: /Users/yair/Documents/Research/Code/carUnderstanding/.metadata/.plugins/org.python.pydev/v1_2uh94m7hcn1lcb1rqonl86tui
!STACK 0
java.lang.RuntimeException: Finished restoring information for: /Users/yair/Library/Enthought/Canopy_64bit/User/bin/python at: /Users/yair/Documents/Research/Code/carUnderstanding/.metadata/.plugins/org.python.pydev/v1_2uh94m7hcn1lcb1rqonl86tui
	at org.python.pydev.core.log.Log.logInfo(Log.java:66)
	at org.python.pydev.ui.interpreters.AbstractInterpreterManager.getInterpretersFromPersistedString(AbstractInterpreterManager.java:554)
	at org.python.pydev.ui.interpreters.AbstractInterpreterManager.internalRecreateCacheGetInterpreterInfos(AbstractInterpreterManager.java:336)
	at org.python.pydev.ui.interpreters.AbstractInterpreterManager.setInfos(AbstractInterpreterManager.java:633)
	at org.python.pydev.ui.pythonpathconf.AbstractInterpreterPreferencesPage$3.run(AbstractInterpreterPreferencesPage.java:262)
	at org.eclipse.jface.operation.ModalContext$ModalContextThread.run(ModalContext.java:121)

!ENTRY org.python.pydev.shared_core 4 4 2014-01-28 11:50:26.714
!MESSAGE Info: Rebuilding internal caches: /Users/yair/Documents/Research/Code/carUnderstanding/.metadata/.plugins/com.python.pydev.analysis/python_v1_2uh94m7hcn1lcb1rqonl86tui/python.pydevsysteminfo (Expected error to be provided and got no error!)

!ENTRY org.python.pydev.shared_core 4 4 2014-01-28 11:57:42.879
!MESSAGE Info: Rebuilding internal caches: /Users/yair/Documents/Research/Code/carUnderstanding/.metadata/.plugins/org.eclipse.core.resources/.projects/mainProject/com.python.pydev.analysis/AdditionalProjectInterpreterInfo.pydevinfo (Expected error to be provided and got no error!)

!ENTRY org.python.pydev.shared_core 4 4 2014-01-28 12:20:52.076
!MESSAGE The python client still hasn't connected back to the eclipse java vm (will retry...)
!STACK 0
java.lang.RuntimeException: The python client still hasn't connected back to the eclipse java vm (will retry...)
	at org.python.pydev.core.log.Log.log(Log.java:54)
	at org.python.pydev.editor.codecompletion.shell.AbstractShell.startIt(AbstractShell.java:337)
	at org.python.pydev.editor.codecompletion.shell.ShellsContainer.getServerShell(ShellsContainer.java:233)
	at org.python.pydev.editor.codecompletion.shell.ShellsContainer.getServerShell(ShellsContainer.java:166)
	at org.python.pydev.editor.codecompletion.shell.AbstractShell.getServerShell(AbstractShell.java:217)
	at org.python.pydev.editor.PyEdit$1.run(PyEdit.java:512)

!ENTRY org.eclipse.jface 2 0 2014-01-28 12:20:52.361
!MESSAGE Keybinding conflicts occurred.  They may interfere with normal accelerator operation.
!SUBENTRY 1 org.eclipse.jface 2 0 2014-01-28 12:20:52.361
!MESSAGE A conflict occurred for COMMAND+SHIFT+T:
Binding(COMMAND+SHIFT+T,
	ParameterizedCommand(Command(com.python.pydev.analysis.actions.pyGlobalsBrowserWorkbench,Python Show Global Tokens (Global),
		Python Show Global Tokens (Global),
		Category(org.python.pydev.ui.category.source,PyDev - Editor,PyDev editor category,true),
		org.eclipse.ui.internal.WorkbenchHandlerServiceHandler@79f57f1a,
		,,true),null),
	org.eclipse.ui.defaultAcceleratorConfiguration,
	com.python.pydev.contexts.window,,,system)
Binding(COMMAND+SHIFT+T,
	ParameterizedCommand(Command(org.python.pydev.editor.actions.pyShowBrowser,Python Show Global Tokens (Editor),
		Python Show Global Tokens (Editor),
		Category(org.python.pydev.ui.category.source,PyDev - Editor,PyDev editor category,true),
		org.eclipse.ui.internal.WorkbenchHandlerServiceHandler@646bc283,
		,,true),null),
	org.eclipse.ui.defaultAcceleratorConfiguration,
	org.python.pydev.ui.editor.scope,,,system)

!ENTRY org.python.pydev.shared_core 4 4 2014-01-28 12:20:57.255
!MESSAGE Attempt: 2 of 5 failed, trying again...(socket connected: still null)
!STACK 0
java.lang.RuntimeException: Attempt: 2 of 5 failed, trying again...(socket connected: still null)
	at org.python.pydev.core.log.Log.log(Log.java:54)
	at org.python.pydev.editor.codecompletion.shell.AbstractShell.startIt(AbstractShell.java:356)
	at org.python.pydev.editor.codecompletion.shell.ShellsContainer.getServerShell(ShellsContainer.java:233)
	at org.python.pydev.editor.codecompletion.shell.ShellsContainer.getServerShell(ShellsContainer.java:166)
	at org.python.pydev.editor.codecompletion.shell.AbstractShell.getServerShell(AbstractShell.java:217)
	at org.python.pydev.editor.PyEdit$1.run(PyEdit.java:512)

!ENTRY org.eclipse.equinox.p2.repository 2 0 2014-01-28 12:22:31.740
!MESSAGE Server returned lastModified <= 0 for http://workspacemechanic.eclipselabs.org.codespot.com/git.update/mechanic/content.jar

!ENTRY org.python.pydev.shared_core 4 4 2014-01-28 12:55:49.797
!MESSAGE /Users/yair/Library/Enthought/Canopy_64bit/User/lib/python2.7/site-packages/pandas/__init__.py (No such file or directory)
!STACK 0
java.io.FileNotFoundException: /Users/yair/Library/Enthought/Canopy_64bit/User/lib/python2.7/site-packages/pandas/__init__.py (No such file or directory)
	at java.io.FileInputStream.open(Native Method)
	at java.io.FileInputStream.<init>(FileInputStream.java:146)
	at org.python.pydev.core.FileUtilsFileBuffer.getCustomReturnFromFile(FileUtilsFileBuffer.java:170)
	at com.python.pydev.analysis.additionalinfo.AbstractAdditionalTokensInfo.addAstInfo(AbstractAdditionalTokensInfo.java:281)
	at com.python.pydev.analysis.additionalinfo.AbstractAdditionalDependencyInfo.updateKeysIfNeededAndSave(AbstractAdditionalDependencyInfo.java:193)
	at com.python.pydev.analysis.system_info_builder.InterpreterInfoBuilder.synchInfoToPythonPath(InterpreterInfoBuilder.java:91)
	at org.python.pydev.editor.codecompletion.revisited.SynchSystemModulesManager.synchronizeManagerToNameToInfoPythonpath(SynchSystemModulesManager.java:391)
	at org.python.pydev.editor.codecompletion.revisited.SynchSystemModulesManagerScheduler$SynchJob.run(SynchSystemModulesManagerScheduler.java:226)
	at org.eclipse.core.internal.jobs.Worker.run(Worker.java:53)

!ENTRY org.python.pydev.shared_core 4 4 2014-01-28 12:55:50.096
!MESSAGE /Users/yair/Library/Enthought/Canopy_64bit/User/lib/python2.7/site-packages/pandas/core/__init__.py (No such file or directory)
!STACK 0
java.io.FileNotFoundException: /Users/yair/Library/Enthought/Canopy_64bit/User/lib/python2.7/site-packages/pandas/core/__init__.py (No such file or directory)
	at java.io.FileInputStream.open(Native Method)
	at java.io.FileInputStream.<init>(FileInputStream.java:146)
	at org.python.pydev.core.FileUtilsFileBuffer.getCustomReturnFromFile(FileUtilsFileBuffer.java:170)
	at com.python.pydev.analysis.additionalinfo.AbstractAdditionalTokensInfo.addAstInfo(AbstractAdditionalTokensInfo.java:281)
	at com.python.pydev.analysis.additionalinfo.AbstractAdditionalDependencyInfo.updateKeysIfNeededAndSave(AbstractAdditionalDependencyInfo.java:193)
	at com.python.pydev.analysis.system_info_builder.InterpreterInfoBuilder.synchInfoToPythonPath(InterpreterInfoBuilder.java:91)
	at org.python.pydev.editor.codecompletion.revisited.SynchSystemModulesManager.synchronizeManagerToNameToInfoPythonpath(SynchSystemModulesManager.java:391)
	at org.python.pydev.editor.codecompletion.revisited.SynchSystemModulesManagerScheduler$SynchJob.run(SynchSystemModulesManagerScheduler.java:226)
	at org.eclipse.core.internal.jobs.Worker.run(Worker.java:53)

!ENTRY org.python.pydev.shared_core 4 4 2014-01-28 12:55:50.423
!MESSAGE /Users/yair/Library/Enthought/Canopy_64bit/User/lib/python2.7/site-packages/pandas/core/api.py (No such file or directory)
!STACK 0
java.io.FileNotFoundException: /Users/yair/Library/Enthought/Canopy_64bit/User/lib/python2.7/site-packages/pandas/core/api.py (No such file or directory)
	at java.io.FileInputStream.open(Native Method)
	at java.io.FileInputStream.<init>(FileInputStream.java:146)
	at org.python.pydev.core.FileUtilsFileBuffer.getCustomReturnFromFile(FileUtilsFileBuffer.java:170)
	at com.python.pydev.analysis.additionalinfo.AbstractAdditionalTokensInfo.addAstInfo(AbstractAdditionalTokensInfo.java:281)
	at com.python.pydev.analysis.additionalinfo.AbstractAdditionalDependencyInfo.updateKeysIfNeededAndSave(AbstractAdditionalDependencyInfo.java:193)
	at com.python.pydev.analysis.system_info_builder.InterpreterInfoBuilder.synchInfoToPythonPath(InterpreterInfoBuilder.java:91)
	at org.python.pydev.editor.codecompletion.revisited.SynchSystemModulesManager.synchronizeManagerToNameToInfoPythonpath(SynchSystemModulesManager.java:391)
	at org.python.pydev.editor.codecompletion.revisited.SynchSystemModulesManagerScheduler$SynchJob.run(SynchSystemModulesManagerScheduler.java:226)
	at org.eclipse.core.internal.jobs.Worker.run(Worker.java:53)

!ENTRY org.python.pydev.shared_core 4 4 2014-01-28 12:55:50.561
!MESSAGE /Users/yair/Library/Enthought/Canopy_64bit/User/lib/python2.7/site-packages/pandas/core/base.py (No such file or directory)
!STACK 0
java.io.FileNotFoundException: /Users/yair/Library/Enthought/Canopy_64bit/User/lib/python2.7/site-packages/pandas/core/base.py (No such file or directory)
	at java.io.FileInputStream.open(Native Method)
	at java.io.FileInputStream.<init>(FileInputStream.java:146)
	at org.python.pydev.core.FileUtilsFileBuffer.getCustomReturnFromFile(FileUtilsFileBuffer.java:170)
	at com.python.pydev.analysis.additionalinfo.AbstractAdditionalTokensInfo.addAstInfo(AbstractAdditionalTokensInfo.java:281)
	at com.python.pydev.analysis.additionalinfo.AbstractAdditionalDependencyInfo.updateKeysIfNeededAndSave(AbstractAdditionalDependencyInfo.java:193)
	at com.python.pydev.analysis.system_info_builder.InterpreterInfoBuilder.synchInfoToPythonPath(InterpreterInfoBuilder.java:91)
	at org.python.pydev.editor.codecompletion.revisited.SynchSystemModulesManager.synchronizeManagerToNameToInfoPythonpath(SynchSystemModulesManager.java:391)
	at org.python.pydev.editor.codecompletion.revisited.SynchSystemModulesManagerScheduler$SynchJob.run(SynchSystemModulesManagerScheduler.java:226)
	at org.eclipse.core.internal.jobs.Worker.run(Worker.java:53)

!ENTRY org.python.pydev.shared_core 4 4 2014-01-28 12:55:50.795
!MESSAGE /Users/yair/Library/Enthought/Canopy_64bit/User/lib/python2.7/site-packages/pandas/core/config_init.py (No such file or directory)
!STACK 0
java.io.FileNotFoundException: /Users/yair/Library/Enthought/Canopy_64bit/User/lib/python2.7/site-packages/pandas/core/config_init.py (No such file or directory)
	at java.io.FileInputStream.open(Native Method)
	at java.io.FileInputStream.<init>(FileInputStream.java:146)
	at org.python.pydev.core.FileUtilsFileBuffer.getCustomReturnFromFile(FileUtilsFileBuffer.java:170)
	at com.python.pydev.analysis.additionalinfo.AbstractAdditionalTokensInfo.addAstInfo(AbstractAdditionalTokensInfo.java:281)
	at com.python.pydev.analysis.additionalinfo.AbstractAdditionalDependencyInfo.updateKeysIfNeededAndSave(AbstractAdditionalDependencyInfo.java:193)
	at com.python.pydev.analysis.system_info_builder.InterpreterInfoBuilder.synchInfoToPythonPath(InterpreterInfoBuilder.java:91)
	at org.python.pydev.editor.codecompletion.revisited.SynchSystemModulesManager.synchronizeManagerToNameToInfoPythonpath(SynchSystemModulesManager.java:391)
	at org.python.pydev.editor.codecompletion.revisited.SynchSystemModulesManagerScheduler$SynchJob.run(SynchSystemModulesManagerScheduler.java:226)
	at org.eclipse.core.internal.jobs.Worker.run(Worker.java:53)

!ENTRY org.python.pydev.shared_core 4 4 2014-01-28 12:55:50.824
!MESSAGE /Users/yair/Library/Enthought/Canopy_64bit/User/lib/python2.7/site-packages/pandas/core/generic.py (No such file or directory)
!STACK 0
java.io.FileNotFoundException: /Users/yair/Library/Enthought/Canopy_64bit/User/lib/python2.7/site-packages/pandas/core/generic.py (No such file or directory)
	at java.io.FileInputStream.open(Native Method)
	at java.io.FileInputStream.<init>(FileInputStream.java:146)
	at org.python.pydev.core.FileUtilsFileBuffer.getCustomReturnFromFile(FileUtilsFileBuffer.java:170)
	at com.python.pydev.analysis.additionalinfo.AbstractAdditionalTokensInfo.addAstInfo(AbstractAdditionalTokensInfo.java:281)
	at com.python.pydev.analysis.additionalinfo.AbstractAdditionalDependencyInfo.updateKeysIfNeededAndSave(AbstractAdditionalDependencyInfo.java:193)
	at com.python.pydev.analysis.system_info_builder.InterpreterInfoBuilder.synchInfoToPythonPath(InterpreterInfoBuilder.java:91)
	at org.python.pydev.editor.codecompletion.revisited.SynchSystemModulesManager.synchronizeManagerToNameToInfoPythonpath(SynchSystemModulesManager.java:391)
	at org.python.pydev.editor.codecompletion.revisited.SynchSystemModulesManagerScheduler$SynchJob.run(SynchSystemModulesManagerScheduler.java:226)
	at org.eclipse.core.internal.jobs.Worker.run(Worker.java:53)

!ENTRY org.python.pydev.shared_core 4 4 2014-01-28 12:55:50.825
!MESSAGE /Users/yair/Library/Enthought/Canopy_64bit/User/lib/python2.7/site-packages/pandas/core/groupby.py (No such file or directory)
!STACK 0
java.io.FileNotFoundException: /Users/yair/Library/Enthought/Canopy_64bit/User/lib/python2.7/site-packages/pandas/core/groupby.py (No such file or directory)
	at java.io.FileInputStream.open(Native Method)
	at java.io.FileInputStream.<init>(FileInputStream.java:146)
	at org.python.pydev.core.FileUtilsFileBuffer.getCustomReturnFromFile(FileUtilsFileBuffer.java:170)
	at com.python.pydev.analysis.additionalinfo.AbstractAdditionalTokensInfo.addAstInfo(AbstractAdditionalTokensInfo.java:281)
	at com.python.pydev.analysis.additionalinfo.AbstractAdditionalDependencyInfo.updateKeysIfNeededAndSave(AbstractAdditionalDependencyInfo.java:193)
	at com.python.pydev.analysis.system_info_builder.InterpreterInfoBuilder.synchInfoToPythonPath(InterpreterInfoBuilder.java:91)
	at org.python.pydev.editor.codecompletion.revisited.SynchSystemModulesManager.synchronizeManagerToNameToInfoPythonpath(SynchSystemModulesManager.java:391)
	at org.python.pydev.editor.codecompletion.revisited.SynchSystemModulesManagerScheduler$SynchJob.run(SynchSystemModulesManagerScheduler.java:226)
	at org.eclipse.core.internal.jobs.Worker.run(Worker.java:53)

!ENTRY org.python.pydev.shared_core 4 4 2014-01-28 12:55:50.915
!MESSAGE /Users/yair/Library/Enthought/Canopy_64bit/User/lib/python2.7/site-packages/pandas/core/series.py (No such file or directory)
!STACK 0
java.io.FileNotFoundException: /Users/yair/Library/Enthought/Canopy_64bit/User/lib/python2.7/site-packages/pandas/core/series.py (No such file or directory)
	at java.io.FileInputStream.open(Native Method)
	at java.io.FileInputStream.<init>(FileInputStream.java:146)
	at org.python.pydev.core.FileUtilsFileBuffer.getCustomReturnFromFile(FileUtilsFileBuffer.java:170)
	at com.python.pydev.analysis.additionalinfo.AbstractAdditionalTokensInfo.addAstInfo(AbstractAdditionalTokensInfo.java:281)
	at com.python.pydev.analysis.additionalinfo.AbstractAdditionalDependencyInfo.updateKeysIfNeededAndSave(AbstractAdditionalDependencyInfo.java:193)
	at com.python.pydev.analysis.system_info_builder.InterpreterInfoBuilder.synchInfoToPythonPath(InterpreterInfoBuilder.java:91)
	at org.python.pydev.editor.codecompletion.revisited.SynchSystemModulesManager.synchronizeManagerToNameToInfoPythonpath(SynchSystemModulesManager.java:391)
	at org.python.pydev.editor.codecompletion.revisited.SynchSystemModulesManagerScheduler$SynchJob.run(SynchSystemModulesManagerScheduler.java:226)
	at org.eclipse.core.internal.jobs.Worker.run(Worker.java:53)

!ENTRY org.python.pydev.shared_core 4 4 2014-01-28 12:55:50.916
!MESSAGE /Users/yair/Library/Enthought/Canopy_64bit/User/lib/python2.7/site-packages/pandas/core/sparse.py (No such file or directory)
!STACK 0
java.io.FileNotFoundException: /Users/yair/Library/Enthought/Canopy_64bit/User/lib/python2.7/site-packages/pandas/core/sparse.py (No such file or directory)
	at java.io.FileInputStream.open(Native Method)
	at java.io.FileInputStream.<init>(FileInputStream.java:146)
	at org.python.pydev.core.FileUtilsFileBuffer.getCustomReturnFromFile(FileUtilsFileBuffer.java:170)
	at com.python.pydev.analysis.additionalinfo.AbstractAdditionalTokensInfo.addAstInfo(AbstractAdditionalTokensInfo.java:281)
	at com.python.pydev.analysis.additionalinfo.AbstractAdditionalDependencyInfo.updateKeysIfNeededAndSave(AbstractAdditionalDependencyInfo.java:193)
	at com.python.pydev.analysis.system_info_builder.InterpreterInfoBuilder.synchInfoToPythonPath(InterpreterInfoBuilder.java:91)
	at org.python.pydev.editor.codecompletion.revisited.SynchSystemModulesManager.synchronizeManagerToNameToInfoPythonpath(SynchSystemModulesManager.java:391)
	at org.python.pydev.editor.codecompletion.revisited.SynchSystemModulesManagerScheduler$SynchJob.run(SynchSystemModulesManagerScheduler.java:226)
	at org.eclipse.core.internal.jobs.Worker.run(Worker.java:53)

!ENTRY org.python.pydev.shared_core 4 4 2014-01-28 12:55:51.041
!MESSAGE /Users/yair/Library/Enthought/Canopy_64bit/User/lib/python2.7/site-packages/pandas/info.py (No such file or directory)
!STACK 0
java.io.FileNotFoundException: /Users/yair/Library/Enthought/Canopy_64bit/User/lib/python2.7/site-packages/pandas/info.py (No such file or directory)
	at java.io.FileInputStream.open(Native Method)
	at java.io.FileInputStream.<init>(FileInputStream.java:146)
	at org.python.pydev.core.FileUtilsFileBuffer.getCustomReturnFromFile(FileUtilsFileBuffer.java:170)
	at com.python.pydev.analysis.additionalinfo.AbstractAdditionalTokensInfo.addAstInfo(AbstractAdditionalTokensInfo.java:281)
	at com.python.pydev.analysis.additionalinfo.AbstractAdditionalDependencyInfo.updateKeysIfNeededAndSave(AbstractAdditionalDependencyInfo.java:193)
	at com.python.pydev.analysis.system_info_builder.InterpreterInfoBuilder.synchInfoToPythonPath(InterpreterInfoBuilder.java:91)
	at org.python.pydev.editor.codecompletion.revisited.SynchSystemModulesManager.synchronizeManagerToNameToInfoPythonpath(SynchSystemModulesManager.java:391)
	at org.python.pydev.editor.codecompletion.revisited.SynchSystemModulesManagerScheduler$SynchJob.run(SynchSystemModulesManagerScheduler.java:226)
	at org.eclipse.core.internal.jobs.Worker.run(Worker.java:53)

!ENTRY org.python.pydev.shared_core 4 4 2014-01-28 12:55:51.042
!MESSAGE /Users/yair/Library/Enthought/Canopy_64bit/User/lib/python2.7/site-packages/pandas/io/__init__.py (No such file or directory)
!STACK 0
java.io.FileNotFoundException: /Users/yair/Library/Enthought/Canopy_64bit/User/lib/python2.7/site-packages/pandas/io/__init__.py (No such file or directory)
	at java.io.FileInputStream.open(Native Method)
	at java.io.FileInputStream.<init>(FileInputStream.java:146)
	at org.python.pydev.core.FileUtilsFileBuffer.getCustomReturnFromFile(FileUtilsFileBuffer.java:170)
	at com.python.pydev.analysis.additionalinfo.AbstractAdditionalTokensInfo.addAstInfo(AbstractAdditionalTokensInfo.java:281)
	at com.python.pydev.analysis.additionalinfo.AbstractAdditionalDependencyInfo.updateKeysIfNeededAndSave(AbstractAdditionalDependencyInfo.java:193)
	at com.python.pydev.analysis.system_info_builder.InterpreterInfoBuilder.synchInfoToPythonPath(InterpreterInfoBuilder.java:91)
	at org.python.pydev.editor.codecompletion.revisited.SynchSystemModulesManager.synchronizeManagerToNameToInfoPythonpath(SynchSystemModulesManager.java:391)
	at org.python.pydev.editor.codecompletion.revisited.SynchSystemModulesManagerScheduler$SynchJob.run(SynchSystemModulesManagerScheduler.java:226)
	at org.eclipse.core.internal.jobs.Worker.run(Worker.java:53)

!ENTRY org.python.pydev.shared_core 4 4 2014-01-28 12:55:51.042
!MESSAGE /Users/yair/Library/Enthought/Canopy_64bit/User/lib/python2.7/site-packages/pandas/io/api.py (No such file or directory)
!STACK 0
java.io.FileNotFoundException: /Users/yair/Library/Enthought/Canopy_64bit/User/lib/python2.7/site-packages/pandas/io/api.py (No such file or directory)
	at java.io.FileInputStream.open(Native Method)
	at java.io.FileInputStream.<init>(FileInputStream.java:146)
	at org.python.pydev.core.FileUtilsFileBuffer.getCustomReturnFromFile(FileUtilsFileBuffer.java:170)
	at com.python.pydev.analysis.additionalinfo.AbstractAdditionalTokensInfo.addAstInfo(AbstractAdditionalTokensInfo.java:281)
	at com.python.pydev.analysis.additionalinfo.AbstractAdditionalDependencyInfo.updateKeysIfNeededAndSave(AbstractAdditionalDependencyInfo.java:193)
	at com.python.pydev.analysis.system_info_builder.InterpreterInfoBuilder.synchInfoToPythonPath(InterpreterInfoBuilder.java:91)
	at org.python.pydev.editor.codecompletion.revisited.SynchSystemModulesManager.synchronizeManagerToNameToInfoPythonpath(SynchSystemModulesManager.java:391)
	at org.python.pydev.editor.codecompletion.revisited.SynchSystemModulesManagerScheduler$SynchJob.run(SynchSystemModulesManagerScheduler.java:226)
	at org.eclipse.core.internal.jobs.Worker.run(Worker.java:53)

!ENTRY org.python.pydev.shared_core 4 4 2014-01-28 12:55:51.056
!MESSAGE /Users/yair/Library/Enthought/Canopy_64bit/User/lib/python2.7/site-packages/pandas/io/common.py (No such file or directory)
!STACK 0
java.io.FileNotFoundException: /Users/yair/Library/Enthought/Canopy_64bit/User/lib/python2.7/site-packages/pandas/io/common.py (No such file or directory)
	at java.io.FileInputStream.open(Native Method)
	at java.io.FileInputStream.<init>(FileInputStream.java:146)
	at org.python.pydev.core.FileUtilsFileBuffer.getCustomReturnFromFile(FileUtilsFileBuffer.java:170)
	at com.python.pydev.analysis.additionalinfo.AbstractAdditionalTokensInfo.addAstInfo(AbstractAdditionalTokensInfo.java:281)
	at com.python.pydev.analysis.additionalinfo.AbstractAdditionalDependencyInfo.updateKeysIfNeededAndSave(AbstractAdditionalDependencyInfo.java:193)
	at com.python.pydev.analysis.system_info_builder.InterpreterInfoBuilder.synchInfoToPythonPath(InterpreterInfoBuilder.java:91)
	at org.python.pydev.editor.codecompletion.revisited.SynchSystemModulesManager.synchronizeManagerToNameToInfoPythonpath(SynchSystemModulesManager.java:391)
	at org.python.pydev.editor.codecompletion.revisited.SynchSystemModulesManagerScheduler$SynchJob.run(SynchSystemModulesManagerScheduler.java:226)
	at org.eclipse.core.internal.jobs.Worker.run(Worker.java:53)

!ENTRY org.python.pydev.shared_core 4 4 2014-01-28 12:55:51.069
!MESSAGE /Users/yair/Library/Enthought/Canopy_64bit/User/lib/python2.7/site-packages/pandas/io/json.py (No such file or directory)
!STACK 0
java.io.FileNotFoundException: /Users/yair/Library/Enthought/Canopy_64bit/User/lib/python2.7/site-packages/pandas/io/json.py (No such file or directory)
	at java.io.FileInputStream.open(Native Method)
	at java.io.FileInputStream.<init>(FileInputStream.java:146)
	at org.python.pydev.core.FileUtilsFileBuffer.getCustomReturnFromFile(FileUtilsFileBuffer.java:170)
	at com.python.pydev.analysis.additionalinfo.AbstractAdditionalTokensInfo.addAstInfo(AbstractAdditionalTokensInfo.java:281)
	at com.python.pydev.analysis.additionalinfo.AbstractAdditionalDependencyInfo.updateKeysIfNeededAndSave(AbstractAdditionalDependencyInfo.java:193)
	at com.python.pydev.analysis.system_info_builder.InterpreterInfoBuilder.synchInfoToPythonPath(InterpreterInfoBuilder.java:91)
	at org.python.pydev.editor.codecompletion.revisited.SynchSystemModulesManager.synchronizeManagerToNameToInfoPythonpath(SynchSystemModulesManager.java:391)
	at org.python.pydev.editor.codecompletion.revisited.SynchSystemModulesManagerScheduler$SynchJob.run(SynchSystemModulesManagerScheduler.java:226)
	at org.eclipse.core.internal.jobs.Worker.run(Worker.java:53)

!ENTRY org.python.pydev.shared_core 4 4 2014-01-28 12:55:51.079
!MESSAGE /Users/yair/Library/Enthought/Canopy_64bit/User/lib/python2.7/site-packages/pandas/io/parsers.py (No such file or directory)
!STACK 0
java.io.FileNotFoundException: /Users/yair/Library/Enthought/Canopy_64bit/User/lib/python2.7/site-packages/pandas/io/parsers.py (No such file or directory)
	at java.io.FileInputStream.open(Native Method)
	at java.io.FileInputStream.<init>(FileInputStream.java:146)
	at org.python.pydev.core.FileUtilsFileBuffer.getCustomReturnFromFile(FileUtilsFileBuffer.java:170)
	at com.python.pydev.analysis.additionalinfo.AbstractAdditionalTokensInfo.addAstInfo(AbstractAdditionalTokensInfo.java:281)
	at com.python.pydev.analysis.additionalinfo.AbstractAdditionalDependencyInfo.updateKeysIfNeededAndSave(AbstractAdditionalDependencyInfo.java:193)
	at com.python.pydev.analysis.system_info_builder.InterpreterInfoBuilder.synchInfoToPythonPath(InterpreterInfoBuilder.java:91)
	at org.python.pydev.editor.codecompletion.revisited.SynchSystemModulesManager.synchronizeManagerToNameToInfoPythonpath(SynchSystemModulesManager.java:391)
	at org.python.pydev.editor.codecompletion.revisited.SynchSystemModulesManagerScheduler$SynchJob.run(SynchSystemModulesManagerScheduler.java:226)
	at org.eclipse.core.internal.jobs.Worker.run(Worker.java:53)

!ENTRY org.python.pydev.shared_core 4 4 2014-01-28 12:55:51.080
!MESSAGE /Users/yair/Library/Enthought/Canopy_64bit/User/lib/python2.7/site-packages/pandas/io/pickle.py (No such file or directory)
!STACK 0
java.io.FileNotFoundException: /Users/yair/Library/Enthought/Canopy_64bit/User/lib/python2.7/site-packages/pandas/io/pickle.py (No such file or directory)
	at java.io.FileInputStream.open(Native Method)
	at java.io.FileInputStream.<init>(FileInputStream.java:146)
	at org.python.pydev.core.FileUtilsFileBuffer.getCustomReturnFromFile(FileUtilsFileBuffer.java:170)
	at com.python.pydev.analysis.additionalinfo.AbstractAdditionalTokensInfo.addAstInfo(AbstractAdditionalTokensInfo.java:281)
	at com.python.pydev.analysis.additionalinfo.AbstractAdditionalDependencyInfo.updateKeysIfNeededAndSave(AbstractAdditionalDependencyInfo.java:193)
	at com.python.pydev.analysis.system_info_builder.InterpreterInfoBuilder.synchInfoToPythonPath(InterpreterInfoBuilder.java:91)
	at org.python.pydev.editor.codecompletion.revisited.SynchSystemModulesManager.synchronizeManagerToNameToInfoPythonpath(SynchSystemModulesManager.java:391)
	at org.python.pydev.editor.codecompletion.revisited.SynchSystemModulesManagerScheduler$SynchJob.run(SynchSystemModulesManagerScheduler.java:226)
	at org.eclipse.core.internal.jobs.Worker.run(Worker.java:53)

!ENTRY org.python.pydev.shared_core 4 4 2014-01-28 12:55:51.081
!MESSAGE /Users/yair/Library/Enthought/Canopy_64bit/User/lib/python2.7/site-packages/pandas/io/pytables.py (No such file or directory)
!STACK 0
java.io.FileNotFoundException: /Users/yair/Library/Enthought/Canopy_64bit/User/lib/python2.7/site-packages/pandas/io/pytables.py (No such file or directory)
	at java.io.FileInputStream.open(Native Method)
	at java.io.FileInputStream.<init>(FileInputStream.java:146)
	at org.python.pydev.core.FileUtilsFileBuffer.getCustomReturnFromFile(FileUtilsFileBuffer.java:170)
	at com.python.pydev.analysis.additionalinfo.AbstractAdditionalTokensInfo.addAstInfo(AbstractAdditionalTokensInfo.java:281)
	at com.python.pydev.analysis.additionalinfo.AbstractAdditionalDependencyInfo.updateKeysIfNeededAndSave(AbstractAdditionalDependencyInfo.java:193)
	at com.python.pydev.analysis.system_info_builder.InterpreterInfoBuilder.synchInfoToPythonPath(InterpreterInfoBuilder.java:91)
	at org.python.pydev.editor.codecompletion.revisited.SynchSystemModulesManager.synchronizeManagerToNameToInfoPythonpath(SynchSystemModulesManager.java:391)
	at org.python.pydev.editor.codecompletion.revisited.SynchSystemModulesManagerScheduler$SynchJob.run(SynchSystemModulesManagerScheduler.java:226)
	at org.eclipse.core.internal.jobs.Worker.run(Worker.java:53)

!ENTRY org.python.pydev.shared_core 4 4 2014-01-28 12:55:51.081
!MESSAGE /Users/yair/Library/Enthought/Canopy_64bit/User/lib/python2.7/site-packages/pandas/io/sql.py (No such file or directory)
!STACK 0
java.io.FileNotFoundException: /Users/yair/Library/Enthought/Canopy_64bit/User/lib/python2.7/site-packages/pandas/io/sql.py (No such file or directory)
	at java.io.FileInputStream.open(Native Method)
	at java.io.FileInputStream.<init>(FileInputStream.java:146)
	at org.python.pydev.core.FileUtilsFileBuffer.getCustomReturnFromFile(FileUtilsFileBuffer.java:170)
	at com.python.pydev.analysis.additionalinfo.AbstractAdditionalTokensInfo.addAstInfo(AbstractAdditionalTokensInfo.java:281)
	at com.python.pydev.analysis.additionalinfo.AbstractAdditionalDependencyInfo.updateKeysIfNeededAndSave(AbstractAdditionalDependencyInfo.java:193)
	at com.python.pydev.analysis.system_info_builder.InterpreterInfoBuilder.synchInfoToPythonPath(InterpreterInfoBuilder.java:91)
	at org.python.pydev.editor.codecompletion.revisited.SynchSystemModulesManager.synchronizeManagerToNameToInfoPythonpath(SynchSystemModulesManager.java:391)
	at org.python.pydev.editor.codecompletion.revisited.SynchSystemModulesManagerScheduler$SynchJob.run(SynchSystemModulesManagerScheduler.java:226)
	at org.eclipse.core.internal.jobs.Worker.run(Worker.java:53)

!ENTRY org.python.pydev.shared_core 4 4 2014-01-28 12:55:51.082
!MESSAGE /Users/yair/Library/Enthought/Canopy_64bit/User/lib/python2.7/site-packages/pandas/io/stata.py (No such file or directory)
!STACK 0
java.io.FileNotFoundException: /Users/yair/Library/Enthought/Canopy_64bit/User/lib/python2.7/site-packages/pandas/io/stata.py (No such file or directory)
	at java.io.FileInputStream.open(Native Method)
	at java.io.FileInputStream.<init>(FileInputStream.java:146)
	at org.python.pydev.core.FileUtilsFileBuffer.getCustomReturnFromFile(FileUtilsFileBuffer.java:170)
	at com.python.pydev.analysis.additionalinfo.AbstractAdditionalTokensInfo.addAstInfo(AbstractAdditionalTokensInfo.java:281)
	at com.python.pydev.analysis.additionalinfo.AbstractAdditionalDependencyInfo.updateKeysIfNeededAndSave(AbstractAdditionalDependencyInfo.java:193)
	at com.python.pydev.analysis.system_info_builder.InterpreterInfoBuilder.synchInfoToPythonPath(InterpreterInfoBuilder.java:91)
	at org.python.pydev.editor.codecompletion.revisited.SynchSystemModulesManager.synchronizeManagerToNameToInfoPythonpath(SynchSystemModulesManager.java:391)
	at org.python.pydev.editor.codecompletion.revisited.SynchSystemModulesManagerScheduler$SynchJob.run(SynchSystemModulesManagerScheduler.java:226)
	at org.eclipse.core.internal.jobs.Worker.run(Worker.java:53)

!ENTRY org.python.pydev.shared_core 4 4 2014-01-28 12:55:51.083
!MESSAGE /Users/yair/Library/Enthought/Canopy_64bit/User/lib/python2.7/site-packages/pandas/io/tests/generate_legacy_pickles.py (No such file or directory)
!STACK 0
java.io.FileNotFoundException: /Users/yair/Library/Enthought/Canopy_64bit/User/lib/python2.7/site-packages/pandas/io/tests/generate_legacy_pickles.py (No such file or directory)
	at java.io.FileInputStream.open(Native Method)
	at java.io.FileInputStream.<init>(FileInputStream.java:146)
	at org.python.pydev.core.FileUtilsFileBuffer.getCustomReturnFromFile(FileUtilsFileBuffer.java:170)
	at com.python.pydev.analysis.additionalinfo.AbstractAdditionalTokensInfo.addAstInfo(AbstractAdditionalTokensInfo.java:281)
	at com.python.pydev.analysis.additionalinfo.AbstractAdditionalDependencyInfo.updateKeysIfNeededAndSave(AbstractAdditionalDependencyInfo.java:193)
	at com.python.pydev.analysis.system_info_builder.InterpreterInfoBuilder.synchInfoToPythonPath(InterpreterInfoBuilder.java:91)
	at org.python.pydev.editor.codecompletion.revisited.SynchSystemModulesManager.synchronizeManagerToNameToInfoPythonpath(SynchSystemModulesManager.java:391)
	at org.python.pydev.editor.codecompletion.revisited.SynchSystemModulesManagerScheduler$SynchJob.run(SynchSystemModulesManagerScheduler.java:226)
	at org.eclipse.core.internal.jobs.Worker.run(Worker.java:53)

!ENTRY org.python.pydev.shared_core 4 4 2014-01-28 12:55:51.098
!MESSAGE /Users/yair/Library/Enthought/Canopy_64bit/User/lib/python2.7/site-packages/pandas/io/tests/test_date_converters.py (No such file or directory)
!STACK 0
java.io.FileNotFoundException: /Users/yair/Library/Enthought/Canopy_64bit/User/lib/python2.7/site-packages/pandas/io/tests/test_date_converters.py (No such file or directory)
	at java.io.FileInputStream.open(Native Method)
	at java.io.FileInputStream.<init>(FileInputStream.java:146)
	at org.python.pydev.core.FileUtilsFileBuffer.getCustomReturnFromFile(FileUtilsFileBuffer.java:170)
	at com.python.pydev.analysis.additionalinfo.AbstractAdditionalTokensInfo.addAstInfo(AbstractAdditionalTokensInfo.java:281)
	at com.python.pydev.analysis.additionalinfo.AbstractAdditionalDependencyInfo.updateKeysIfNeededAndSave(AbstractAdditionalDependencyInfo.java:193)
	at com.python.pydev.analysis.system_info_builder.InterpreterInfoBuilder.synchInfoToPythonPath(InterpreterInfoBuilder.java:91)
	at org.python.pydev.editor.codecompletion.revisited.SynchSystemModulesManager.synchronizeManagerToNameToInfoPythonpath(SynchSystemModulesManager.java:391)
	at org.python.pydev.editor.codecompletion.revisited.SynchSystemModulesManagerScheduler$SynchJob.run(SynchSystemModulesManagerScheduler.java:226)
	at org.eclipse.core.internal.jobs.Worker.run(Worker.java:53)

!ENTRY org.python.pydev.shared_core 4 4 2014-01-28 12:55:51.104
!MESSAGE /Users/yair/Library/Enthought/Canopy_64bit/User/lib/python2.7/site-packages/pandas/io/tests/test_html.py (No such file or directory)
!STACK 0
java.io.FileNotFoundException: /Users/yair/Library/Enthought/Canopy_64bit/User/lib/python2.7/site-packages/pandas/io/tests/test_html.py (No such file or directory)
	at java.io.FileInputStream.open(Native Method)
	at java.io.FileInputStream.<init>(FileInputStream.java:146)
	at org.python.pydev.core.FileUtilsFileBuffer.getCustomReturnFromFile(FileUtilsFileBuffer.java:170)
	at com.python.pydev.analysis.additionalinfo.AbstractAdditionalTokensInfo.addAstInfo(AbstractAdditionalTokensInfo.java:281)
	at com.python.pydev.analysis.additionalinfo.AbstractAdditionalDependencyInfo.updateKeysIfNeededAndSave(AbstractAdditionalDependencyInfo.java:193)
	at com.python.pydev.analysis.system_info_builder.InterpreterInfoBuilder.synchInfoToPythonPath(InterpreterInfoBuilder.java:91)
	at org.python.pydev.editor.codecompletion.revisited.SynchSystemModulesManager.synchronizeManagerToNameToInfoPythonpath(SynchSystemModulesManager.java:391)
	at org.python.pydev.editor.codecompletion.revisited.SynchSystemModulesManagerScheduler$SynchJob.run(SynchSystemModulesManagerScheduler.java:226)
	at org.eclipse.core.internal.jobs.Worker.run(Worker.java:53)

!ENTRY org.python.pydev.shared_core 4 4 2014-01-28 12:55:51.104
!MESSAGE /Users/yair/Library/Enthought/Canopy_64bit/User/lib/python2.7/site-packages/pandas/io/tests/test_json.py (No such file or directory)
!STACK 0
java.io.FileNotFoundException: /Users/yair/Library/Enthought/Canopy_64bit/User/lib/python2.7/site-packages/pandas/io/tests/test_json.py (No such file or directory)
	at java.io.FileInputStream.open(Native Method)
	at java.io.FileInputStream.<init>(FileInputStream.java:146)
	at org.python.pydev.core.FileUtilsFileBuffer.getCustomReturnFromFile(FileUtilsFileBuffer.java:170)
	at com.python.pydev.analysis.additionalinfo.AbstractAdditionalTokensInfo.addAstInfo(AbstractAdditionalTokensInfo.java:281)
	at com.python.pydev.analysis.additionalinfo.AbstractAdditionalDependencyInfo.updateKeysIfNeededAndSave(AbstractAdditionalDependencyInfo.java:193)
	at com.python.pydev.analysis.system_info_builder.InterpreterInfoBuilder.synchInfoToPythonPath(InterpreterInfoBuilder.java:91)
	at org.python.pydev.editor.codecompletion.revisited.SynchSystemModulesManager.synchronizeManagerToNameToInfoPythonpath(SynchSystemModulesManager.java:391)
	at org.python.pydev.editor.codecompletion.revisited.SynchSystemModulesManagerScheduler$SynchJob.run(SynchSystemModulesManagerScheduler.java:226)
	at org.eclipse.core.internal.jobs.Worker.run(Worker.java:53)

!ENTRY org.python.pydev.shared_core 4 4 2014-01-28 12:55:51.105
!MESSAGE /Users/yair/Library/Enthought/Canopy_64bit/User/lib/python2.7/site-packages/pandas/io/tests/test_json/test_pandas.py (No such file or directory)
!STACK 0
java.io.FileNotFoundException: /Users/yair/Library/Enthought/Canopy_64bit/User/lib/python2.7/site-packages/pandas/io/tests/test_json/test_pandas.py (No such file or directory)
	at java.io.FileInputStream.open(Native Method)
	at java.io.FileInputStream.<init>(FileInputStream.java:146)
	at org.python.pydev.core.FileUtilsFileBuffer.getCustomReturnFromFile(FileUtilsFileBuffer.java:170)
	at com.python.pydev.analysis.additionalinfo.AbstractAdditionalTokensInfo.addAstInfo(AbstractAdditionalTokensInfo.java:281)
	at com.python.pydev.analysis.additionalinfo.AbstractAdditionalDependencyInfo.updateKeysIfNeededAndSave(AbstractAdditionalDependencyInfo.java:193)
	at com.python.pydev.analysis.system_info_builder.InterpreterInfoBuilder.synchInfoToPythonPath(InterpreterInfoBuilder.java:91)
	at org.python.pydev.editor.codecompletion.revisited.SynchSystemModulesManager.synchronizeManagerToNameToInfoPythonpath(SynchSystemModulesManager.java:391)
	at org.python.pydev.editor.codecompletion.revisited.SynchSystemModulesManagerScheduler$SynchJob.run(SynchSystemModulesManagerScheduler.java:226)
	at org.eclipse.core.internal.jobs.Worker.run(Worker.java:53)

!ENTRY org.python.pydev.shared_core 4 4 2014-01-28 12:55:51.379
!MESSAGE /Users/yair/Library/Enthought/Canopy_64bit/User/lib/python2.7/site-packages/pandas/rpy/__init__.py (No such file or directory)
!STACK 0
java.io.FileNotFoundException: /Users/yair/Library/Enthought/Canopy_64bit/User/lib/python2.7/site-packages/pandas/rpy/__init__.py (No such file or directory)
	at java.io.FileInputStream.open(Native Method)
	at java.io.FileInputStream.<init>(FileInputStream.java:146)
	at org.python.pydev.core.FileUtilsFileBuffer.getCustomReturnFromFile(FileUtilsFileBuffer.java:170)
	at com.python.pydev.analysis.additionalinfo.AbstractAdditionalTokensInfo.addAstInfo(AbstractAdditionalTokensInfo.java:281)
	at com.python.pydev.analysis.additionalinfo.AbstractAdditionalDependencyInfo.updateKeysIfNeededAndSave(AbstractAdditionalDependencyInfo.java:193)
	at com.python.pydev.analysis.system_info_builder.InterpreterInfoBuilder.synchInfoToPythonPath(InterpreterInfoBuilder.java:91)
	at org.python.pydev.editor.codecompletion.revisited.SynchSystemModulesManager.synchronizeManagerToNameToInfoPythonpath(SynchSystemModulesManager.java:391)
	at org.python.pydev.editor.codecompletion.revisited.SynchSystemModulesManagerScheduler$SynchJob.run(SynchSystemModulesManagerScheduler.java:226)
	at org.eclipse.core.internal.jobs.Worker.run(Worker.java:53)

!ENTRY org.python.pydev.shared_core 4 4 2014-01-28 12:55:51.426
!MESSAGE /Users/yair/Library/Enthought/Canopy_64bit/User/lib/python2.7/site-packages/pandas/sparse/api.py (No such file or directory)
!STACK 0
java.io.FileNotFoundException: /Users/yair/Library/Enthought/Canopy_64bit/User/lib/python2.7/site-packages/pandas/sparse/api.py (No such file or directory)
	at java.io.FileInputStream.open(Native Method)
	at java.io.FileInputStream.<init>(FileInputStream.java:146)
	at org.python.pydev.core.FileUtilsFileBuffer.getCustomReturnFromFile(FileUtilsFileBuffer.java:170)
	at com.python.pydev.analysis.additionalinfo.AbstractAdditionalTokensInfo.addAstInfo(AbstractAdditionalTokensInfo.java:281)
	at com.python.pydev.analysis.additionalinfo.AbstractAdditionalDependencyInfo.updateKeysIfNeededAndSave(AbstractAdditionalDependencyInfo.java:193)
	at com.python.pydev.analysis.system_info_builder.InterpreterInfoBuilder.synchInfoToPythonPath(InterpreterInfoBuilder.java:91)
	at org.python.pydev.editor.codecompletion.revisited.SynchSystemModulesManager.synchronizeManagerToNameToInfoPythonpath(SynchSystemModulesManager.java:391)
	at org.python.pydev.editor.codecompletion.revisited.SynchSystemModulesManagerScheduler$SynchJob.run(SynchSystemModulesManagerScheduler.java:226)
	at org.eclipse.core.internal.jobs.Worker.run(Worker.java:53)

!ENTRY org.python.pydev.shared_core 4 4 2014-01-28 12:55:51.493
!MESSAGE /Users/yair/Library/Enthought/Canopy_64bit/User/lib/python2.7/site-packages/pandas/sparse/panel.py (No such file or directory)
!STACK 0
java.io.FileNotFoundException: /Users/yair/Library/Enthought/Canopy_64bit/User/lib/python2.7/site-packages/pandas/sparse/panel.py (No such file or directory)
	at java.io.FileInputStream.open(Native Method)
	at java.io.FileInputStream.<init>(FileInputStream.java:146)
	at org.python.pydev.core.FileUtilsFileBuffer.getCustomReturnFromFile(FileUtilsFileBuffer.java:170)
	at com.python.pydev.analysis.additionalinfo.AbstractAdditionalTokensInfo.addAstInfo(AbstractAdditionalTokensInfo.java:281)
	at com.python.pydev.analysis.additionalinfo.AbstractAdditionalDependencyInfo.updateKeysIfNeededAndSave(AbstractAdditionalDependencyInfo.java:193)
	at com.python.pydev.analysis.system_info_builder.InterpreterInfoBuilder.synchInfoToPythonPath(InterpreterInfoBuilder.java:91)
	at org.python.pydev.editor.codecompletion.revisited.SynchSystemModulesManager.synchronizeManagerToNameToInfoPythonpath(SynchSystemModulesManager.java:391)
	at org.python.pydev.editor.codecompletion.revisited.SynchSystemModulesManagerScheduler$SynchJob.run(SynchSystemModulesManagerScheduler.java:226)
	at org.eclipse.core.internal.jobs.Worker.run(Worker.java:53)

!ENTRY org.python.pydev.shared_core 4 4 2014-01-28 12:55:51.521
!MESSAGE /Users/yair/Library/Enthought/Canopy_64bit/User/lib/python2.7/site-packages/pandas/sparse/tests/test_array.py (No such file or directory)
!STACK 0
java.io.FileNotFoundException: /Users/yair/Library/Enthought/Canopy_64bit/User/lib/python2.7/site-packages/pandas/sparse/tests/test_array.py (No such file or directory)
	at java.io.FileInputStream.open(Native Method)
	at java.io.FileInputStream.<init>(FileInputStream.java:146)
	at org.python.pydev.core.FileUtilsFileBuffer.getCustomReturnFromFile(FileUtilsFileBuffer.java:170)
	at com.python.pydev.analysis.additionalinfo.AbstractAdditionalTokensInfo.addAstInfo(AbstractAdditionalTokensInfo.java:281)
	at com.python.pydev.analysis.additionalinfo.AbstractAdditionalDependencyInfo.updateKeysIfNeededAndSave(AbstractAdditionalDependencyInfo.java:193)
	at com.python.pydev.analysis.system_info_builder.InterpreterInfoBuilder.synchInfoToPythonPath(InterpreterInfoBuilder.java:91)
	at org.python.pydev.editor.codecompletion.revisited.SynchSystemModulesManager.synchronizeManagerToNameToInfoPythonpath(SynchSystemModulesManager.java:391)
	at org.python.pydev.editor.codecompletion.revisited.SynchSystemModulesManagerScheduler$SynchJob.run(SynchSystemModulesManagerScheduler.java:226)
	at org.eclipse.core.internal.jobs.Worker.run(Worker.java:53)

!ENTRY org.python.pydev.shared_core 4 4 2014-01-28 12:55:51.524
!MESSAGE /Users/yair/Library/Enthought/Canopy_64bit/User/lib/python2.7/site-packages/pandas/sparse/tests/test_list.py (No such file or directory)
!STACK 0
java.io.FileNotFoundException: /Users/yair/Library/Enthought/Canopy_64bit/User/lib/python2.7/site-packages/pandas/sparse/tests/test_list.py (No such file or directory)
	at java.io.FileInputStream.open(Native Method)
	at java.io.FileInputStream.<init>(FileInputStream.java:146)
	at org.python.pydev.core.FileUtilsFileBuffer.getCustomReturnFromFile(FileUtilsFileBuffer.java:170)
	at com.python.pydev.analysis.additionalinfo.AbstractAdditionalTokensInfo.addAstInfo(AbstractAdditionalTokensInfo.java:281)
	at com.python.pydev.analysis.additionalinfo.AbstractAdditionalDependencyInfo.updateKeysIfNeededAndSave(AbstractAdditionalDependencyInfo.java:193)
	at com.python.pydev.analysis.system_info_builder.InterpreterInfoBuilder.synchInfoToPythonPath(InterpreterInfoBuilder.java:91)
	at org.python.pydev.editor.codecompletion.revisited.SynchSystemModulesManager.synchronizeManagerToNameToInfoPythonpath(SynchSystemModulesManager.java:391)
	at org.python.pydev.editor.codecompletion.revisited.SynchSystemModulesManagerScheduler$SynchJob.run(SynchSystemModulesManagerScheduler.java:226)
	at org.eclipse.core.internal.jobs.Worker.run(Worker.java:53)

!ENTRY org.python.pydev.shared_core 4 4 2014-01-28 12:55:51.571
!MESSAGE /Users/yair/Library/Enthought/Canopy_64bit/User/lib/python2.7/site-packages/pandas/stats/api.py (No such file or directory)
!STACK 0
java.io.FileNotFoundException: /Users/yair/Library/Enthought/Canopy_64bit/User/lib/python2.7/site-packages/pandas/stats/api.py (No such file or directory)
	at java.io.FileInputStream.open(Native Method)
	at java.io.FileInputStream.<init>(FileInputStream.java:146)
	at org.python.pydev.core.FileUtilsFileBuffer.getCustomReturnFromFile(FileUtilsFileBuffer.java:170)
	at com.python.pydev.analysis.additionalinfo.AbstractAdditionalTokensInfo.addAstInfo(AbstractAdditionalTokensInfo.java:281)
	at com.python.pydev.analysis.additionalinfo.AbstractAdditionalDependencyInfo.updateKeysIfNeededAndSave(AbstractAdditionalDependencyInfo.java:193)
	at com.python.pydev.analysis.system_info_builder.InterpreterInfoBuilder.synchInfoToPythonPath(InterpreterInfoBuilder.java:91)
	at org.python.pydev.editor.codecompletion.revisited.SynchSystemModulesManager.synchronizeManagerToNameToInfoPythonpath(SynchSystemModulesManager.java:391)
	at org.python.pydev.editor.codecompletion.revisited.SynchSystemModulesManagerScheduler$SynchJob.run(SynchSystemModulesManagerScheduler.java:226)
	at org.eclipse.core.internal.jobs.Worker.run(Worker.java:53)

!ENTRY org.python.pydev.shared_core 4 4 2014-01-28 12:55:51.572
!MESSAGE /Users/yair/Library/Enthought/Canopy_64bit/User/lib/python2.7/site-packages/pandas/stats/common.py (No such file or directory)
!STACK 0
java.io.FileNotFoundException: /Users/yair/Library/Enthought/Canopy_64bit/User/lib/python2.7/site-packages/pandas/stats/common.py (No such file or directory)
	at java.io.FileInputStream.open(Native Method)
	at java.io.FileInputStream.<init>(FileInputStream.java:146)
	at org.python.pydev.core.FileUtilsFileBuffer.getCustomReturnFromFile(FileUtilsFileBuffer.java:170)
	at com.python.pydev.analysis.additionalinfo.AbstractAdditionalTokensInfo.addAstInfo(AbstractAdditionalTokensInfo.java:281)
	at com.python.pydev.analysis.additionalinfo.AbstractAdditionalDependencyInfo.updateKeysIfNeededAndSave(AbstractAdditionalDependencyInfo.java:193)
	at com.python.pydev.analysis.system_info_builder.InterpreterInfoBuilder.synchInfoToPythonPath(InterpreterInfoBuilder.java:91)
	at org.python.pydev.editor.codecompletion.revisited.SynchSystemModulesManager.synchronizeManagerToNameToInfoPythonpath(SynchSystemModulesManager.java:391)
	at org.python.pydev.editor.codecompletion.revisited.SynchSystemModulesManagerScheduler$SynchJob.run(SynchSystemModulesManagerScheduler.java:226)
	at org.eclipse.core.internal.jobs.Worker.run(Worker.java:53)

!ENTRY org.python.pydev.shared_core 4 4 2014-01-28 12:55:51.616
!MESSAGE /Users/yair/Library/Enthought/Canopy_64bit/User/lib/python2.7/site-packages/pandas/stats/tests/test_fama_macbeth.py (No such file or directory)
!STACK 0
java.io.FileNotFoundException: /Users/yair/Library/Enthought/Canopy_64bit/User/lib/python2.7/site-packages/pandas/stats/tests/test_fama_macbeth.py (No such file or directory)
	at java.io.FileInputStream.open(Native Method)
	at java.io.FileInputStream.<init>(FileInputStream.java:146)
	at org.python.pydev.core.FileUtilsFileBuffer.getCustomReturnFromFile(FileUtilsFileBuffer.java:170)
	at com.python.pydev.analysis.additionalinfo.AbstractAdditionalTokensInfo.addAstInfo(AbstractAdditionalTokensInfo.java:281)
	at com.python.pydev.analysis.additionalinfo.AbstractAdditionalDependencyInfo.updateKeysIfNeededAndSave(AbstractAdditionalDependencyInfo.java:193)
	at com.python.pydev.analysis.system_info_builder.InterpreterInfoBuilder.synchInfoToPythonPath(InterpreterInfoBuilder.java:91)
	at org.python.pydev.editor.codecompletion.revisited.SynchSystemModulesManager.synchronizeManagerToNameToInfoPythonpath(SynchSystemModulesManager.java:391)
	at org.python.pydev.editor.codecompletion.revisited.SynchSystemModulesManagerScheduler$SynchJob.run(SynchSystemModulesManagerScheduler.java:226)
	at org.eclipse.core.internal.jobs.Worker.run(Worker.java:53)

!ENTRY org.python.pydev.shared_core 4 4 2014-01-28 12:55:51.618
!MESSAGE /Users/yair/Library/Enthought/Canopy_64bit/User/lib/python2.7/site-packages/pandas/stats/tests/test_moments.py (No such file or directory)
!STACK 0
java.io.FileNotFoundException: /Users/yair/Library/Enthought/Canopy_64bit/User/lib/python2.7/site-packages/pandas/stats/tests/test_moments.py (No such file or directory)
	at java.io.FileInputStream.open(Native Method)
	at java.io.FileInputStream.<init>(FileInputStream.java:146)
	at org.python.pydev.core.FileUtilsFileBuffer.getCustomReturnFromFile(FileUtilsFileBuffer.java:170)
	at com.python.pydev.analysis.additionalinfo.AbstractAdditionalTokensInfo.addAstInfo(AbstractAdditionalTokensInfo.java:281)
	at com.python.pydev.analysis.additionalinfo.AbstractAdditionalDependencyInfo.updateKeysIfNeededAndSave(AbstractAdditionalDependencyInfo.java:193)
	at com.python.pydev.analysis.system_info_builder.InterpreterInfoBuilder.synchInfoToPythonPath(InterpreterInfoBuilder.java:91)
	at org.python.pydev.editor.codecompletion.revisited.SynchSystemModulesManager.synchronizeManagerToNameToInfoPythonpath(SynchSystemModulesManager.java:391)
	at org.python.pydev.editor.codecompletion.revisited.SynchSystemModulesManagerScheduler$SynchJob.run(SynchSystemModulesManagerScheduler.java:226)
	at org.eclipse.core.internal.jobs.Worker.run(Worker.java:53)

!ENTRY org.python.pydev.shared_core 4 4 2014-01-28 12:55:51.619
!MESSAGE /Users/yair/Library/Enthought/Canopy_64bit/User/lib/python2.7/site-packages/pandas/stats/tests/test_ols.py (No such file or directory)
!STACK 0
java.io.FileNotFoundException: /Users/yair/Library/Enthought/Canopy_64bit/User/lib/python2.7/site-packages/pandas/stats/tests/test_ols.py (No such file or directory)
	at java.io.FileInputStream.open(Native Method)
	at java.io.FileInputStream.<init>(FileInputStream.java:146)
	at org.python.pydev.core.FileUtilsFileBuffer.getCustomReturnFromFile(FileUtilsFileBuffer.java:170)
	at com.python.pydev.analysis.additionalinfo.AbstractAdditionalTokensInfo.addAstInfo(AbstractAdditionalTokensInfo.java:281)
	at com.python.pydev.analysis.additionalinfo.AbstractAdditionalDependencyInfo.updateKeysIfNeededAndSave(AbstractAdditionalDependencyInfo.java:193)
	at com.python.pydev.analysis.system_info_builder.InterpreterInfoBuilder.synchInfoToPythonPath(InterpreterInfoBuilder.java:91)
	at org.python.pydev.editor.codecompletion.revisited.SynchSystemModulesManager.synchronizeManagerToNameToInfoPythonpath(SynchSystemModulesManager.java:391)
	at org.python.pydev.editor.codecompletion.revisited.SynchSystemModulesManagerScheduler$SynchJob.run(SynchSystemModulesManagerScheduler.java:226)
	at org.eclipse.core.internal.jobs.Worker.run(Worker.java:53)

!ENTRY org.python.pydev.shared_core 4 4 2014-01-28 12:55:51.631
!MESSAGE /Users/yair/Library/Enthought/Canopy_64bit/User/lib/python2.7/site-packages/pandas/tests/__init__.py (No such file or directory)
!STACK 0
java.io.FileNotFoundException: /Users/yair/Library/Enthought/Canopy_64bit/User/lib/python2.7/site-packages/pandas/tests/__init__.py (No such file or directory)
	at java.io.FileInputStream.open(Native Method)
	at java.io.FileInputStream.<init>(FileInputStream.java:146)
	at org.python.pydev.core.FileUtilsFileBuffer.getCustomReturnFromFile(FileUtilsFileBuffer.java:170)
	at com.python.pydev.analysis.additionalinfo.AbstractAdditionalTokensInfo.addAstInfo(AbstractAdditionalTokensInfo.java:281)
	at com.python.pydev.analysis.additionalinfo.AbstractAdditionalDependencyInfo.updateKeysIfNeededAndSave(AbstractAdditionalDependencyInfo.java:193)
	at com.python.pydev.analysis.system_info_builder.InterpreterInfoBuilder.synchInfoToPythonPath(InterpreterInfoBuilder.java:91)
	at org.python.pydev.editor.codecompletion.revisited.SynchSystemModulesManager.synchronizeManagerToNameToInfoPythonpath(SynchSystemModulesManager.java:391)
	at org.python.pydev.editor.codecompletion.revisited.SynchSystemModulesManagerScheduler$SynchJob.run(SynchSystemModulesManagerScheduler.java:226)
	at org.eclipse.core.internal.jobs.Worker.run(Worker.java:53)

!ENTRY org.python.pydev.shared_core 4 4 2014-01-28 12:55:51.659
!MESSAGE /Users/yair/Library/Enthought/Canopy_64bit/User/lib/python2.7/site-packages/pandas/tests/test_config.py (No such file or directory)
!STACK 0
java.io.FileNotFoundException: /Users/yair/Library/Enthought/Canopy_64bit/User/lib/python2.7/site-packages/pandas/tests/test_config.py (No such file or directory)
	at java.io.FileInputStream.open(Native Method)
	at java.io.FileInputStream.<init>(FileInputStream.java:146)
	at org.python.pydev.core.FileUtilsFileBuffer.getCustomReturnFromFile(FileUtilsFileBuffer.java:170)
	at com.python.pydev.analysis.additionalinfo.AbstractAdditionalTokensInfo.addAstInfo(AbstractAdditionalTokensInfo.java:281)
	at com.python.pydev.analysis.additionalinfo.AbstractAdditionalDependencyInfo.updateKeysIfNeededAndSave(AbstractAdditionalDependencyInfo.java:193)
	at com.python.pydev.analysis.system_info_builder.InterpreterInfoBuilder.synchInfoToPythonPath(InterpreterInfoBuilder.java:91)
	at org.python.pydev.editor.codecompletion.revisited.SynchSystemModulesManager.synchronizeManagerToNameToInfoPythonpath(SynchSystemModulesManager.java:391)
	at org.python.pydev.editor.codecompletion.revisited.SynchSystemModulesManagerScheduler$SynchJob.run(SynchSystemModulesManagerScheduler.java:226)
	at org.eclipse.core.internal.jobs.Worker.run(Worker.java:53)

!ENTRY org.python.pydev.shared_core 4 4 2014-01-28 12:55:51.659
!MESSAGE /Users/yair/Library/Enthought/Canopy_64bit/User/lib/python2.7/site-packages/pandas/tests/test_expressions.py (No such file or directory)
!STACK 0
java.io.FileNotFoundException: /Users/yair/Library/Enthought/Canopy_64bit/User/lib/python2.7/site-packages/pandas/tests/test_expressions.py (No such file or directory)
	at java.io.FileInputStream.open(Native Method)
	at java.io.FileInputStream.<init>(FileInputStream.java:146)
	at org.python.pydev.core.FileUtilsFileBuffer.getCustomReturnFromFile(FileUtilsFileBuffer.java:170)
	at com.python.pydev.analysis.additionalinfo.AbstractAdditionalTokensInfo.addAstInfo(AbstractAdditionalTokensInfo.java:281)
	at com.python.pydev.analysis.additionalinfo.AbstractAdditionalDependencyInfo.updateKeysIfNeededAndSave(AbstractAdditionalDependencyInfo.java:193)
	at com.python.pydev.analysis.system_info_builder.InterpreterInfoBuilder.synchInfoToPythonPath(InterpreterInfoBuilder.java:91)
	at org.python.pydev.editor.codecompletion.revisited.SynchSystemModulesManager.synchronizeManagerToNameToInfoPythonpath(SynchSystemModulesManager.java:391)
	at org.python.pydev.editor.codecompletion.revisited.SynchSystemModulesManagerScheduler$SynchJob.run(SynchSystemModulesManagerScheduler.java:226)
	at org.eclipse.core.internal.jobs.Worker.run(Worker.java:53)

!ENTRY org.python.pydev.shared_core 4 4 2014-01-28 12:55:51.681
!MESSAGE /Users/yair/Library/Enthought/Canopy_64bit/User/lib/python2.7/site-packages/pandas/tests/test_format.py (No such file or directory)
!STACK 0
java.io.FileNotFoundException: /Users/yair/Library/Enthought/Canopy_64bit/User/lib/python2.7/site-packages/pandas/tests/test_format.py (No such file or directory)
	at java.io.FileInputStream.open(Native Method)
	at java.io.FileInputStream.<init>(FileInputStream.java:146)
	at org.python.pydev.core.FileUtilsFileBuffer.getCustomReturnFromFile(FileUtilsFileBuffer.java:170)
	at com.python.pydev.analysis.additionalinfo.AbstractAdditionalTokensInfo.addAstInfo(AbstractAdditionalTokensInfo.java:281)
	at com.python.pydev.analysis.additionalinfo.AbstractAdditionalDependencyInfo.updateKeysIfNeededAndSave(AbstractAdditionalDependencyInfo.java:193)
	at com.python.pydev.analysis.system_info_builder.InterpreterInfoBuilder.synchInfoToPythonPath(InterpreterInfoBuilder.java:91)
	at org.python.pydev.editor.codecompletion.revisited.SynchSystemModulesManager.synchronizeManagerToNameToInfoPythonpath(SynchSystemModulesManager.java:391)
	at org.python.pydev.editor.codecompletion.revisited.SynchSystemModulesManagerScheduler$SynchJob.run(SynchSystemModulesManagerScheduler.java:226)
	at org.eclipse.core.internal.jobs.Worker.run(Worker.java:53)

!ENTRY org.python.pydev.shared_core 4 4 2014-01-28 12:55:51.889
!MESSAGE /Users/yair/Library/Enthought/Canopy_64bit/User/lib/python2.7/site-packages/pandas/tests/test_indexing.py (No such file or directory)
!STACK 0
java.io.FileNotFoundException: /Users/yair/Library/Enthought/Canopy_64bit/User/lib/python2.7/site-packages/pandas/tests/test_indexing.py (No such file or directory)
	at java.io.FileInputStream.open(Native Method)
	at java.io.FileInputStream.<init>(FileInputStream.java:146)
	at org.python.pydev.core.FileUtilsFileBuffer.getCustomReturnFromFile(FileUtilsFileBuffer.java:170)
	at com.python.pydev.analysis.additionalinfo.AbstractAdditionalTokensInfo.addAstInfo(AbstractAdditionalTokensInfo.java:281)
	at com.python.pydev.analysis.additionalinfo.AbstractAdditionalDependencyInfo.updateKeysIfNeededAndSave(AbstractAdditionalDependencyInfo.java:193)
	at com.python.pydev.analysis.system_info_builder.InterpreterInfoBuilder.synchInfoToPythonPath(InterpreterInfoBuilder.java:91)
	at org.python.pydev.editor.codecompletion.revisited.SynchSystemModulesManager.synchronizeManagerToNameToInfoPythonpath(SynchSystemModulesManager.java:391)
	at org.python.pydev.editor.codecompletion.revisited.SynchSystemModulesManagerScheduler$SynchJob.run(SynchSystemModulesManagerScheduler.java:226)
	at org.eclipse.core.internal.jobs.Worker.run(Worker.java:53)

!ENTRY org.python.pydev.shared_core 4 4 2014-01-28 12:55:52.255
!MESSAGE /Users/yair/Library/Enthought/Canopy_64bit/User/lib/python2.7/site-packages/pandas/tests/test_tseries.py (No such file or directory)
!STACK 0
java.io.FileNotFoundException: /Users/yair/Library/Enthought/Canopy_64bit/User/lib/python2.7/site-packages/pandas/tests/test_tseries.py (No such file or directory)
	at java.io.FileInputStream.open(Native Method)
	at java.io.FileInputStream.<init>(FileInputStream.java:146)
	at org.python.pydev.core.FileUtilsFileBuffer.getCustomReturnFromFile(FileUtilsFileBuffer.java:170)
	at com.python.pydev.analysis.additionalinfo.AbstractAdditionalTokensInfo.addAstInfo(AbstractAdditionalTokensInfo.java:281)
	at com.python.pydev.analysis.additionalinfo.AbstractAdditionalDependencyInfo.updateKeysIfNeededAndSave(AbstractAdditionalDependencyInfo.java:193)
	at com.python.pydev.analysis.system_info_builder.InterpreterInfoBuilder.synchInfoToPythonPath(InterpreterInfoBuilder.java:91)
	at org.python.pydev.editor.codecompletion.revisited.SynchSystemModulesManager.synchronizeManagerToNameToInfoPythonpath(SynchSystemModulesManager.java:391)
	at org.python.pydev.editor.codecompletion.revisited.SynchSystemModulesManagerScheduler$SynchJob.run(SynchSystemModulesManagerScheduler.java:226)
	at org.eclipse.core.internal.jobs.Worker.run(Worker.java:53)

!ENTRY org.python.pydev.shared_core 4 4 2014-01-28 12:55:52.258
!MESSAGE /Users/yair/Library/Enthought/Canopy_64bit/User/lib/python2.7/site-packages/pandas/tools/describe.py (No such file or directory)
!STACK 0
java.io.FileNotFoundException: /Users/yair/Library/Enthought/Canopy_64bit/User/lib/python2.7/site-packages/pandas/tools/describe.py (No such file or directory)
	at java.io.FileInputStream.open(Native Method)
	at java.io.FileInputStream.<init>(FileInputStream.java:146)
	at org.python.pydev.core.FileUtilsFileBuffer.getCustomReturnFromFile(FileUtilsFileBuffer.java:170)
	at com.python.pydev.analysis.additionalinfo.AbstractAdditionalTokensInfo.addAstInfo(AbstractAdditionalTokensInfo.java:281)
	at com.python.pydev.analysis.additionalinfo.AbstractAdditionalDependencyInfo.updateKeysIfNeededAndSave(AbstractAdditionalDependencyInfo.java:193)
	at com.python.pydev.analysis.system_info_builder.InterpreterInfoBuilder.synchInfoToPythonPath(InterpreterInfoBuilder.java:91)
	at org.python.pydev.editor.codecompletion.revisited.SynchSystemModulesManager.synchronizeManagerToNameToInfoPythonpath(SynchSystemModulesManager.java:391)
	at org.python.pydev.editor.codecompletion.revisited.SynchSystemModulesManagerScheduler$SynchJob.run(SynchSystemModulesManagerScheduler.java:226)
	at org.eclipse.core.internal.jobs.Worker.run(Worker.java:53)

!ENTRY org.python.pydev.shared_core 4 4 2014-01-28 12:55:52.342
!MESSAGE /Users/yair/Library/Enthought/Canopy_64bit/User/lib/python2.7/site-packages/pandas/tools/tests/__init__.py (No such file or directory)
!STACK 0
java.io.FileNotFoundException: /Users/yair/Library/Enthought/Canopy_64bit/User/lib/python2.7/site-packages/pandas/tools/tests/__init__.py (No such file or directory)
	at java.io.FileInputStream.open(Native Method)
	at java.io.FileInputStream.<init>(FileInputStream.java:146)
	at org.python.pydev.core.FileUtilsFileBuffer.getCustomReturnFromFile(FileUtilsFileBuffer.java:170)
	at com.python.pydev.analysis.additionalinfo.AbstractAdditionalTokensInfo.addAstInfo(AbstractAdditionalTokensInfo.java:281)
	at com.python.pydev.analysis.additionalinfo.AbstractAdditionalDependencyInfo.updateKeysIfNeededAndSave(AbstractAdditionalDependencyInfo.java:193)
	at com.python.pydev.analysis.system_info_builder.InterpreterInfoBuilder.synchInfoToPythonPath(InterpreterInfoBuilder.java:91)
	at org.python.pydev.editor.codecompletion.revisited.SynchSystemModulesManager.synchronizeManagerToNameToInfoPythonpath(SynchSystemModulesManager.java:391)
	at org.python.pydev.editor.codecompletion.revisited.SynchSystemModulesManagerScheduler$SynchJob.run(SynchSystemModulesManagerScheduler.java:226)
	at org.eclipse.core.internal.jobs.Worker.run(Worker.java:53)

!ENTRY org.python.pydev.shared_core 4 4 2014-01-28 12:55:52.343
!MESSAGE /Users/yair/Library/Enthought/Canopy_64bit/User/lib/python2.7/site-packages/pandas/tools/tests/test_merge.py (No such file or directory)
!STACK 0
java.io.FileNotFoundException: /Users/yair/Library/Enthought/Canopy_64bit/User/lib/python2.7/site-packages/pandas/tools/tests/test_merge.py (No such file or directory)
	at java.io.FileInputStream.open(Native Method)
	at java.io.FileInputStream.<init>(FileInputStream.java:146)
	at org.python.pydev.core.FileUtilsFileBuffer.getCustomReturnFromFile(FileUtilsFileBuffer.java:170)
	at com.python.pydev.analysis.additionalinfo.AbstractAdditionalTokensInfo.addAstInfo(AbstractAdditionalTokensInfo.java:281)
	at com.python.pydev.analysis.additionalinfo.AbstractAdditionalDependencyInfo.updateKeysIfNeededAndSave(AbstractAdditionalDependencyInfo.java:193)
	at com.python.pydev.analysis.system_info_builder.InterpreterInfoBuilder.synchInfoToPythonPath(InterpreterInfoBuilder.java:91)
	at org.python.pydev.editor.codecompletion.revisited.SynchSystemModulesManager.synchronizeManagerToNameToInfoPythonpath(SynchSystemModulesManager.java:391)
	at org.python.pydev.editor.codecompletion.revisited.SynchSystemModulesManagerScheduler$SynchJob.run(SynchSystemModulesManagerScheduler.java:226)
	at org.eclipse.core.internal.jobs.Worker.run(Worker.java:53)

!ENTRY org.python.pydev.shared_core 4 4 2014-01-28 12:55:52.344
!MESSAGE /Users/yair/Library/Enthought/Canopy_64bit/User/lib/python2.7/site-packages/pandas/tools/tests/test_pivot.py (No such file or directory)
!STACK 0
java.io.FileNotFoundException: /Users/yair/Library/Enthought/Canopy_64bit/User/lib/python2.7/site-packages/pandas/tools/tests/test_pivot.py (No such file or directory)
	at java.io.FileInputStream.open(Native Method)
	at java.io.FileInputStream.<init>(FileInputStream.java:146)
	at org.python.pydev.core.FileUtilsFileBuffer.getCustomReturnFromFile(FileUtilsFileBuffer.java:170)
	at com.python.pydev.analysis.additionalinfo.AbstractAdditionalTokensInfo.addAstInfo(AbstractAdditionalTokensInfo.java:281)
	at com.python.pydev.analysis.additionalinfo.AbstractAdditionalDependencyInfo.updateKeysIfNeededAndSave(AbstractAdditionalDependencyInfo.java:193)
	at com.python.pydev.analysis.system_info_builder.InterpreterInfoBuilder.synchInfoToPythonPath(InterpreterInfoBuilder.java:91)
	at org.python.pydev.editor.codecompletion.revisited.SynchSystemModulesManager.synchronizeManagerToNameToInfoPythonpath(SynchSystemModulesManager.java:391)
	at org.python.pydev.editor.codecompletion.revisited.SynchSystemModulesManagerScheduler$SynchJob.run(SynchSystemModulesManagerScheduler.java:226)
	at org.eclipse.core.internal.jobs.Worker.run(Worker.java:53)

!ENTRY org.python.pydev.shared_core 4 4 2014-01-28 12:55:52.441
!MESSAGE /Users/yair/Library/Enthought/Canopy_64bit/User/lib/python2.7/site-packages/pandas/tools/tests/test_util.py (No such file or directory)
!STACK 0
java.io.FileNotFoundException: /Users/yair/Library/Enthought/Canopy_64bit/User/lib/python2.7/site-packages/pandas/tools/tests/test_util.py (No such file or directory)
	at java.io.FileInputStream.open(Native Method)
	at java.io.FileInputStream.<init>(FileInputStream.java:146)
	at org.python.pydev.core.FileUtilsFileBuffer.getCustomReturnFromFile(FileUtilsFileBuffer.java:170)
	at com.python.pydev.analysis.additionalinfo.AbstractAdditionalTokensInfo.addAstInfo(AbstractAdditionalTokensInfo.java:281)
	at com.python.pydev.analysis.additionalinfo.AbstractAdditionalDependencyInfo.updateKeysIfNeededAndSave(AbstractAdditionalDependencyInfo.java:193)
	at com.python.pydev.analysis.system_info_builder.InterpreterInfoBuilder.synchInfoToPythonPath(InterpreterInfoBuilder.java:91)
	at org.python.pydev.editor.codecompletion.revisited.SynchSystemModulesManager.synchronizeManagerToNameToInfoPythonpath(SynchSystemModulesManager.java:391)
	at org.python.pydev.editor.codecompletion.revisited.SynchSystemModulesManagerScheduler$SynchJob.run(SynchSystemModulesManagerScheduler.java:226)
	at org.eclipse.core.internal.jobs.Worker.run(Worker.java:53)

!ENTRY org.python.pydev.shared_core 4 4 2014-01-28 12:55:52.465
!MESSAGE /Users/yair/Library/Enthought/Canopy_64bit/User/lib/python2.7/site-packages/pandas/tseries/__init__.py (No such file or directory)
!STACK 0
java.io.FileNotFoundException: /Users/yair/Library/Enthought/Canopy_64bit/User/lib/python2.7/site-packages/pandas/tseries/__init__.py (No such file or directory)
	at java.io.FileInputStream.open(Native Method)
	at java.io.FileInputStream.<init>(FileInputStream.java:146)
	at org.python.pydev.core.FileUtilsFileBuffer.getCustomReturnFromFile(FileUtilsFileBuffer.java:170)
	at com.python.pydev.analysis.additionalinfo.AbstractAdditionalTokensInfo.addAstInfo(AbstractAdditionalTokensInfo.java:281)
	at com.python.pydev.analysis.additionalinfo.AbstractAdditionalDependencyInfo.updateKeysIfNeededAndSave(AbstractAdditionalDependencyInfo.java:193)
	at com.python.pydev.analysis.system_info_builder.InterpreterInfoBuilder.synchInfoToPythonPath(InterpreterInfoBuilder.java:91)
	at org.python.pydev.editor.codecompletion.revisited.SynchSystemModulesManager.synchronizeManagerToNameToInfoPythonpath(SynchSystemModulesManager.java:391)
	at org.python.pydev.editor.codecompletion.revisited.SynchSystemModulesManagerScheduler$SynchJob.run(SynchSystemModulesManagerScheduler.java:226)
	at org.eclipse.core.internal.jobs.Worker.run(Worker.java:53)

!ENTRY org.python.pydev.shared_core 4 4 2014-01-28 12:55:52.466
!MESSAGE /Users/yair/Library/Enthought/Canopy_64bit/User/lib/python2.7/site-packages/pandas/tseries/api.py (No such file or directory)
!STACK 0
java.io.FileNotFoundException: /Users/yair/Library/Enthought/Canopy_64bit/User/lib/python2.7/site-packages/pandas/tseries/api.py (No such file or directory)
	at java.io.FileInputStream.open(Native Method)
	at java.io.FileInputStream.<init>(FileInputStream.java:146)
	at org.python.pydev.core.FileUtilsFileBuffer.getCustomReturnFromFile(FileUtilsFileBuffer.java:170)
	at com.python.pydev.analysis.additionalinfo.AbstractAdditionalTokensInfo.addAstInfo(AbstractAdditionalTokensInfo.java:281)
	at com.python.pydev.analysis.additionalinfo.AbstractAdditionalDependencyInfo.updateKeysIfNeededAndSave(AbstractAdditionalDependencyInfo.java:193)
	at com.python.pydev.analysis.system_info_builder.InterpreterInfoBuilder.synchInfoToPythonPath(InterpreterInfoBuilder.java:91)
	at org.python.pydev.editor.codecompletion.revisited.SynchSystemModulesManager.synchronizeManagerToNameToInfoPythonpath(SynchSystemModulesManager.java:391)
	at org.python.pydev.editor.codecompletion.revisited.SynchSystemModulesManagerScheduler$SynchJob.run(SynchSystemModulesManagerScheduler.java:226)
	at org.eclipse.core.internal.jobs.Worker.run(Worker.java:53)

!ENTRY org.python.pydev.shared_core 4 4 2014-01-28 12:55:52.473
!MESSAGE /Users/yair/Library/Enthought/Canopy_64bit/User/lib/python2.7/site-packages/pandas/tseries/frequencies.py (No such file or directory)
!STACK 0
java.io.FileNotFoundException: /Users/yair/Library/Enthought/Canopy_64bit/User/lib/python2.7/site-packages/pandas/tseries/frequencies.py (No such file or directory)
	at java.io.FileInputStream.open(Native Method)
	at java.io.FileInputStream.<init>(FileInputStream.java:146)
	at org.python.pydev.core.FileUtilsFileBuffer.getCustomReturnFromFile(FileUtilsFileBuffer.java:170)
	at com.python.pydev.analysis.additionalinfo.AbstractAdditionalTokensInfo.addAstInfo(AbstractAdditionalTokensInfo.java:281)
	at com.python.pydev.analysis.additionalinfo.AbstractAdditionalDependencyInfo.updateKeysIfNeededAndSave(AbstractAdditionalDependencyInfo.java:193)
	at com.python.pydev.analysis.system_info_builder.InterpreterInfoBuilder.synchInfoToPythonPath(InterpreterInfoBuilder.java:91)
	at org.python.pydev.editor.codecompletion.revisited.SynchSystemModulesManager.synchronizeManagerToNameToInfoPythonpath(SynchSystemModulesManager.java:391)
	at org.python.pydev.editor.codecompletion.revisited.SynchSystemModulesManagerScheduler$SynchJob.run(SynchSystemModulesManagerScheduler.java:226)
	at org.eclipse.core.internal.jobs.Worker.run(Worker.java:53)

!ENTRY org.python.pydev.shared_core 4 4 2014-01-28 12:55:52.489
!MESSAGE /Users/yair/Library/Enthought/Canopy_64bit/User/lib/python2.7/site-packages/pandas/tseries/offsets.py (No such file or directory)
!STACK 0
java.io.FileNotFoundException: /Users/yair/Library/Enthought/Canopy_64bit/User/lib/python2.7/site-packages/pandas/tseries/offsets.py (No such file or directory)
	at java.io.FileInputStream.open(Native Method)
	at java.io.FileInputStream.<init>(FileInputStream.java:146)
	at org.python.pydev.core.FileUtilsFileBuffer.getCustomReturnFromFile(FileUtilsFileBuffer.java:170)
	at com.python.pydev.analysis.additionalinfo.AbstractAdditionalTokensInfo.addAstInfo(AbstractAdditionalTokensInfo.java:281)
	at com.python.pydev.analysis.additionalinfo.AbstractAdditionalDependencyInfo.updateKeysIfNeededAndSave(AbstractAdditionalDependencyInfo.java:193)
	at com.python.pydev.analysis.system_info_builder.InterpreterInfoBuilder.synchInfoToPythonPath(InterpreterInfoBuilder.java:91)
	at org.python.pydev.editor.codecompletion.revisited.SynchSystemModulesManager.synchronizeManagerToNameToInfoPythonpath(SynchSystemModulesManager.java:391)
	at org.python.pydev.editor.codecompletion.revisited.SynchSystemModulesManagerScheduler$SynchJob.run(SynchSystemModulesManagerScheduler.java:226)
	at org.eclipse.core.internal.jobs.Worker.run(Worker.java:53)

!ENTRY org.python.pydev.shared_core 4 4 2014-01-28 12:55:52.513
!MESSAGE /Users/yair/Library/Enthought/Canopy_64bit/User/lib/python2.7/site-packages/pandas/tseries/resample.py (No such file or directory)
!STACK 0
java.io.FileNotFoundException: /Users/yair/Library/Enthought/Canopy_64bit/User/lib/python2.7/site-packages/pandas/tseries/resample.py (No such file or directory)
	at java.io.FileInputStream.open(Native Method)
	at java.io.FileInputStream.<init>(FileInputStream.java:146)
	at org.python.pydev.core.FileUtilsFileBuffer.getCustomReturnFromFile(FileUtilsFileBuffer.java:170)
	at com.python.pydev.analysis.additionalinfo.AbstractAdditionalTokensInfo.addAstInfo(AbstractAdditionalTokensInfo.java:281)
	at com.python.pydev.analysis.additionalinfo.AbstractAdditionalDependencyInfo.updateKeysIfNeededAndSave(AbstractAdditionalDependencyInfo.java:193)
	at com.python.pydev.analysis.system_info_builder.InterpreterInfoBuilder.synchInfoToPythonPath(InterpreterInfoBuilder.java:91)
	at org.python.pydev.editor.codecompletion.revisited.SynchSystemModulesManager.synchronizeManagerToNameToInfoPythonpath(SynchSystemModulesManager.java:391)
	at org.python.pydev.editor.codecompletion.revisited.SynchSystemModulesManagerScheduler$SynchJob.run(SynchSystemModulesManagerScheduler.java:226)
	at org.eclipse.core.internal.jobs.Worker.run(Worker.java:53)

!ENTRY org.python.pydev.shared_core 4 4 2014-01-28 13:50:03.377
!MESSAGE java.io.IOException: Cannot run program "/Applications/eclipse/Eclipse.app/Contents/MacOS" (in directory "/Users/yair/Documents/Research/Code/carUnderstanding/mainProject"): error=13, Permission denied
!STACK 0
java.lang.RuntimeException: java.io.IOException: Cannot run program "/Applications/eclipse/Eclipse.app/Contents/MacOS" (in directory "/Users/yair/Documents/Research/Code/carUnderstanding/mainProject"): error=13, Permission denied
	at org.python.pydev.runners.SimpleRunner.run(SimpleRunner.java:308)
	at org.python.pydev.runners.SimpleRunner.runAndGetOutput(SimpleRunner.java:325)
	at org.python.pydev.builder.pylint.PyLintVisitor$PyLintThread.passPyLint(PyLintVisitor.java:231)
	at org.python.pydev.builder.pylint.PyLintVisitor$PyLintThread.run(PyLintVisitor.java:113)
Caused by: java.io.IOException: Cannot run program "/Applications/eclipse/Eclipse.app/Contents/MacOS" (in directory "/Users/yair/Documents/Research/Code/carUnderstanding/mainProject"): error=13, Permission denied
	at java.lang.ProcessBuilder.start(ProcessBuilder.java:1041)
	at java.lang.Runtime.exec(Runtime.java:617)
	at org.python.pydev.shared_core.process.ProcessUtils.createProcess(ProcessUtils.java:98)
	at org.python.pydev.runners.SimpleRunner.createProcess(SimpleRunner.java:49)
	at org.python.pydev.runners.SimpleRunner.run(SimpleRunner.java:306)
	... 3 more
Caused by: java.io.IOException: error=13, Permission denied
	at java.lang.UNIXProcess.forkAndExec(Native Method)
	at java.lang.UNIXProcess.<init>(UNIXProcess.java:135)
	at java.lang.ProcessImpl.start(ProcessImpl.java:130)
	at java.lang.ProcessBuilder.start(ProcessBuilder.java:1022)
	... 7 more

!ENTRY org.python.pydev.shared_core 1 1 2014-01-28 13:50:09.724
!MESSAGE Warning: the cache related to project dependencies is the same for 2.33 minutes.
!STACK 0
java.lang.RuntimeException: Warning: the cache related to project dependencies is the same for 2.33 minutes.
	at org.python.pydev.core.log.Log.logInfo(Log.java:66)
	at org.python.pydev.editor.codecompletion.revisited.ModulesManager$CompletionCache.getManagers(ModulesManager.java:120)
	at org.python.pydev.editor.codecompletion.revisited.ProjectModulesManager.getManagers(ProjectModulesManager.java:330)
	at org.python.pydev.editor.codecompletion.revisited.ProjectModulesManager.getManagersInvolved(ProjectModulesManager.java:452)
	at org.python.pydev.editor.codecompletion.revisited.ProjectModulesManager.getModuleAndRelatedModulesManager(ProjectModulesManager.java:188)
	at org.python.pydev.editor.codecompletion.revisited.ProjectModulesManager.getModule(ProjectModulesManager.java:172)
	at org.python.pydev.editor.codecompletion.revisited.ProjectModulesManager.getModule(ProjectModulesManager.java:158)
	at org.python.pydev.editor.codecompletion.revisited.AbstractASTManager.getModule(AbstractASTManager.java:449)
	at org.python.pydev.editor.codecompletion.revisited.AbstractASTManager.findModuleFromPath(AbstractASTManager.java:1451)
	at org.python.pydev.editor.codecompletion.revisited.AbstractASTManager.findOnImportedMods(AbstractASTManager.java:1342)
	at org.python.pydev.editor.codecompletion.revisited.AbstractASTManager.findOnImportedMods(AbstractASTManager.java:1221)
	at com.python.pydev.analysis.visitors.ImportChecker.visitImportToken(ImportChecker.java:186)
	at com.python.pydev.analysis.visitors.ImportChecker.visitImportToken(ImportChecker.java:167)
	at com.python.pydev.analysis.visitors.Scope.addImportTokens(Scope.java:173)
	at com.python.pydev.analysis.scopeanalysis.AbstractScopeAnalyzerVisitor.visitImport(AbstractScopeAnalyzerVisitor.java:556)
	at org.python.pydev.parser.jython.ast.Import.accept(Import.java:79)
	at org.python.pydev.parser.jython.ast.Module.traverse(Module.java:86)
	at com.python.pydev.analysis.scopeanalysis.AbstractScopeAnalyzerVisitor.traverse(AbstractScopeAnalyzerVisitor.java:193)
	at com.python.pydev.analysis.visitors.OccurrencesVisitor.traverse(OccurrencesVisitor.java:262)
	at org.python.pydev.parser.jython.ast.VisitorBase.visitModule(VisitorBase.java:10)
	at org.python.pydev.parser.jython.ast.Module.accept(Module.java:79)
	at com.python.pydev.analysis.OccurrencesAnalyzer.analyzeDocument(OccurrencesAnalyzer.java:46)
	at com.python.pydev.analysis.builder.AnalysisBuilderRunnable.doAnalysis(AnalysisBuilderRunnable.java:234)
	at com.python.pydev.analysis.builder.AbstractAnalysisBuilderRunnable.run(AbstractAnalysisBuilderRunnable.java:152)
	at org.python.pydev.core.concurrency.RunnableAsJobsPoolThread$1.run(RunnableAsJobsPoolThread.java:140)
	at org.eclipse.core.internal.jobs.Worker.run(Worker.java:53)

!ENTRY org.python.pydev.shared_core 1 1 2014-01-28 13:54:05.373
!MESSAGE Warning: the cache related to project dependencies is the same for 6.25 minutes.
!STACK 0
java.lang.RuntimeException: Warning: the cache related to project dependencies is the same for 6.25 minutes.
	at org.python.pydev.core.log.Log.logInfo(Log.java:66)
	at org.python.pydev.editor.codecompletion.revisited.ModulesManager$CompletionCache.getManagers(ModulesManager.java:120)
	at org.python.pydev.editor.codecompletion.revisited.ProjectModulesManager.getManagers(ProjectModulesManager.java:330)
	at org.python.pydev.editor.codecompletion.revisited.ProjectModulesManager.getManagersInvolved(ProjectModulesManager.java:452)
	at org.python.pydev.editor.codecompletion.revisited.ProjectModulesManager.getModuleAndRelatedModulesManager(ProjectModulesManager.java:188)
	at org.python.pydev.editor.codecompletion.revisited.ProjectModulesManager.getModule(ProjectModulesManager.java:172)
	at org.python.pydev.editor.codecompletion.revisited.ProjectModulesManager.getModule(ProjectModulesManager.java:158)
	at org.python.pydev.editor.codecompletion.revisited.AbstractASTManager.getModule(AbstractASTManager.java:449)
	at org.python.pydev.editor.codecompletion.revisited.AbstractASTManager.findModuleFromPath(AbstractASTManager.java:1451)
	at org.python.pydev.editor.codecompletion.revisited.AbstractASTManager.findOnImportedMods(AbstractASTManager.java:1325)
	at org.python.pydev.editor.codecompletion.revisited.AbstractASTManager.findOnImportedMods(AbstractASTManager.java:1221)
	at com.python.pydev.analysis.visitors.ImportChecker.visitImportToken(ImportChecker.java:186)
	at com.python.pydev.analysis.visitors.ImportChecker.visitImportToken(ImportChecker.java:167)
	at com.python.pydev.analysis.visitors.Scope.addImportTokens(Scope.java:173)
	at com.python.pydev.analysis.scopeanalysis.AbstractScopeAnalyzerVisitor.visitImportFrom(AbstractScopeAnalyzerVisitor.java:581)
	at com.python.pydev.analysis.scopeanalysis.ScopeAnalyzerVisitor.visitImportFrom(ScopeAnalyzerVisitor.java:106)
	at org.python.pydev.parser.jython.ast.ImportFrom.accept(ImportFrom.java:99)
	at org.python.pydev.parser.jython.ast.Module.traverse(Module.java:86)
	at com.python.pydev.analysis.scopeanalysis.AbstractScopeAnalyzerVisitor.traverse(AbstractScopeAnalyzerVisitor.java:193)
	at org.python.pydev.parser.jython.ast.VisitorBase.visitModule(VisitorBase.java:10)
	at org.python.pydev.parser.jython.ast.Module.accept(Module.java:79)
	at com.python.pydev.refactoring.wizards.rename.AbstractRenameRefactorProcess.getOccurrencesWithScopeAnalyzer(AbstractRenameRefactorProcess.java:261)
	at com.python.pydev.refactoring.wizards.rename.PyRenameAnyLocalProcess.getOccurrences(PyRenameAnyLocalProcess.java:52)
	at com.python.pydev.refactoring.wizards.rename.PyRenameAnyLocalProcess.findReferencesToRenameOnLocalScope(PyRenameAnyLocalProcess.java:42)
	at com.python.pydev.refactoring.wizards.rename.AbstractRenameRefactorProcess.findReferencesToRename(AbstractRenameRefactorProcess.java:186)
	at com.python.pydev.refactoring.wizards.rename.PyRenameEntryPoint.checkFinalConditions(PyRenameEntryPoint.java:329)
	at com.python.pydev.refactoring.wizards.rename.PyRenameEntryPoint.checkFinalConditions(PyRenameEntryPoint.java:279)
	at com.python.pydev.refactoring.markoccurrences.MarkOccurrencesJob.checkAnnotations(MarkOccurrencesJob.java:227)
	at com.python.pydev.refactoring.markoccurrences.MarkOccurrencesJob.run(MarkOccurrencesJob.java:126)
	at org.eclipse.core.internal.jobs.Worker.run(Worker.java:53)

!ENTRY org.python.pydev.shared_core 1 1 2014-01-28 13:54:10.730
!MESSAGE Warning: the cache related to project dependencies is the same for 6.34 minutes.
!STACK 0
java.lang.RuntimeException: Warning: the cache related to project dependencies is the same for 6.34 minutes.
	at org.python.pydev.core.log.Log.logInfo(Log.java:66)
	at org.python.pydev.editor.codecompletion.revisited.ModulesManager$CompletionCache.getManagers(ModulesManager.java:120)
	at org.python.pydev.editor.codecompletion.revisited.ProjectModulesManager.getManagers(ProjectModulesManager.java:330)
	at org.python.pydev.editor.codecompletion.revisited.ProjectModulesManager.getManagersInvolved(ProjectModulesManager.java:452)
	at org.python.pydev.editor.codecompletion.revisited.ProjectModulesManager.getModuleAndRelatedModulesManager(ProjectModulesManager.java:188)
	at org.python.pydev.editor.codecompletion.revisited.ProjectModulesManager.getModule(ProjectModulesManager.java:172)
	at org.python.pydev.editor.codecompletion.revisited.ProjectModulesManager.getModule(ProjectModulesManager.java:158)
	at org.python.pydev.editor.codecompletion.revisited.AbstractASTManager.getModule(AbstractASTManager.java:449)
	at org.python.pydev.editor.codecompletion.revisited.AbstractASTManager.findModuleFromPath(AbstractASTManager.java:1451)
	at org.python.pydev.editor.codecompletion.revisited.AbstractASTManager.findOnImportedMods(AbstractASTManager.java:1351)
	at org.python.pydev.editor.codecompletion.revisited.AbstractASTManager.findOnImportedMods(AbstractASTManager.java:1221)
	at com.python.pydev.analysis.visitors.ImportChecker.visitImportToken(ImportChecker.java:186)
	at com.python.pydev.analysis.visitors.ImportChecker.visitImportToken(ImportChecker.java:167)
	at com.python.pydev.analysis.visitors.Scope.addImportTokens(Scope.java:173)
	at com.python.pydev.analysis.scopeanalysis.AbstractScopeAnalyzerVisitor.visitImportFrom(AbstractScopeAnalyzerVisitor.java:581)
	at com.python.pydev.analysis.scopeanalysis.ScopeAnalyzerVisitor.visitImportFrom(ScopeAnalyzerVisitor.java:106)
	at org.python.pydev.parser.jython.ast.ImportFrom.accept(ImportFrom.java:99)
	at org.python.pydev.parser.jython.ast.Module.traverse(Module.java:86)
	at com.python.pydev.analysis.scopeanalysis.AbstractScopeAnalyzerVisitor.traverse(AbstractScopeAnalyzerVisitor.java:193)
	at org.python.pydev.parser.jython.ast.VisitorBase.visitModule(VisitorBase.java:10)
	at org.python.pydev.parser.jython.ast.Module.accept(Module.java:79)
	at com.python.pydev.refactoring.wizards.rename.AbstractRenameRefactorProcess.getOccurrencesWithScopeAnalyzer(AbstractRenameRefactorProcess.java:261)
	at com.python.pydev.refactoring.wizards.rename.PyRenameAnyLocalProcess.getOccurrences(PyRenameAnyLocalProcess.java:52)
	at com.python.pydev.refactoring.wizards.rename.PyRenameAnyLocalProcess.findReferencesToRenameOnLocalScope(PyRenameAnyLocalProcess.java:42)
	at com.python.pydev.refactoring.wizards.rename.AbstractRenameRefactorProcess.findReferencesToRename(AbstractRenameRefactorProcess.java:186)
	at com.python.pydev.refactoring.wizards.rename.PyRenameEntryPoint.checkFinalConditions(PyRenameEntryPoint.java:329)
	at com.python.pydev.refactoring.wizards.rename.PyRenameEntryPoint.checkFinalConditions(PyRenameEntryPoint.java:279)
	at com.python.pydev.refactoring.markoccurrences.MarkOccurrencesJob.checkAnnotations(MarkOccurrencesJob.java:227)
	at com.python.pydev.refactoring.markoccurrences.MarkOccurrencesJob.run(MarkOccurrencesJob.java:126)
	at org.eclipse.core.internal.jobs.Worker.run(Worker.java:53)

!ENTRY org.python.pydev.shared_core 1 1 2014-01-28 13:54:13.866
!MESSAGE Warning: the cache related to project dependencies is the same for 6.40 minutes.
!STACK 0
java.lang.RuntimeException: Warning: the cache related to project dependencies is the same for 6.40 minutes.
	at org.python.pydev.core.log.Log.logInfo(Log.java:66)
	at org.python.pydev.editor.codecompletion.revisited.ModulesManager$CompletionCache.getManagers(ModulesManager.java:120)
	at org.python.pydev.editor.codecompletion.revisited.ProjectModulesManager.getManagers(ProjectModulesManager.java:330)
	at org.python.pydev.editor.codecompletion.revisited.ProjectModulesManager.getManagersInvolved(ProjectModulesManager.java:452)
	at org.python.pydev.editor.codecompletion.revisited.ProjectModulesManager.getModuleAndRelatedModulesManager(ProjectModulesManager.java:188)
	at org.python.pydev.editor.codecompletion.revisited.ProjectModulesManager.getModule(ProjectModulesManager.java:172)
	at org.python.pydev.editor.codecompletion.revisited.ProjectModulesManager.getModule(ProjectModulesManager.java:158)
	at org.python.pydev.editor.codecompletion.revisited.AbstractASTManager.getModule(AbstractASTManager.java:449)
	at org.python.pydev.editor.codecompletion.revisited.AbstractASTManager.findModuleFromPath(AbstractASTManager.java:1451)
	at org.python.pydev.editor.codecompletion.revisited.AbstractASTManager.findOnImportedMods(AbstractASTManager.java:1351)
	at org.python.pydev.editor.codecompletion.revisited.AbstractASTManager.findOnImportedMods(AbstractASTManager.java:1221)
	at com.python.pydev.analysis.visitors.ImportChecker.visitImportToken(ImportChecker.java:186)
	at com.python.pydev.analysis.visitors.ImportChecker.visitImportToken(ImportChecker.java:167)
	at com.python.pydev.analysis.scopeanalysis.ScopeAnalyzerVisitor.visitImportFrom(ScopeAnalyzerVisitor.java:130)
	at org.python.pydev.parser.jython.ast.ImportFrom.accept(ImportFrom.java:99)
	at org.python.pydev.parser.jython.ast.Module.traverse(Module.java:86)
	at com.python.pydev.analysis.scopeanalysis.AbstractScopeAnalyzerVisitor.traverse(AbstractScopeAnalyzerVisitor.java:193)
	at org.python.pydev.parser.jython.ast.VisitorBase.visitModule(VisitorBase.java:10)
	at org.python.pydev.parser.jython.ast.Module.accept(Module.java:79)
	at com.python.pydev.refactoring.wizards.rename.AbstractRenameRefactorProcess.getOccurrencesWithScopeAnalyzer(AbstractRenameRefactorProcess.java:261)
	at com.python.pydev.refactoring.wizards.rename.PyRenameAnyLocalProcess.getOccurrences(PyRenameAnyLocalProcess.java:52)
	at com.python.pydev.refactoring.wizards.rename.PyRenameAnyLocalProcess.findReferencesToRenameOnLocalScope(PyRenameAnyLocalProcess.java:42)
	at com.python.pydev.refactoring.wizards.rename.AbstractRenameRefactorProcess.findReferencesToRename(AbstractRenameRefactorProcess.java:186)
	at com.python.pydev.refactoring.wizards.rename.PyRenameEntryPoint.checkFinalConditions(PyRenameEntryPoint.java:329)
	at com.python.pydev.refactoring.wizards.rename.PyRenameEntryPoint.checkFinalConditions(PyRenameEntryPoint.java:279)
	at com.python.pydev.refactoring.markoccurrences.MarkOccurrencesJob.checkAnnotations(MarkOccurrencesJob.java:227)
	at com.python.pydev.refactoring.markoccurrences.MarkOccurrencesJob.run(MarkOccurrencesJob.java:126)
	at org.eclipse.core.internal.jobs.Worker.run(Worker.java:53)

!ENTRY org.python.pydev.shared_core 1 1 2014-01-28 13:54:17.708
!MESSAGE Warning: the cache related to project dependencies is the same for 6.46 minutes.
!STACK 0
java.lang.RuntimeException: Warning: the cache related to project dependencies is the same for 6.46 minutes.
	at org.python.pydev.core.log.Log.logInfo(Log.java:66)
	at org.python.pydev.editor.codecompletion.revisited.ModulesManager$CompletionCache.getManagers(ModulesManager.java:120)
	at org.python.pydev.editor.codecompletion.revisited.ProjectModulesManager.getManagers(ProjectModulesManager.java:330)
	at org.python.pydev.editor.codecompletion.revisited.ProjectModulesManager.getManagersInvolved(ProjectModulesManager.java:452)
	at org.python.pydev.editor.codecompletion.revisited.ProjectModulesManager.getModuleAndRelatedModulesManager(ProjectModulesManager.java:188)
	at org.python.pydev.editor.codecompletion.revisited.ProjectModulesManager.getModule(ProjectModulesManager.java:172)
	at org.python.pydev.editor.codecompletion.revisited.ProjectModulesManager.getModule(ProjectModulesManager.java:158)
	at org.python.pydev.editor.codecompletion.revisited.AbstractASTManager.getModule(AbstractASTManager.java:449)
	at org.python.pydev.editor.codecompletion.revisited.AbstractASTManager.findModuleFromPath(AbstractASTManager.java:1451)
	at org.python.pydev.editor.codecompletion.revisited.AbstractASTManager.findOnImportedMods(AbstractASTManager.java:1342)
	at org.python.pydev.editor.codecompletion.revisited.AbstractASTManager.findOnImportedMods(AbstractASTManager.java:1221)
	at com.python.pydev.analysis.visitors.ImportChecker.visitImportToken(ImportChecker.java:186)
	at com.python.pydev.analysis.visitors.ImportChecker.visitImportToken(ImportChecker.java:167)
	at com.python.pydev.analysis.visitors.Scope.addImportTokens(Scope.java:173)
	at com.python.pydev.analysis.scopeanalysis.AbstractScopeAnalyzerVisitor.visitImport(AbstractScopeAnalyzerVisitor.java:556)
	at org.python.pydev.parser.jython.ast.Import.accept(Import.java:79)
	at org.python.pydev.parser.jython.ast.Module.traverse(Module.java:86)
	at com.python.pydev.analysis.scopeanalysis.AbstractScopeAnalyzerVisitor.traverse(AbstractScopeAnalyzerVisitor.java:193)
	at org.python.pydev.parser.jython.ast.VisitorBase.visitModule(VisitorBase.java:10)
	at org.python.pydev.parser.jython.ast.Module.accept(Module.java:79)
	at com.python.pydev.refactoring.wizards.rename.AbstractRenameRefactorProcess.getOccurrencesWithScopeAnalyzer(AbstractRenameRefactorProcess.java:261)
	at com.python.pydev.refactoring.wizards.rename.PyRenameAnyLocalProcess.getOccurrences(PyRenameAnyLocalProcess.java:52)
	at com.python.pydev.refactoring.wizards.rename.PyRenameAnyLocalProcess.findReferencesToRenameOnLocalScope(PyRenameAnyLocalProcess.java:42)
	at com.python.pydev.refactoring.wizards.rename.AbstractRenameRefactorProcess.findReferencesToRename(AbstractRenameRefactorProcess.java:186)
	at com.python.pydev.refactoring.wizards.rename.PyRenameEntryPoint.checkFinalConditions(PyRenameEntryPoint.java:329)
	at com.python.pydev.refactoring.wizards.rename.PyRenameEntryPoint.checkFinalConditions(PyRenameEntryPoint.java:279)
	at com.python.pydev.refactoring.markoccurrences.MarkOccurrencesJob.checkAnnotations(MarkOccurrencesJob.java:227)
	at com.python.pydev.refactoring.markoccurrences.MarkOccurrencesJob.run(MarkOccurrencesJob.java:126)
	at org.eclipse.core.internal.jobs.Worker.run(Worker.java:53)

!ENTRY org.python.pydev.shared_core 1 1 2014-01-28 13:54:26.615
!MESSAGE Warning: the cache related to project dependencies is the same for 6.61 minutes.
!STACK 0
java.lang.RuntimeException: Warning: the cache related to project dependencies is the same for 6.61 minutes.
	at org.python.pydev.core.log.Log.logInfo(Log.java:66)
	at org.python.pydev.editor.codecompletion.revisited.ModulesManager$CompletionCache.getManagers(ModulesManager.java:120)
	at org.python.pydev.editor.codecompletion.revisited.ProjectModulesManager.getManagers(ProjectModulesManager.java:330)
	at org.python.pydev.editor.codecompletion.revisited.ProjectModulesManager.getManagersInvolved(ProjectModulesManager.java:452)
	at org.python.pydev.editor.codecompletion.revisited.ProjectModulesManager.resolveModule(ProjectModulesManager.java:262)
	at org.python.pydev.editor.codecompletion.revisited.ProjectModulesManager.resolveModule(ProjectModulesManager.java:255)
	at org.python.pydev.plugin.nature.PythonNature.resolveModule(PythonNature.java:955)
	at org.python.pydev.plugin.nature.AbstractPythonNature.resolveModule(AbstractPythonNature.java:51)
	at org.python.pydev.editor.refactoring.RefactoringRequest.resolveModule(RefactoringRequest.java:168)
	at org.python.pydev.editor.refactoring.RefactoringRequest.<init>(RefactoringRequest.java:132)
	at org.python.pydev.editor.actions.refactoring.PyRefactorAction.createRefactoringRequest(PyRefactorAction.java:110)
	at org.python.pydev.editor.actions.refactoring.PyRefactorAction.getRefactoringRequest(PyRefactorAction.java:94)
	at org.python.pydev.editor.actions.refactoring.PyRefactorAction.getRefactoringRequest(PyRefactorAction.java:78)
	at com.python.pydev.refactoring.markoccurrences.MarkOccurrencesJob.getRefactoringRequest(MarkOccurrencesJob.java:328)
	at com.python.pydev.refactoring.markoccurrences.MarkOccurrencesJob.checkAnnotations(MarkOccurrencesJob.java:208)
	at com.python.pydev.refactoring.markoccurrences.MarkOccurrencesJob.run(MarkOccurrencesJob.java:126)
	at org.eclipse.core.internal.jobs.Worker.run(Worker.java:53)

!ENTRY org.python.pydev.shared_core 4 4 2014-01-28 13:54:29.531
!MESSAGE java.io.IOException: Cannot run program "/Applications/eclipse/Eclipse.app/Contents/MacOS" (in directory "/Users/yair/Documents/Research/Code/carUnderstanding/mainProject"): error=13, Permission denied
!STACK 0
java.lang.RuntimeException: java.io.IOException: Cannot run program "/Applications/eclipse/Eclipse.app/Contents/MacOS" (in directory "/Users/yair/Documents/Research/Code/carUnderstanding/mainProject"): error=13, Permission denied
	at org.python.pydev.runners.SimpleRunner.run(SimpleRunner.java:308)
	at org.python.pydev.runners.SimpleRunner.runAndGetOutput(SimpleRunner.java:325)
	at org.python.pydev.builder.pylint.PyLintVisitor$PyLintThread.passPyLint(PyLintVisitor.java:231)
	at org.python.pydev.builder.pylint.PyLintVisitor$PyLintThread.run(PyLintVisitor.java:113)
Caused by: java.io.IOException: Cannot run program "/Applications/eclipse/Eclipse.app/Contents/MacOS" (in directory "/Users/yair/Documents/Research/Code/carUnderstanding/mainProject"): error=13, Permission denied
	at java.lang.ProcessBuilder.start(ProcessBuilder.java:1041)
	at java.lang.Runtime.exec(Runtime.java:617)
	at org.python.pydev.shared_core.process.ProcessUtils.createProcess(ProcessUtils.java:98)
	at org.python.pydev.runners.SimpleRunner.createProcess(SimpleRunner.java:49)
	at org.python.pydev.runners.SimpleRunner.run(SimpleRunner.java:306)
	... 3 more
Caused by: java.io.IOException: error=13, Permission denied
	at java.lang.UNIXProcess.forkAndExec(Native Method)
	at java.lang.UNIXProcess.<init>(UNIXProcess.java:135)
	at java.lang.ProcessImpl.start(ProcessImpl.java:130)
	at java.lang.ProcessBuilder.start(ProcessBuilder.java:1022)
	... 7 more

!ENTRY org.python.pydev.shared_core 1 1 2014-01-28 13:54:51.780
!MESSAGE Warning: the cache related to project dependencies is the same for 7.03 minutes.
!STACK 0
java.lang.RuntimeException: Warning: the cache related to project dependencies is the same for 7.03 minutes.
	at org.python.pydev.core.log.Log.logInfo(Log.java:66)
	at org.python.pydev.editor.codecompletion.revisited.ModulesManager$CompletionCache.getManagers(ModulesManager.java:120)
	at org.python.pydev.editor.codecompletion.revisited.ProjectModulesManager.getManagers(ProjectModulesManager.java:330)
	at org.python.pydev.editor.codecompletion.revisited.ProjectModulesManager.getManagersInvolved(ProjectModulesManager.java:452)
	at org.python.pydev.editor.codecompletion.revisited.ProjectModulesManager.getModuleAndRelatedModulesManager(ProjectModulesManager.java:188)
	at org.python.pydev.editor.codecompletion.revisited.ProjectModulesManager.getModule(ProjectModulesManager.java:172)
	at org.python.pydev.editor.codecompletion.revisited.ProjectModulesManager.getModule(ProjectModulesManager.java:158)
	at org.python.pydev.editor.codecompletion.revisited.AbstractASTManager.getModule(AbstractASTManager.java:449)
	at org.python.pydev.editor.codecompletion.revisited.AbstractASTManager.findModuleFromPath(AbstractASTManager.java:1458)
	at org.python.pydev.editor.codecompletion.revisited.AbstractASTManager.findOnImportedMods(AbstractASTManager.java:1325)
	at org.python.pydev.editor.codecompletion.revisited.AbstractASTManager.findOnImportedMods(AbstractASTManager.java:1221)
	at com.python.pydev.analysis.visitors.ImportChecker.visitImportToken(ImportChecker.java:186)
	at com.python.pydev.analysis.visitors.ImportChecker.visitImportToken(ImportChecker.java:167)
	at com.python.pydev.analysis.visitors.Scope.addImportTokens(Scope.java:173)
	at com.python.pydev.analysis.scopeanalysis.AbstractScopeAnalyzerVisitor.visitImportFrom(AbstractScopeAnalyzerVisitor.java:581)
	at com.python.pydev.analysis.scopeanalysis.ScopeAnalyzerVisitor.visitImportFrom(ScopeAnalyzerVisitor.java:106)
	at org.python.pydev.parser.jython.ast.ImportFrom.accept(ImportFrom.java:99)
	at org.python.pydev.parser.jython.ast.Module.traverse(Module.java:86)
	at com.python.pydev.analysis.scopeanalysis.AbstractScopeAnalyzerVisitor.traverse(AbstractScopeAnalyzerVisitor.java:193)
	at org.python.pydev.parser.jython.ast.VisitorBase.visitModule(VisitorBase.java:10)
	at org.python.pydev.parser.jython.ast.Module.accept(Module.java:79)
	at com.python.pydev.refactoring.wizards.rename.AbstractRenameRefactorProcess.getOccurrencesWithScopeAnalyzer(AbstractRenameRefactorProcess.java:261)
	at com.python.pydev.refactoring.wizards.rename.PyRenameAnyLocalProcess.getOccurrences(PyRenameAnyLocalProcess.java:52)
	at com.python.pydev.refactoring.wizards.rename.PyRenameAnyLocalProcess.findReferencesToRenameOnLocalScope(PyRenameAnyLocalProcess.java:42)
	at com.python.pydev.refactoring.wizards.rename.AbstractRenameRefactorProcess.findReferencesToRename(AbstractRenameRefactorProcess.java:186)
	at com.python.pydev.refactoring.wizards.rename.PyRenameEntryPoint.checkFinalConditions(PyRenameEntryPoint.java:329)
	at com.python.pydev.refactoring.wizards.rename.PyRenameEntryPoint.checkFinalConditions(PyRenameEntryPoint.java:279)
	at com.python.pydev.refactoring.markoccurrences.MarkOccurrencesJob.checkAnnotations(MarkOccurrencesJob.java:227)
	at com.python.pydev.refactoring.markoccurrences.MarkOccurrencesJob.run(MarkOccurrencesJob.java:126)
	at org.eclipse.core.internal.jobs.Worker.run(Worker.java:53)

!ENTRY org.python.pydev.shared_core 1 1 2014-01-28 13:55:38.339
!MESSAGE Warning: the cache related to project dependencies is the same for 7.80 minutes.
!STACK 0
java.lang.RuntimeException: Warning: the cache related to project dependencies is the same for 7.80 minutes.
	at org.python.pydev.core.log.Log.logInfo(Log.java:66)
	at org.python.pydev.editor.codecompletion.revisited.ModulesManager$CompletionCache.getManagers(ModulesManager.java:120)
	at org.python.pydev.editor.codecompletion.revisited.ProjectModulesManager.getManagers(ProjectModulesManager.java:330)
	at org.python.pydev.editor.codecompletion.revisited.ProjectModulesManager.getManagersInvolved(ProjectModulesManager.java:452)
	at org.python.pydev.editor.codecompletion.revisited.ProjectModulesManager.resolveModule(ProjectModulesManager.java:262)
	at org.python.pydev.editor.codecompletion.revisited.ProjectModulesManager.resolveModule(ProjectModulesManager.java:255)
	at org.python.pydev.plugin.nature.PythonNature.resolveModule(PythonNature.java:955)
	at org.python.pydev.plugin.nature.AbstractPythonNature.resolveModule(AbstractPythonNature.java:51)
	at org.python.pydev.editor.PyEdit.parserChanged(PyEdit.java:1245)
	at org.python.pydev.shared_core.parsing.BaseParser.fireParserChanged(BaseParser.java:233)
	at org.python.pydev.parser.PyParser.fireParserChanged(PyParser.java:186)
	at org.python.pydev.parser.PyParser.reparseDocument(PyParser.java:302)
	at org.python.pydev.parser.PyParser.reparseDocument(PyParser.java:1)
	at org.python.pydev.shared_core.parsing.ParserScheduler.reparseDocument(ParserScheduler.java:159)
	at org.python.pydev.shared_core.parsing.ParsingThread.run(ParsingThread.java:53)

!ENTRY org.python.pydev.shared_core 4 4 2014-01-28 13:55:47.235
!MESSAGE java.io.IOException: Cannot run program "/Applications/eclipse/Eclipse.app/Contents/MacOS" (in directory "/Users/yair/Documents/Research/Code/carUnderstanding/mainProject"): error=13, Permission denied
!STACK 0
java.lang.RuntimeException: java.io.IOException: Cannot run program "/Applications/eclipse/Eclipse.app/Contents/MacOS" (in directory "/Users/yair/Documents/Research/Code/carUnderstanding/mainProject"): error=13, Permission denied
	at org.python.pydev.runners.SimpleRunner.run(SimpleRunner.java:308)
	at org.python.pydev.runners.SimpleRunner.runAndGetOutput(SimpleRunner.java:325)
	at org.python.pydev.builder.pylint.PyLintVisitor$PyLintThread.passPyLint(PyLintVisitor.java:231)
	at org.python.pydev.builder.pylint.PyLintVisitor$PyLintThread.run(PyLintVisitor.java:113)
Caused by: java.io.IOException: Cannot run program "/Applications/eclipse/Eclipse.app/Contents/MacOS" (in directory "/Users/yair/Documents/Research/Code/carUnderstanding/mainProject"): error=13, Permission denied
	at java.lang.ProcessBuilder.start(ProcessBuilder.java:1041)
	at java.lang.Runtime.exec(Runtime.java:617)
	at org.python.pydev.shared_core.process.ProcessUtils.createProcess(ProcessUtils.java:98)
	at org.python.pydev.runners.SimpleRunner.createProcess(SimpleRunner.java:49)
	at org.python.pydev.runners.SimpleRunner.run(SimpleRunner.java:306)
	... 3 more
Caused by: java.io.IOException: error=13, Permission denied
	at java.lang.UNIXProcess.forkAndExec(Native Method)
	at java.lang.UNIXProcess.<init>(UNIXProcess.java:135)
	at java.lang.ProcessImpl.start(ProcessImpl.java:130)
	at java.lang.ProcessBuilder.start(ProcessBuilder.java:1022)
	... 7 more

!ENTRY org.python.pydev.shared_core 1 1 2014-01-28 13:56:10.219
!MESSAGE Warning: the cache related to project dependencies is the same for 8.33 minutes.
!STACK 0
java.lang.RuntimeException: Warning: the cache related to project dependencies is the same for 8.33 minutes.
	at org.python.pydev.core.log.Log.logInfo(Log.java:66)
	at org.python.pydev.editor.codecompletion.revisited.ModulesManager$CompletionCache.getManagers(ModulesManager.java:120)
	at org.python.pydev.editor.codecompletion.revisited.ProjectModulesManager.getManagers(ProjectModulesManager.java:330)
	at org.python.pydev.editor.codecompletion.revisited.ProjectModulesManager.getManagersInvolved(ProjectModulesManager.java:452)
	at org.python.pydev.editor.codecompletion.revisited.ProjectModulesManager.getModuleAndRelatedModulesManager(ProjectModulesManager.java:188)
	at org.python.pydev.editor.codecompletion.revisited.ProjectModulesManager.getModule(ProjectModulesManager.java:172)
	at org.python.pydev.editor.codecompletion.revisited.ProjectModulesManager.getModule(ProjectModulesManager.java:158)
	at org.python.pydev.editor.codecompletion.revisited.AbstractASTManager.getModule(AbstractASTManager.java:449)
	at org.python.pydev.editor.codecompletion.revisited.AbstractASTManager.findModuleFromPath(AbstractASTManager.java:1451)
	at org.python.pydev.editor.codecompletion.revisited.AbstractASTManager.findOnImportedMods(AbstractASTManager.java:1342)
	at org.python.pydev.editor.codecompletion.revisited.AbstractASTManager.findOnImportedMods(AbstractASTManager.java:1221)
	at com.python.pydev.analysis.visitors.ImportChecker.visitImportToken(ImportChecker.java:186)
	at com.python.pydev.analysis.visitors.ImportChecker.visitImportToken(ImportChecker.java:167)
	at com.python.pydev.analysis.visitors.Scope.addImportTokens(Scope.java:173)
	at com.python.pydev.analysis.scopeanalysis.AbstractScopeAnalyzerVisitor.visitImportFrom(AbstractScopeAnalyzerVisitor.java:581)
	at com.python.pydev.analysis.scopeanalysis.ScopeAnalyzerVisitor.visitImportFrom(ScopeAnalyzerVisitor.java:106)
	at org.python.pydev.parser.jython.ast.ImportFrom.accept(ImportFrom.java:99)
	at org.python.pydev.parser.jython.ast.Module.traverse(Module.java:86)
	at com.python.pydev.analysis.scopeanalysis.AbstractScopeAnalyzerVisitor.traverse(AbstractScopeAnalyzerVisitor.java:193)
	at org.python.pydev.parser.jython.ast.VisitorBase.visitModule(VisitorBase.java:10)
	at org.python.pydev.parser.jython.ast.Module.accept(Module.java:79)
	at com.python.pydev.refactoring.wizards.rename.AbstractRenameRefactorProcess.getOccurrencesWithScopeAnalyzer(AbstractRenameRefactorProcess.java:261)
	at com.python.pydev.refactoring.wizards.rename.PyRenameAnyLocalProcess.getOccurrences(PyRenameAnyLocalProcess.java:52)
	at com.python.pydev.refactoring.wizards.rename.PyRenameAnyLocalProcess.findReferencesToRenameOnLocalScope(PyRenameAnyLocalProcess.java:42)
	at com.python.pydev.refactoring.wizards.rename.AbstractRenameRefactorProcess.findReferencesToRename(AbstractRenameRefactorProcess.java:186)
	at com.python.pydev.refactoring.wizards.rename.PyRenameEntryPoint.checkFinalConditions(PyRenameEntryPoint.java:329)
	at com.python.pydev.refactoring.wizards.rename.PyRenameEntryPoint.checkFinalConditions(PyRenameEntryPoint.java:279)
	at com.python.pydev.refactoring.markoccurrences.MarkOccurrencesJob.checkAnnotations(MarkOccurrencesJob.java:227)
	at com.python.pydev.refactoring.markoccurrences.MarkOccurrencesJob.run(MarkOccurrencesJob.java:126)
	at org.eclipse.core.internal.jobs.Worker.run(Worker.java:53)

!ENTRY org.python.pydev.shared_core 1 1 2014-01-28 13:56:16.115
!MESSAGE Warning: the cache related to project dependencies is the same for 8.43 minutes.
!STACK 0
java.lang.RuntimeException: Warning: the cache related to project dependencies is the same for 8.43 minutes.
	at org.python.pydev.core.log.Log.logInfo(Log.java:66)
	at org.python.pydev.editor.codecompletion.revisited.ModulesManager$CompletionCache.getManagers(ModulesManager.java:120)
	at org.python.pydev.editor.codecompletion.revisited.ProjectModulesManager.getManagers(ProjectModulesManager.java:330)
	at org.python.pydev.editor.codecompletion.revisited.ProjectModulesManager.getManagersInvolved(ProjectModulesManager.java:452)
	at org.python.pydev.editor.codecompletion.revisited.ProjectModulesManager.getModuleAndRelatedModulesManager(ProjectModulesManager.java:188)
	at org.python.pydev.editor.codecompletion.revisited.ProjectModulesManager.getModule(ProjectModulesManager.java:172)
	at org.python.pydev.editor.codecompletion.revisited.ProjectModulesManager.getModule(ProjectModulesManager.java:158)
	at org.python.pydev.editor.codecompletion.revisited.AbstractASTManager.getModule(AbstractASTManager.java:449)
	at org.python.pydev.editor.codecompletion.revisited.AbstractASTManager.findModuleFromPath(AbstractASTManager.java:1458)
	at org.python.pydev.editor.codecompletion.revisited.AbstractASTManager.findOnImportedMods(AbstractASTManager.java:1351)
	at org.python.pydev.editor.codecompletion.revisited.AbstractASTManager.findOnImportedMods(AbstractASTManager.java:1221)
	at com.python.pydev.analysis.visitors.ImportChecker.visitImportToken(ImportChecker.java:186)
	at com.python.pydev.analysis.visitors.ImportChecker.visitImportToken(ImportChecker.java:167)
	at com.python.pydev.analysis.visitors.Scope.addImportTokens(Scope.java:173)
	at com.python.pydev.analysis.scopeanalysis.AbstractScopeAnalyzerVisitor.visitImportFrom(AbstractScopeAnalyzerVisitor.java:581)
	at com.python.pydev.analysis.scopeanalysis.ScopeAnalyzerVisitor.visitImportFrom(ScopeAnalyzerVisitor.java:106)
	at org.python.pydev.parser.jython.ast.ImportFrom.accept(ImportFrom.java:99)
	at org.python.pydev.parser.jython.ast.Module.traverse(Module.java:86)
	at com.python.pydev.analysis.scopeanalysis.AbstractScopeAnalyzerVisitor.traverse(AbstractScopeAnalyzerVisitor.java:193)
	at org.python.pydev.parser.jython.ast.VisitorBase.visitModule(VisitorBase.java:10)
	at org.python.pydev.parser.jython.ast.Module.accept(Module.java:79)
	at com.python.pydev.refactoring.wizards.rename.AbstractRenameRefactorProcess.getOccurrencesWithScopeAnalyzer(AbstractRenameRefactorProcess.java:261)
	at com.python.pydev.refactoring.wizards.rename.PyRenameAnyLocalProcess.getOccurrences(PyRenameAnyLocalProcess.java:52)
	at com.python.pydev.refactoring.wizards.rename.PyRenameAnyLocalProcess.findReferencesToRenameOnLocalScope(PyRenameAnyLocalProcess.java:42)
	at com.python.pydev.refactoring.wizards.rename.AbstractRenameRefactorProcess.findReferencesToRename(AbstractRenameRefactorProcess.java:186)
	at com.python.pydev.refactoring.wizards.rename.PyRenameEntryPoint.checkFinalConditions(PyRenameEntryPoint.java:329)
	at com.python.pydev.refactoring.wizards.rename.PyRenameEntryPoint.checkFinalConditions(PyRenameEntryPoint.java:279)
	at com.python.pydev.refactoring.markoccurrences.MarkOccurrencesJob.checkAnnotations(MarkOccurrencesJob.java:227)
	at com.python.pydev.refactoring.markoccurrences.MarkOccurrencesJob.run(MarkOccurrencesJob.java:126)
	at org.eclipse.core.internal.jobs.Worker.run(Worker.java:53)

!ENTRY org.python.pydev.shared_core 4 4 2014-01-28 13:56:20.013
!MESSAGE java.io.IOException: Cannot run program "/Applications/eclipse/Eclipse.app/Contents/MacOS" (in directory "/Users/yair/Documents/Research/Code/carUnderstanding/mainProject"): error=13, Permission denied
!STACK 0
java.lang.RuntimeException: java.io.IOException: Cannot run program "/Applications/eclipse/Eclipse.app/Contents/MacOS" (in directory "/Users/yair/Documents/Research/Code/carUnderstanding/mainProject"): error=13, Permission denied
	at org.python.pydev.runners.SimpleRunner.run(SimpleRunner.java:308)
	at org.python.pydev.runners.SimpleRunner.runAndGetOutput(SimpleRunner.java:325)
	at org.python.pydev.builder.pylint.PyLintVisitor$PyLintThread.passPyLint(PyLintVisitor.java:231)
	at org.python.pydev.builder.pylint.PyLintVisitor$PyLintThread.run(PyLintVisitor.java:113)
Caused by: java.io.IOException: Cannot run program "/Applications/eclipse/Eclipse.app/Contents/MacOS" (in directory "/Users/yair/Documents/Research/Code/carUnderstanding/mainProject"): error=13, Permission denied
	at java.lang.ProcessBuilder.start(ProcessBuilder.java:1041)
	at java.lang.Runtime.exec(Runtime.java:617)
	at org.python.pydev.shared_core.process.ProcessUtils.createProcess(ProcessUtils.java:98)
	at org.python.pydev.runners.SimpleRunner.createProcess(SimpleRunner.java:49)
	at org.python.pydev.runners.SimpleRunner.run(SimpleRunner.java:306)
	... 3 more
Caused by: java.io.IOException: error=13, Permission denied
	at java.lang.UNIXProcess.forkAndExec(Native Method)
	at java.lang.UNIXProcess.<init>(UNIXProcess.java:135)
	at java.lang.ProcessImpl.start(ProcessImpl.java:130)
	at java.lang.ProcessBuilder.start(ProcessBuilder.java:1022)
	... 7 more

!ENTRY org.python.pydev.shared_core 4 4 2014-01-28 13:56:46.022
!MESSAGE java.io.IOException: Cannot run program "/Applications/eclipse/Eclipse.app/Contents/MacOS" (in directory "/Users/yair/Documents/Research/Code/carUnderstanding/mainProject"): error=13, Permission denied
!STACK 0
java.lang.RuntimeException: java.io.IOException: Cannot run program "/Applications/eclipse/Eclipse.app/Contents/MacOS" (in directory "/Users/yair/Documents/Research/Code/carUnderstanding/mainProject"): error=13, Permission denied
	at org.python.pydev.runners.SimpleRunner.run(SimpleRunner.java:308)
	at org.python.pydev.runners.SimpleRunner.runAndGetOutput(SimpleRunner.java:325)
	at org.python.pydev.builder.pylint.PyLintVisitor$PyLintThread.passPyLint(PyLintVisitor.java:231)
	at org.python.pydev.builder.pylint.PyLintVisitor$PyLintThread.run(PyLintVisitor.java:113)
Caused by: java.io.IOException: Cannot run program "/Applications/eclipse/Eclipse.app/Contents/MacOS" (in directory "/Users/yair/Documents/Research/Code/carUnderstanding/mainProject"): error=13, Permission denied
	at java.lang.ProcessBuilder.start(ProcessBuilder.java:1041)
	at java.lang.Runtime.exec(Runtime.java:617)
	at org.python.pydev.shared_core.process.ProcessUtils.createProcess(ProcessUtils.java:98)
	at org.python.pydev.runners.SimpleRunner.createProcess(SimpleRunner.java:49)
	at org.python.pydev.runners.SimpleRunner.run(SimpleRunner.java:306)
	... 3 more
Caused by: java.io.IOException: error=13, Permission denied
	at java.lang.UNIXProcess.forkAndExec(Native Method)
	at java.lang.UNIXProcess.<init>(UNIXProcess.java:135)
	at java.lang.ProcessImpl.start(ProcessImpl.java:130)
	at java.lang.ProcessBuilder.start(ProcessBuilder.java:1022)
	... 7 more

!ENTRY org.python.pydev.shared_core 1 1 2014-01-28 13:56:55.419
!MESSAGE Warning: the cache related to project dependencies is the same for 9.09 minutes.
!STACK 0
java.lang.RuntimeException: Warning: the cache related to project dependencies is the same for 9.09 minutes.
	at org.python.pydev.core.log.Log.logInfo(Log.java:66)
	at org.python.pydev.editor.codecompletion.revisited.ModulesManager$CompletionCache.getManagers(ModulesManager.java:120)
	at org.python.pydev.editor.codecompletion.revisited.ProjectModulesManager.getManagers(ProjectModulesManager.java:330)
	at org.python.pydev.editor.codecompletion.revisited.ProjectModulesManager.getManagersInvolved(ProjectModulesManager.java:452)
	at org.python.pydev.editor.codecompletion.revisited.ProjectModulesManager.getModuleAndRelatedModulesManager(ProjectModulesManager.java:188)
	at org.python.pydev.editor.codecompletion.revisited.ProjectModulesManager.getModule(ProjectModulesManager.java:172)
	at org.python.pydev.editor.codecompletion.revisited.ProjectModulesManager.getModule(ProjectModulesManager.java:158)
	at org.python.pydev.editor.codecompletion.revisited.AbstractASTManager.getModule(AbstractASTManager.java:449)
	at org.python.pydev.editor.codecompletion.revisited.AbstractASTManager.findModuleFromPath(AbstractASTManager.java:1458)
	at org.python.pydev.editor.codecompletion.revisited.AbstractASTManager.findOnImportedMods(AbstractASTManager.java:1325)
	at org.python.pydev.editor.codecompletion.revisited.AbstractASTManager.findOnImportedMods(AbstractASTManager.java:1221)
	at com.python.pydev.analysis.visitors.ImportChecker.visitImportToken(ImportChecker.java:186)
	at com.python.pydev.analysis.visitors.ImportChecker.visitImportToken(ImportChecker.java:167)
	at com.python.pydev.analysis.visitors.Scope.addImportTokens(Scope.java:173)
	at com.python.pydev.analysis.scopeanalysis.AbstractScopeAnalyzerVisitor.visitImportFrom(AbstractScopeAnalyzerVisitor.java:581)
	at com.python.pydev.analysis.scopeanalysis.ScopeAnalyzerVisitor.visitImportFrom(ScopeAnalyzerVisitor.java:106)
	at org.python.pydev.parser.jython.ast.ImportFrom.accept(ImportFrom.java:99)
	at org.python.pydev.parser.jython.ast.Module.traverse(Module.java:86)
	at com.python.pydev.analysis.scopeanalysis.AbstractScopeAnalyzerVisitor.traverse(AbstractScopeAnalyzerVisitor.java:193)
	at org.python.pydev.parser.jython.ast.VisitorBase.visitModule(VisitorBase.java:10)
	at org.python.pydev.parser.jython.ast.Module.accept(Module.java:79)
	at com.python.pydev.refactoring.wizards.rename.AbstractRenameRefactorProcess.getOccurrencesWithScopeAnalyzer(AbstractRenameRefactorProcess.java:261)
	at com.python.pydev.refactoring.wizards.rename.PyRenameAnyLocalProcess.getOccurrences(PyRenameAnyLocalProcess.java:52)
	at com.python.pydev.refactoring.wizards.rename.PyRenameAnyLocalProcess.findReferencesToRenameOnLocalScope(PyRenameAnyLocalProcess.java:42)
	at com.python.pydev.refactoring.wizards.rename.AbstractRenameRefactorProcess.findReferencesToRename(AbstractRenameRefactorProcess.java:186)
	at com.python.pydev.refactoring.wizards.rename.PyRenameEntryPoint.checkFinalConditions(PyRenameEntryPoint.java:329)
	at com.python.pydev.refactoring.wizards.rename.PyRenameEntryPoint.checkFinalConditions(PyRenameEntryPoint.java:279)
	at com.python.pydev.refactoring.markoccurrences.MarkOccurrencesJob.checkAnnotations(MarkOccurrencesJob.java:227)
	at com.python.pydev.refactoring.markoccurrences.MarkOccurrencesJob.run(MarkOccurrencesJob.java:126)
	at org.eclipse.core.internal.jobs.Worker.run(Worker.java:53)

!ENTRY org.python.pydev.shared_core 1 1 2014-01-28 14:02:52.450
!MESSAGE Warning: the cache related to project dependencies is the same for 15.04 minutes.
!STACK 0
java.lang.RuntimeException: Warning: the cache related to project dependencies is the same for 15.04 minutes.
	at org.python.pydev.core.log.Log.logInfo(Log.java:66)
	at org.python.pydev.editor.codecompletion.revisited.ModulesManager$CompletionCache.getManagers(ModulesManager.java:120)
	at org.python.pydev.editor.codecompletion.revisited.ProjectModulesManager.getManagers(ProjectModulesManager.java:330)
	at org.python.pydev.editor.codecompletion.revisited.ProjectModulesManager.getManagersInvolved(ProjectModulesManager.java:452)
	at org.python.pydev.editor.codecompletion.revisited.ProjectModulesManager.resolveModule(ProjectModulesManager.java:262)
	at org.python.pydev.editor.codecompletion.revisited.ProjectModulesManager.resolveModule(ProjectModulesManager.java:255)
	at org.python.pydev.plugin.nature.PythonNature.resolveModule(PythonNature.java:955)
	at org.python.pydev.plugin.nature.AbstractPythonNature.resolveModule(AbstractPythonNature.java:51)
	at org.python.pydev.editor.refactoring.RefactoringRequest.resolveModule(RefactoringRequest.java:168)
	at org.python.pydev.editor.refactoring.RefactoringRequest.<init>(RefactoringRequest.java:132)
	at org.python.pydev.editor.actions.refactoring.PyRefactorAction.createRefactoringRequest(PyRefactorAction.java:110)
	at org.python.pydev.editor.actions.refactoring.PyRefactorAction.getRefactoringRequest(PyRefactorAction.java:94)
	at org.python.pydev.editor.actions.refactoring.PyRefactorAction.getRefactoringRequest(PyRefactorAction.java:78)
	at com.python.pydev.refactoring.markoccurrences.MarkOccurrencesJob.getRefactoringRequest(MarkOccurrencesJob.java:328)
	at com.python.pydev.refactoring.markoccurrences.MarkOccurrencesJob.checkAnnotations(MarkOccurrencesJob.java:208)
	at com.python.pydev.refactoring.markoccurrences.MarkOccurrencesJob.run(MarkOccurrencesJob.java:126)
	at org.eclipse.core.internal.jobs.Worker.run(Worker.java:53)

!ENTRY org.python.pydev.shared_core 1 1 2014-01-28 14:44:25.098
!MESSAGE Warning: the cache related to project dependencies is the same for 56.58 minutes.
!STACK 0
java.lang.RuntimeException: Warning: the cache related to project dependencies is the same for 56.58 minutes.
	at org.python.pydev.core.log.Log.logInfo(Log.java:66)
	at org.python.pydev.editor.codecompletion.revisited.ModulesManager$CompletionCache.getManagers(ModulesManager.java:120)
	at org.python.pydev.editor.codecompletion.revisited.ProjectModulesManager.getManagers(ProjectModulesManager.java:330)
	at org.python.pydev.editor.codecompletion.revisited.ProjectModulesManager.getManagersInvolved(ProjectModulesManager.java:452)
	at org.python.pydev.editor.codecompletion.revisited.ProjectModulesManager.resolveModule(ProjectModulesManager.java:262)
	at org.python.pydev.editor.codecompletion.revisited.ProjectModulesManager.resolveModule(ProjectModulesManager.java:255)
	at org.python.pydev.plugin.nature.PythonNature.resolveModule(PythonNature.java:955)
	at org.python.pydev.plugin.nature.AbstractPythonNature.resolveModule(AbstractPythonNature.java:51)
	at org.python.pydev.editor.PyEdit.parserChanged(PyEdit.java:1245)
	at org.python.pydev.shared_core.parsing.BaseParser.fireParserChanged(BaseParser.java:233)
	at org.python.pydev.parser.PyParser.fireParserChanged(PyParser.java:186)
	at org.python.pydev.parser.PyParser.reparseDocument(PyParser.java:302)
	at org.python.pydev.parser.PyParser.reparseDocument(PyParser.java:1)
	at org.python.pydev.shared_core.parsing.ParserScheduler.reparseDocument(ParserScheduler.java:159)
	at org.python.pydev.shared_core.parsing.ParsingThread.run(ParsingThread.java:53)
!SESSION 2014-01-28 14:53:10.653 -----------------------------------------------
eclipse.buildId=4.3.0.M20130911-1000
java.version=1.7.0_51
java.vendor=Oracle Corporation
BootLoader constants: OS=macosx, ARCH=x86_64, WS=cocoa, NL=en_US
Framework arguments:  -product org.eclipse.epp.package.cpp.product -keyring /Users/yair/.eclipse_keyring -showlocation
Command-line arguments:  -os macosx -ws cocoa -arch x86_64 -product org.eclipse.epp.package.cpp.product -keyring /Users/yair/.eclipse_keyring -showlocation

!ENTRY org.eclipse.core.resources 2 10035 2014-01-28 14:53:31.219
!MESSAGE The workspace exited with unsaved changes in the previous session; refreshing workspace to recover changes.

!ENTRY org.eclipse.core.net 1 0 2014-01-28 14:53:36.222
!MESSAGE System property http.nonProxyHosts has been set to local|*.local|169.254/16|*.169.254/16 by an external source. This value will be overwritten using the values from the preferences

!ENTRY com.google.eclipse.mechanic 2 0 2014-01-28 14:54:04.389
!MESSAGE Directory '/Users/yair/.eclipse/mechanic' does not exist.

!ENTRY com.google.eclipse.mechanic 2 0 2014-01-28 14:54:04.389
!MESSAGE Directory '/Applications/eclipse/configuration/com.google.eclipse.mechanic/mechanic' does not exist.

!ENTRY org.eclipse.rse.tests 2 0 2014-01-28 14:54:12.214
!MESSAGE testing warnings generated during RSE initialization

!ENTRY org.python.pydev.shared_core 4 4 2014-01-28 14:54:12.691
!MESSAGE java.io.IOException: Cannot run program "/Applications/eclipse/Eclipse.app/Contents/MacOS" (in directory "/Users/yair/Documents/Research/Code/carUnderstanding/mainProject"): error=13, Permission denied
!STACK 0
java.lang.RuntimeException: java.io.IOException: Cannot run program "/Applications/eclipse/Eclipse.app/Contents/MacOS" (in directory "/Users/yair/Documents/Research/Code/carUnderstanding/mainProject"): error=13, Permission denied
	at org.python.pydev.runners.SimpleRunner.run(SimpleRunner.java:308)
	at org.python.pydev.runners.SimpleRunner.runAndGetOutput(SimpleRunner.java:325)
	at org.python.pydev.builder.pylint.PyLintVisitor$PyLintThread.passPyLint(PyLintVisitor.java:231)
	at org.python.pydev.builder.pylint.PyLintVisitor$PyLintThread.run(PyLintVisitor.java:113)
Caused by: java.io.IOException: Cannot run program "/Applications/eclipse/Eclipse.app/Contents/MacOS" (in directory "/Users/yair/Documents/Research/Code/carUnderstanding/mainProject"): error=13, Permission denied
	at java.lang.ProcessBuilder.start(ProcessBuilder.java:1041)
	at java.lang.Runtime.exec(Runtime.java:617)
	at org.python.pydev.shared_core.process.ProcessUtils.createProcess(ProcessUtils.java:98)
	at org.python.pydev.runners.SimpleRunner.createProcess(SimpleRunner.java:49)
	at org.python.pydev.runners.SimpleRunner.run(SimpleRunner.java:306)
	... 3 more
Caused by: java.io.IOException: error=13, Permission denied
	at java.lang.UNIXProcess.forkAndExec(Native Method)
	at java.lang.UNIXProcess.<init>(UNIXProcess.java:135)
	at java.lang.ProcessImpl.start(ProcessImpl.java:130)
	at java.lang.ProcessBuilder.start(ProcessBuilder.java:1022)
	... 7 more

!ENTRY org.python.pydev.shared_core 4 4 2014-01-28 14:54:45.963
!MESSAGE java.io.IOException: Cannot run program "/Applications/eclipse/Eclipse.app/Contents/MacOS" (in directory "/Users/yair/Documents/Research/Code/carUnderstanding/mainProject"): error=13, Permission denied
!STACK 0
java.lang.RuntimeException: java.io.IOException: Cannot run program "/Applications/eclipse/Eclipse.app/Contents/MacOS" (in directory "/Users/yair/Documents/Research/Code/carUnderstanding/mainProject"): error=13, Permission denied
	at org.python.pydev.runners.SimpleRunner.run(SimpleRunner.java:308)
	at org.python.pydev.runners.SimpleRunner.runAndGetOutput(SimpleRunner.java:325)
	at org.python.pydev.builder.pylint.PyLintVisitor$PyLintThread.passPyLint(PyLintVisitor.java:231)
	at org.python.pydev.builder.pylint.PyLintVisitor$PyLintThread.run(PyLintVisitor.java:113)
Caused by: java.io.IOException: Cannot run program "/Applications/eclipse/Eclipse.app/Contents/MacOS" (in directory "/Users/yair/Documents/Research/Code/carUnderstanding/mainProject"): error=13, Permission denied
	at java.lang.ProcessBuilder.start(ProcessBuilder.java:1041)
	at java.lang.Runtime.exec(Runtime.java:617)
	at org.python.pydev.shared_core.process.ProcessUtils.createProcess(ProcessUtils.java:98)
	at org.python.pydev.runners.SimpleRunner.createProcess(SimpleRunner.java:49)
	at org.python.pydev.runners.SimpleRunner.run(SimpleRunner.java:306)
	... 3 more
Caused by: java.io.IOException: error=13, Permission denied
	at java.lang.UNIXProcess.forkAndExec(Native Method)
	at java.lang.UNIXProcess.<init>(UNIXProcess.java:135)
	at java.lang.ProcessImpl.start(ProcessImpl.java:130)
	at java.lang.ProcessBuilder.start(ProcessBuilder.java:1022)
	... 7 more

!ENTRY org.python.pydev.shared_core 4 4 2014-01-28 14:55:25.817
!MESSAGE java.io.IOException: Cannot run program "/Applications/eclipse/Eclipse.app/Contents/MacOS" (in directory "/Users/yair/Documents/Research/Code/carUnderstanding/mainProject"): error=13, Permission denied
!STACK 0
java.lang.RuntimeException: java.io.IOException: Cannot run program "/Applications/eclipse/Eclipse.app/Contents/MacOS" (in directory "/Users/yair/Documents/Research/Code/carUnderstanding/mainProject"): error=13, Permission denied
	at org.python.pydev.runners.SimpleRunner.run(SimpleRunner.java:308)
	at org.python.pydev.runners.SimpleRunner.runAndGetOutput(SimpleRunner.java:325)
	at org.python.pydev.builder.pylint.PyLintVisitor$PyLintThread.passPyLint(PyLintVisitor.java:231)
	at org.python.pydev.builder.pylint.PyLintVisitor$PyLintThread.run(PyLintVisitor.java:113)
Caused by: java.io.IOException: Cannot run program "/Applications/eclipse/Eclipse.app/Contents/MacOS" (in directory "/Users/yair/Documents/Research/Code/carUnderstanding/mainProject"): error=13, Permission denied
	at java.lang.ProcessBuilder.start(ProcessBuilder.java:1041)
	at java.lang.Runtime.exec(Runtime.java:617)
	at org.python.pydev.shared_core.process.ProcessUtils.createProcess(ProcessUtils.java:98)
	at org.python.pydev.runners.SimpleRunner.createProcess(SimpleRunner.java:49)
	at org.python.pydev.runners.SimpleRunner.run(SimpleRunner.java:306)
	... 3 more
Caused by: java.io.IOException: error=13, Permission denied
	at java.lang.UNIXProcess.forkAndExec(Native Method)
	at java.lang.UNIXProcess.<init>(UNIXProcess.java:135)
	at java.lang.ProcessImpl.start(ProcessImpl.java:130)
	at java.lang.ProcessBuilder.start(ProcessBuilder.java:1022)
	... 7 more

!ENTRY org.python.pydev.shared_core 4 4 2014-01-28 14:56:18.675
!MESSAGE java.io.IOException: Cannot run program "/Applications/eclipse/Eclipse.app/Contents/MacOS" (in directory "/Users/yair/Documents/Research/Code/carUnderstanding/mainProject"): error=13, Permission denied
!STACK 0
java.lang.RuntimeException: java.io.IOException: Cannot run program "/Applications/eclipse/Eclipse.app/Contents/MacOS" (in directory "/Users/yair/Documents/Research/Code/carUnderstanding/mainProject"): error=13, Permission denied
	at org.python.pydev.runners.SimpleRunner.run(SimpleRunner.java:308)
	at org.python.pydev.runners.SimpleRunner.runAndGetOutput(SimpleRunner.java:325)
	at org.python.pydev.builder.pylint.PyLintVisitor$PyLintThread.passPyLint(PyLintVisitor.java:231)
	at org.python.pydev.builder.pylint.PyLintVisitor$PyLintThread.run(PyLintVisitor.java:113)
Caused by: java.io.IOException: Cannot run program "/Applications/eclipse/Eclipse.app/Contents/MacOS" (in directory "/Users/yair/Documents/Research/Code/carUnderstanding/mainProject"): error=13, Permission denied
	at java.lang.ProcessBuilder.start(ProcessBuilder.java:1041)
	at java.lang.Runtime.exec(Runtime.java:617)
	at org.python.pydev.shared_core.process.ProcessUtils.createProcess(ProcessUtils.java:98)
	at org.python.pydev.runners.SimpleRunner.createProcess(SimpleRunner.java:49)
	at org.python.pydev.runners.SimpleRunner.run(SimpleRunner.java:306)
	... 3 more
Caused by: java.io.IOException: error=13, Permission denied
	at java.lang.UNIXProcess.forkAndExec(Native Method)
	at java.lang.UNIXProcess.<init>(UNIXProcess.java:135)
	at java.lang.ProcessImpl.start(ProcessImpl.java:130)
	at java.lang.ProcessBuilder.start(ProcessBuilder.java:1022)
	... 7 more

!ENTRY org.python.pydev.shared_core 4 4 2014-01-28 14:56:55.828
!MESSAGE java.io.IOException: Cannot run program "/Applications/eclipse/Eclipse.app/Contents/MacOS" (in directory "/Users/yair/Documents/Research/Code/carUnderstanding/mainProject"): error=13, Permission denied
!STACK 0
java.lang.RuntimeException: java.io.IOException: Cannot run program "/Applications/eclipse/Eclipse.app/Contents/MacOS" (in directory "/Users/yair/Documents/Research/Code/carUnderstanding/mainProject"): error=13, Permission denied
	at org.python.pydev.runners.SimpleRunner.run(SimpleRunner.java:308)
	at org.python.pydev.runners.SimpleRunner.runAndGetOutput(SimpleRunner.java:325)
	at org.python.pydev.builder.pylint.PyLintVisitor$PyLintThread.passPyLint(PyLintVisitor.java:231)
	at org.python.pydev.builder.pylint.PyLintVisitor$PyLintThread.run(PyLintVisitor.java:113)
Caused by: java.io.IOException: Cannot run program "/Applications/eclipse/Eclipse.app/Contents/MacOS" (in directory "/Users/yair/Documents/Research/Code/carUnderstanding/mainProject"): error=13, Permission denied
	at java.lang.ProcessBuilder.start(ProcessBuilder.java:1041)
	at java.lang.Runtime.exec(Runtime.java:617)
	at org.python.pydev.shared_core.process.ProcessUtils.createProcess(ProcessUtils.java:98)
	at org.python.pydev.runners.SimpleRunner.createProcess(SimpleRunner.java:49)
	at org.python.pydev.runners.SimpleRunner.run(SimpleRunner.java:306)
	... 3 more
Caused by: java.io.IOException: error=13, Permission denied
	at java.lang.UNIXProcess.forkAndExec(Native Method)
	at java.lang.UNIXProcess.<init>(UNIXProcess.java:135)
	at java.lang.ProcessImpl.start(ProcessImpl.java:130)
	at java.lang.ProcessBuilder.start(ProcessBuilder.java:1022)
	... 7 more

!ENTRY org.python.pydev.shared_core 4 4 2014-01-28 14:58:09.455
!MESSAGE java.io.IOException: Cannot run program "/Applications/eclipse/Eclipse.app/Contents/MacOS" (in directory "/Users/yair/Documents/Research/Code/carUnderstanding/mainProject"): error=13, Permission denied
!STACK 0
java.lang.RuntimeException: java.io.IOException: Cannot run program "/Applications/eclipse/Eclipse.app/Contents/MacOS" (in directory "/Users/yair/Documents/Research/Code/carUnderstanding/mainProject"): error=13, Permission denied
	at org.python.pydev.runners.SimpleRunner.run(SimpleRunner.java:308)
	at org.python.pydev.runners.SimpleRunner.runAndGetOutput(SimpleRunner.java:325)
	at org.python.pydev.builder.pylint.PyLintVisitor$PyLintThread.passPyLint(PyLintVisitor.java:231)
	at org.python.pydev.builder.pylint.PyLintVisitor$PyLintThread.run(PyLintVisitor.java:113)
Caused by: java.io.IOException: Cannot run program "/Applications/eclipse/Eclipse.app/Contents/MacOS" (in directory "/Users/yair/Documents/Research/Code/carUnderstanding/mainProject"): error=13, Permission denied
	at java.lang.ProcessBuilder.start(ProcessBuilder.java:1041)
	at java.lang.Runtime.exec(Runtime.java:617)
	at org.python.pydev.shared_core.process.ProcessUtils.createProcess(ProcessUtils.java:98)
	at org.python.pydev.runners.SimpleRunner.createProcess(SimpleRunner.java:49)
	at org.python.pydev.runners.SimpleRunner.run(SimpleRunner.java:306)
	... 3 more
Caused by: java.io.IOException: error=13, Permission denied
	at java.lang.UNIXProcess.forkAndExec(Native Method)
	at java.lang.UNIXProcess.<init>(UNIXProcess.java:135)
	at java.lang.ProcessImpl.start(ProcessImpl.java:130)
	at java.lang.ProcessBuilder.start(ProcessBuilder.java:1022)
	... 7 more

!ENTRY org.python.pydev.shared_core 4 4 2014-01-28 15:00:08.316
!MESSAGE java.io.IOException: Cannot run program "/Applications/eclipse/Eclipse.app/Contents/MacOS" (in directory "/Users/yair/Documents/Research/Code/carUnderstanding/mainProject"): error=13, Permission denied
!STACK 0
java.lang.RuntimeException: java.io.IOException: Cannot run program "/Applications/eclipse/Eclipse.app/Contents/MacOS" (in directory "/Users/yair/Documents/Research/Code/carUnderstanding/mainProject"): error=13, Permission denied
	at org.python.pydev.runners.SimpleRunner.run(SimpleRunner.java:308)
	at org.python.pydev.runners.SimpleRunner.runAndGetOutput(SimpleRunner.java:325)
	at org.python.pydev.builder.pylint.PyLintVisitor$PyLintThread.passPyLint(PyLintVisitor.java:231)
	at org.python.pydev.builder.pylint.PyLintVisitor$PyLintThread.run(PyLintVisitor.java:113)
Caused by: java.io.IOException: Cannot run program "/Applications/eclipse/Eclipse.app/Contents/MacOS" (in directory "/Users/yair/Documents/Research/Code/carUnderstanding/mainProject"): error=13, Permission denied
	at java.lang.ProcessBuilder.start(ProcessBuilder.java:1041)
	at java.lang.Runtime.exec(Runtime.java:617)
	at org.python.pydev.shared_core.process.ProcessUtils.createProcess(ProcessUtils.java:98)
	at org.python.pydev.runners.SimpleRunner.createProcess(SimpleRunner.java:49)
	at org.python.pydev.runners.SimpleRunner.run(SimpleRunner.java:306)
	... 3 more
Caused by: java.io.IOException: error=13, Permission denied
	at java.lang.UNIXProcess.forkAndExec(Native Method)
	at java.lang.UNIXProcess.<init>(UNIXProcess.java:135)
	at java.lang.ProcessImpl.start(ProcessImpl.java:130)
	at java.lang.ProcessBuilder.start(ProcessBuilder.java:1022)
	... 7 more

!ENTRY org.python.pydev.shared_core 4 4 2014-01-28 15:00:32.041
!MESSAGE java.io.IOException: Cannot run program "/Applications/eclipse/Eclipse.app/Contents/MacOS" (in directory "/Users/yair/Documents/Research/Code/carUnderstanding/mainProject"): error=13, Permission denied
!STACK 0
java.lang.RuntimeException: java.io.IOException: Cannot run program "/Applications/eclipse/Eclipse.app/Contents/MacOS" (in directory "/Users/yair/Documents/Research/Code/carUnderstanding/mainProject"): error=13, Permission denied
	at org.python.pydev.runners.SimpleRunner.run(SimpleRunner.java:308)
	at org.python.pydev.runners.SimpleRunner.runAndGetOutput(SimpleRunner.java:325)
	at org.python.pydev.builder.pylint.PyLintVisitor$PyLintThread.passPyLint(PyLintVisitor.java:231)
	at org.python.pydev.builder.pylint.PyLintVisitor$PyLintThread.run(PyLintVisitor.java:113)
Caused by: java.io.IOException: Cannot run program "/Applications/eclipse/Eclipse.app/Contents/MacOS" (in directory "/Users/yair/Documents/Research/Code/carUnderstanding/mainProject"): error=13, Permission denied
	at java.lang.ProcessBuilder.start(ProcessBuilder.java:1041)
	at java.lang.Runtime.exec(Runtime.java:617)
	at org.python.pydev.shared_core.process.ProcessUtils.createProcess(ProcessUtils.java:98)
	at org.python.pydev.runners.SimpleRunner.createProcess(SimpleRunner.java:49)
	at org.python.pydev.runners.SimpleRunner.run(SimpleRunner.java:306)
	... 3 more
Caused by: java.io.IOException: error=13, Permission denied
	at java.lang.UNIXProcess.forkAndExec(Native Method)
	at java.lang.UNIXProcess.<init>(UNIXProcess.java:135)
	at java.lang.ProcessImpl.start(ProcessImpl.java:130)
	at java.lang.ProcessBuilder.start(ProcessBuilder.java:1022)
	... 7 more

!ENTRY org.python.pydev.shared_core 4 4 2014-01-28 15:01:02.979
!MESSAGE java.io.IOException: Cannot run program "/Applications/eclipse/Eclipse.app/Contents/MacOS" (in directory "/Users/yair/Documents/Research/Code/carUnderstanding/mainProject"): error=13, Permission denied
!STACK 0
java.lang.RuntimeException: java.io.IOException: Cannot run program "/Applications/eclipse/Eclipse.app/Contents/MacOS" (in directory "/Users/yair/Documents/Research/Code/carUnderstanding/mainProject"): error=13, Permission denied
	at org.python.pydev.runners.SimpleRunner.run(SimpleRunner.java:308)
	at org.python.pydev.runners.SimpleRunner.runAndGetOutput(SimpleRunner.java:325)
	at org.python.pydev.builder.pylint.PyLintVisitor$PyLintThread.passPyLint(PyLintVisitor.java:231)
	at org.python.pydev.builder.pylint.PyLintVisitor$PyLintThread.run(PyLintVisitor.java:113)
Caused by: java.io.IOException: Cannot run program "/Applications/eclipse/Eclipse.app/Contents/MacOS" (in directory "/Users/yair/Documents/Research/Code/carUnderstanding/mainProject"): error=13, Permission denied
	at java.lang.ProcessBuilder.start(ProcessBuilder.java:1041)
	at java.lang.Runtime.exec(Runtime.java:617)
	at org.python.pydev.shared_core.process.ProcessUtils.createProcess(ProcessUtils.java:98)
	at org.python.pydev.runners.SimpleRunner.createProcess(SimpleRunner.java:49)
	at org.python.pydev.runners.SimpleRunner.run(SimpleRunner.java:306)
	... 3 more
Caused by: java.io.IOException: error=13, Permission denied
	at java.lang.UNIXProcess.forkAndExec(Native Method)
	at java.lang.UNIXProcess.<init>(UNIXProcess.java:135)
	at java.lang.ProcessImpl.start(ProcessImpl.java:130)
	at java.lang.ProcessBuilder.start(ProcessBuilder.java:1022)
	... 7 more

!ENTRY org.python.pydev.shared_core 4 4 2014-01-28 15:19:58.369
!MESSAGE java.io.IOException: Cannot run program "/Applications/eclipse/Eclipse.app/Contents/MacOS" (in directory "/Users/yair/Documents/Research/Code/carUnderstanding/mainProject"): error=13, Permission denied
!STACK 0
java.lang.RuntimeException: java.io.IOException: Cannot run program "/Applications/eclipse/Eclipse.app/Contents/MacOS" (in directory "/Users/yair/Documents/Research/Code/carUnderstanding/mainProject"): error=13, Permission denied
	at org.python.pydev.runners.SimpleRunner.run(SimpleRunner.java:308)
	at org.python.pydev.runners.SimpleRunner.runAndGetOutput(SimpleRunner.java:325)
	at org.python.pydev.builder.pylint.PyLintVisitor$PyLintThread.passPyLint(PyLintVisitor.java:231)
	at org.python.pydev.builder.pylint.PyLintVisitor$PyLintThread.run(PyLintVisitor.java:113)
Caused by: java.io.IOException: Cannot run program "/Applications/eclipse/Eclipse.app/Contents/MacOS" (in directory "/Users/yair/Documents/Research/Code/carUnderstanding/mainProject"): error=13, Permission denied
	at java.lang.ProcessBuilder.start(ProcessBuilder.java:1041)
	at java.lang.Runtime.exec(Runtime.java:617)
	at org.python.pydev.shared_core.process.ProcessUtils.createProcess(ProcessUtils.java:98)
	at org.python.pydev.runners.SimpleRunner.createProcess(SimpleRunner.java:49)
	at org.python.pydev.runners.SimpleRunner.run(SimpleRunner.java:306)
	... 3 more
Caused by: java.io.IOException: error=13, Permission denied
	at java.lang.UNIXProcess.forkAndExec(Native Method)
	at java.lang.UNIXProcess.<init>(UNIXProcess.java:135)
	at java.lang.ProcessImpl.start(ProcessImpl.java:130)
	at java.lang.ProcessBuilder.start(ProcessBuilder.java:1022)
	... 7 more

!ENTRY org.python.pydev.shared_core 4 4 2014-01-28 15:20:19.123
!MESSAGE java.io.IOException: Cannot run program "/Applications/eclipse/Eclipse.app/Contents/MacOS" (in directory "/Users/yair/Documents/Research/Code/carUnderstanding/mainProject"): error=13, Permission denied
!STACK 0
java.lang.RuntimeException: java.io.IOException: Cannot run program "/Applications/eclipse/Eclipse.app/Contents/MacOS" (in directory "/Users/yair/Documents/Research/Code/carUnderstanding/mainProject"): error=13, Permission denied
	at org.python.pydev.runners.SimpleRunner.run(SimpleRunner.java:308)
	at org.python.pydev.runners.SimpleRunner.runAndGetOutput(SimpleRunner.java:325)
	at org.python.pydev.builder.pylint.PyLintVisitor$PyLintThread.passPyLint(PyLintVisitor.java:231)
	at org.python.pydev.builder.pylint.PyLintVisitor$PyLintThread.run(PyLintVisitor.java:113)
Caused by: java.io.IOException: Cannot run program "/Applications/eclipse/Eclipse.app/Contents/MacOS" (in directory "/Users/yair/Documents/Research/Code/carUnderstanding/mainProject"): error=13, Permission denied
	at java.lang.ProcessBuilder.start(ProcessBuilder.java:1041)
	at java.lang.Runtime.exec(Runtime.java:617)
	at org.python.pydev.shared_core.process.ProcessUtils.createProcess(ProcessUtils.java:98)
	at org.python.pydev.runners.SimpleRunner.createProcess(SimpleRunner.java:49)
	at org.python.pydev.runners.SimpleRunner.run(SimpleRunner.java:306)
	... 3 more
Caused by: java.io.IOException: error=13, Permission denied
	at java.lang.UNIXProcess.forkAndExec(Native Method)
	at java.lang.UNIXProcess.<init>(UNIXProcess.java:135)
	at java.lang.ProcessImpl.start(ProcessImpl.java:130)
	at java.lang.ProcessBuilder.start(ProcessBuilder.java:1022)
	... 7 more

!ENTRY org.python.pydev.shared_core 4 4 2014-01-28 15:23:25.429
!MESSAGE java.io.IOException: Cannot run program "/Applications/eclipse/Eclipse.app/Contents/MacOS" (in directory "/Users/yair/Documents/Research/Code/carUnderstanding/mainProject"): error=13, Permission denied
!STACK 0
java.lang.RuntimeException: java.io.IOException: Cannot run program "/Applications/eclipse/Eclipse.app/Contents/MacOS" (in directory "/Users/yair/Documents/Research/Code/carUnderstanding/mainProject"): error=13, Permission denied
	at org.python.pydev.runners.SimpleRunner.run(SimpleRunner.java:308)
	at org.python.pydev.runners.SimpleRunner.runAndGetOutput(SimpleRunner.java:325)
	at org.python.pydev.builder.pylint.PyLintVisitor$PyLintThread.passPyLint(PyLintVisitor.java:231)
	at org.python.pydev.builder.pylint.PyLintVisitor$PyLintThread.run(PyLintVisitor.java:113)
Caused by: java.io.IOException: Cannot run program "/Applications/eclipse/Eclipse.app/Contents/MacOS" (in directory "/Users/yair/Documents/Research/Code/carUnderstanding/mainProject"): error=13, Permission denied
	at java.lang.ProcessBuilder.start(ProcessBuilder.java:1041)
	at java.lang.Runtime.exec(Runtime.java:617)
	at org.python.pydev.shared_core.process.ProcessUtils.createProcess(ProcessUtils.java:98)
	at org.python.pydev.runners.SimpleRunner.createProcess(SimpleRunner.java:49)
	at org.python.pydev.runners.SimpleRunner.run(SimpleRunner.java:306)
	... 3 more
Caused by: java.io.IOException: error=13, Permission denied
	at java.lang.UNIXProcess.forkAndExec(Native Method)
	at java.lang.UNIXProcess.<init>(UNIXProcess.java:135)
	at java.lang.ProcessImpl.start(ProcessImpl.java:130)
	at java.lang.ProcessBuilder.start(ProcessBuilder.java:1022)
	... 7 more

!ENTRY org.python.pydev.shared_core 4 4 2014-01-28 15:33:50.742
!MESSAGE java.io.IOException: Cannot run program "/Applications/eclipse/Eclipse.app/Contents/MacOS" (in directory "/Users/yair/Documents/Research/Code/carUnderstanding/mainProject"): error=13, Permission denied
!STACK 0
java.lang.RuntimeException: java.io.IOException: Cannot run program "/Applications/eclipse/Eclipse.app/Contents/MacOS" (in directory "/Users/yair/Documents/Research/Code/carUnderstanding/mainProject"): error=13, Permission denied
	at org.python.pydev.runners.SimpleRunner.run(SimpleRunner.java:308)
	at org.python.pydev.runners.SimpleRunner.runAndGetOutput(SimpleRunner.java:325)
	at org.python.pydev.builder.pylint.PyLintVisitor$PyLintThread.passPyLint(PyLintVisitor.java:231)
	at org.python.pydev.builder.pylint.PyLintVisitor$PyLintThread.run(PyLintVisitor.java:113)
Caused by: java.io.IOException: Cannot run program "/Applications/eclipse/Eclipse.app/Contents/MacOS" (in directory "/Users/yair/Documents/Research/Code/carUnderstanding/mainProject"): error=13, Permission denied
	at java.lang.ProcessBuilder.start(ProcessBuilder.java:1041)
	at java.lang.Runtime.exec(Runtime.java:617)
	at org.python.pydev.shared_core.process.ProcessUtils.createProcess(ProcessUtils.java:98)
	at org.python.pydev.runners.SimpleRunner.createProcess(SimpleRunner.java:49)
	at org.python.pydev.runners.SimpleRunner.run(SimpleRunner.java:306)
	... 3 more
Caused by: java.io.IOException: error=13, Permission denied
	at java.lang.UNIXProcess.forkAndExec(Native Method)
	at java.lang.UNIXProcess.<init>(UNIXProcess.java:135)
	at java.lang.ProcessImpl.start(ProcessImpl.java:130)
	at java.lang.ProcessBuilder.start(ProcessBuilder.java:1022)
	... 7 more

!ENTRY org.python.pydev.shared_core 4 4 2014-01-28 15:52:22.414
!MESSAGE java.io.IOException: Cannot run program "/Applications/eclipse/Eclipse.app/Contents/MacOS" (in directory "/Users/yair/Documents/Research/Code/carUnderstanding/mainProject"): error=13, Permission denied
!STACK 0
java.lang.RuntimeException: java.io.IOException: Cannot run program "/Applications/eclipse/Eclipse.app/Contents/MacOS" (in directory "/Users/yair/Documents/Research/Code/carUnderstanding/mainProject"): error=13, Permission denied
	at org.python.pydev.runners.SimpleRunner.run(SimpleRunner.java:308)
	at org.python.pydev.runners.SimpleRunner.runAndGetOutput(SimpleRunner.java:325)
	at org.python.pydev.builder.pylint.PyLintVisitor$PyLintThread.passPyLint(PyLintVisitor.java:231)
	at org.python.pydev.builder.pylint.PyLintVisitor$PyLintThread.run(PyLintVisitor.java:113)
Caused by: java.io.IOException: Cannot run program "/Applications/eclipse/Eclipse.app/Contents/MacOS" (in directory "/Users/yair/Documents/Research/Code/carUnderstanding/mainProject"): error=13, Permission denied
	at java.lang.ProcessBuilder.start(ProcessBuilder.java:1041)
	at java.lang.Runtime.exec(Runtime.java:617)
	at org.python.pydev.shared_core.process.ProcessUtils.createProcess(ProcessUtils.java:98)
	at org.python.pydev.runners.SimpleRunner.createProcess(SimpleRunner.java:49)
	at org.python.pydev.runners.SimpleRunner.run(SimpleRunner.java:306)
	... 3 more
Caused by: java.io.IOException: error=13, Permission denied
	at java.lang.UNIXProcess.forkAndExec(Native Method)
	at java.lang.UNIXProcess.<init>(UNIXProcess.java:135)
	at java.lang.ProcessImpl.start(ProcessImpl.java:130)
	at java.lang.ProcessBuilder.start(ProcessBuilder.java:1022)
	... 7 more

!ENTRY org.python.pydev.shared_core 4 4 2014-01-28 15:52:47.911
!MESSAGE java.io.IOException: Cannot run program "/Applications/eclipse/Eclipse.app/Contents/MacOS" (in directory "/Users/yair/Documents/Research/Code/carUnderstanding/mainProject"): error=13, Permission denied
!STACK 0
java.lang.RuntimeException: java.io.IOException: Cannot run program "/Applications/eclipse/Eclipse.app/Contents/MacOS" (in directory "/Users/yair/Documents/Research/Code/carUnderstanding/mainProject"): error=13, Permission denied
	at org.python.pydev.runners.SimpleRunner.run(SimpleRunner.java:308)
	at org.python.pydev.runners.SimpleRunner.runAndGetOutput(SimpleRunner.java:325)
	at org.python.pydev.builder.pylint.PyLintVisitor$PyLintThread.passPyLint(PyLintVisitor.java:231)
	at org.python.pydev.builder.pylint.PyLintVisitor$PyLintThread.run(PyLintVisitor.java:113)
Caused by: java.io.IOException: Cannot run program "/Applications/eclipse/Eclipse.app/Contents/MacOS" (in directory "/Users/yair/Documents/Research/Code/carUnderstanding/mainProject"): error=13, Permission denied
	at java.lang.ProcessBuilder.start(ProcessBuilder.java:1041)
	at java.lang.Runtime.exec(Runtime.java:617)
	at org.python.pydev.shared_core.process.ProcessUtils.createProcess(ProcessUtils.java:98)
	at org.python.pydev.runners.SimpleRunner.createProcess(SimpleRunner.java:49)
	at org.python.pydev.runners.SimpleRunner.run(SimpleRunner.java:306)
	... 3 more
Caused by: java.io.IOException: error=13, Permission denied
	at java.lang.UNIXProcess.forkAndExec(Native Method)
	at java.lang.UNIXProcess.<init>(UNIXProcess.java:135)
	at java.lang.ProcessImpl.start(ProcessImpl.java:130)
	at java.lang.ProcessBuilder.start(ProcessBuilder.java:1022)
	... 7 more

!ENTRY org.python.pydev.shared_core 4 4 2014-01-28 15:53:08.738
!MESSAGE java.io.IOException: Cannot run program "/Applications/eclipse/Eclipse.app/Contents/MacOS" (in directory "/Users/yair/Documents/Research/Code/carUnderstanding/mainProject"): error=13, Permission denied
!STACK 0
java.lang.RuntimeException: java.io.IOException: Cannot run program "/Applications/eclipse/Eclipse.app/Contents/MacOS" (in directory "/Users/yair/Documents/Research/Code/carUnderstanding/mainProject"): error=13, Permission denied
	at org.python.pydev.runners.SimpleRunner.run(SimpleRunner.java:308)
	at org.python.pydev.runners.SimpleRunner.runAndGetOutput(SimpleRunner.java:325)
	at org.python.pydev.builder.pylint.PyLintVisitor$PyLintThread.passPyLint(PyLintVisitor.java:231)
	at org.python.pydev.builder.pylint.PyLintVisitor$PyLintThread.run(PyLintVisitor.java:113)
Caused by: java.io.IOException: Cannot run program "/Applications/eclipse/Eclipse.app/Contents/MacOS" (in directory "/Users/yair/Documents/Research/Code/carUnderstanding/mainProject"): error=13, Permission denied
	at java.lang.ProcessBuilder.start(ProcessBuilder.java:1041)
	at java.lang.Runtime.exec(Runtime.java:617)
	at org.python.pydev.shared_core.process.ProcessUtils.createProcess(ProcessUtils.java:98)
	at org.python.pydev.runners.SimpleRunner.createProcess(SimpleRunner.java:49)
	at org.python.pydev.runners.SimpleRunner.run(SimpleRunner.java:306)
	... 3 more
Caused by: java.io.IOException: error=13, Permission denied
	at java.lang.UNIXProcess.forkAndExec(Native Method)
	at java.lang.UNIXProcess.<init>(UNIXProcess.java:135)
	at java.lang.ProcessImpl.start(ProcessImpl.java:130)
	at java.lang.ProcessBuilder.start(ProcessBuilder.java:1022)
	... 7 more

!ENTRY org.python.pydev.shared_core 4 4 2014-01-28 16:00:01.620
!MESSAGE java.io.IOException: Cannot run program "/Applications/eclipse/Eclipse.app/Contents/MacOS" (in directory "/Users/yair/Documents/Research/Code/carUnderstanding/mainProject"): error=13, Permission denied
!STACK 0
java.lang.RuntimeException: java.io.IOException: Cannot run program "/Applications/eclipse/Eclipse.app/Contents/MacOS" (in directory "/Users/yair/Documents/Research/Code/carUnderstanding/mainProject"): error=13, Permission denied
	at org.python.pydev.runners.SimpleRunner.run(SimpleRunner.java:308)
	at org.python.pydev.runners.SimpleRunner.runAndGetOutput(SimpleRunner.java:325)
	at org.python.pydev.builder.pylint.PyLintVisitor$PyLintThread.passPyLint(PyLintVisitor.java:231)
	at org.python.pydev.builder.pylint.PyLintVisitor$PyLintThread.run(PyLintVisitor.java:113)
Caused by: java.io.IOException: Cannot run program "/Applications/eclipse/Eclipse.app/Contents/MacOS" (in directory "/Users/yair/Documents/Research/Code/carUnderstanding/mainProject"): error=13, Permission denied
	at java.lang.ProcessBuilder.start(ProcessBuilder.java:1041)
	at java.lang.Runtime.exec(Runtime.java:617)
	at org.python.pydev.shared_core.process.ProcessUtils.createProcess(ProcessUtils.java:98)
	at org.python.pydev.runners.SimpleRunner.createProcess(SimpleRunner.java:49)
	at org.python.pydev.runners.SimpleRunner.run(SimpleRunner.java:306)
	... 3 more
Caused by: java.io.IOException: error=13, Permission denied
	at java.lang.UNIXProcess.forkAndExec(Native Method)
	at java.lang.UNIXProcess.<init>(UNIXProcess.java:135)
	at java.lang.ProcessImpl.start(ProcessImpl.java:130)
	at java.lang.ProcessBuilder.start(ProcessBuilder.java:1022)
	... 7 more

!ENTRY org.python.pydev.shared_core 4 4 2014-01-28 16:08:04.186
!MESSAGE Unable to read contents from: /Users/yair/Documents/Research/Code/carUnderstanding/.metadata/.plugins/org.python.pydev/v1_2uh94m7hcn1lcb1rqonl86tui/shell/__b_bh7hwpl2cqe01awnaz8mtlj2v.top
!STACK 0
java.io.EOFException: Unexpected end of ZLIB input stream
	at java.util.zip.InflaterInputStream.fill(InflaterInputStream.java:240)
	at java.util.zip.InflaterInputStream.read(InflaterInputStream.java:158)
	at java.util.zip.GZIPInputStream.read(GZIPInputStream.java:116)
	at java.io.BufferedInputStream.fill(BufferedInputStream.java:235)
	at java.io.BufferedInputStream.read1(BufferedInputStream.java:275)
	at java.io.BufferedInputStream.read(BufferedInputStream.java:334)
	at java.io.ObjectInputStream$PeekInputStream.read(ObjectInputStream.java:2310)
	at java.io.ObjectInputStream$PeekInputStream.readFully(ObjectInputStream.java:2323)
	at java.io.ObjectInputStream$BlockDataInputStream.readShort(ObjectInputStream.java:2794)
	at java.io.ObjectInputStream.readStreamHeader(ObjectInputStream.java:801)
	at java.io.ObjectInputStream.<init>(ObjectInputStream.java:299)
	at org.python.pydev.editor.codecompletion.revisited.modules.CompiledModule.getCached(CompiledModule.java:283)
	at org.python.pydev.editor.codecompletion.revisited.modules.CompiledModule.<init>(CompiledModule.java:149)
	at org.python.pydev.editor.codecompletion.revisited.SystemModulesManager.getBuiltinModule(SystemModulesManager.java:327)
	at org.python.pydev.editor.codecompletion.revisited.SystemModulesManager.getBuiltinModule(SystemModulesManager.java:1)
	at org.python.pydev.editor.codecompletion.revisited.ProjectModulesManager.getModuleAndRelatedModulesManager(ProjectModulesManager.java:192)
	at org.python.pydev.editor.codecompletion.revisited.ProjectModulesManager.getModule(ProjectModulesManager.java:172)
	at org.python.pydev.editor.codecompletion.revisited.AbstractASTManager.getModule(AbstractASTManager.java:434)
	at org.python.pydev.editor.codecompletion.revisited.modules.SourceModule.findGlobalTokDef(SourceModule.java:1033)
	at org.python.pydev.editor.codecompletion.revisited.modules.SourceModule.findDefinitionsFromModAndTok(SourceModule.java:923)
	at org.python.pydev.editor.codecompletion.revisited.modules.SourceModule.findDefinition(SourceModule.java:905)
	at org.python.pydev.editor.codecompletion.revisited.modules.SourceModule.findDefinition(SourceModule.java:664)
	at org.python.pydev.editor.codecompletion.revisited.modules.SourceModule.getGlobalTokens(SourceModule.java:438)
	at org.python.pydev.editor.codecompletion.revisited.AbstractASTManager.internalGenerateGetCompletionsForModule(AbstractASTManager.java:715)
	at org.python.pydev.editor.codecompletion.revisited.AbstractASTManager.getCompletionsForModule(AbstractASTManager.java:541)
	at org.python.pydev.editor.codecompletion.revisited.AbstractASTManager.getCompletionsForModule(AbstractASTManager.java:510)
	at org.python.pydev.editor.codecompletion.revisited.AbstractASTManager.getCompletionsForModule(AbstractASTManager.java:502)
	at org.python.pydev.editor.codecompletion.revisited.AbstractASTManager.getCompletionsForModule(AbstractASTManager.java:493)
	at org.python.pydev.editor.codecompletion.revisited.AssignAnalysis.addNonFunctionDefCompletionsFromAssign(AssignAnalysis.java:264)
	at org.python.pydev.editor.codecompletion.revisited.AssignAnalysis.getAssignCompletions(AssignAnalysis.java:91)
	at org.python.pydev.editor.codecompletion.revisited.AbstractASTManager.getAssignCompletions(AbstractASTManager.java:802)
	at org.python.pydev.editor.codecompletion.revisited.AbstractASTManager.internalGenerateGetCompletionsForModule(AbstractASTManager.java:776)
	at org.python.pydev.editor.codecompletion.revisited.AbstractASTManager.getCompletionsForModule(AbstractASTManager.java:541)
	at org.python.pydev.editor.codecompletion.revisited.AbstractASTManager.getCompletionsForModule(AbstractASTManager.java:510)
	at org.python.pydev.editor.codecompletion.revisited.AbstractASTManager.getCompletionsForModule(AbstractASTManager.java:502)
	at org.python.pydev.editor.codecompletion.revisited.AbstractASTManager.getCompletionsForModule(AbstractASTManager.java:493)
	at org.python.pydev.editor.codecompletion.revisited.AssignAnalysis.addFunctionDefCompletionsFromReturn(AssignAnalysis.java:154)
	at org.python.pydev.editor.codecompletion.revisited.AssignAnalysis.getAssignCompletions(AssignAnalysis.java:89)
	at org.python.pydev.editor.codecompletion.revisited.AbstractASTManager.getAssignCompletions(AbstractASTManager.java:802)
	at org.python.pydev.editor.codecompletion.revisited.AbstractASTManager.internalGenerateGetCompletionsForModule(AbstractASTManager.java:776)
	at org.python.pydev.editor.codecompletion.revisited.AbstractASTManager.getCompletionsForModule(AbstractASTManager.java:541)
	at org.python.pydev.editor.codecompletion.revisited.AbstractASTManager.getCompletionsForModule(AbstractASTManager.java:510)
	at org.python.pydev.editor.codecompletion.revisited.AbstractASTManager.getCompletionsForModule(AbstractASTManager.java:502)
	at org.python.pydev.editor.codecompletion.revisited.modules.SourceModule.findGlobalTokDef(SourceModule.java:974)
	at org.python.pydev.editor.codecompletion.revisited.modules.SourceModule.findDefinitionsFromModAndTok(SourceModule.java:923)
	at org.python.pydev.editor.codecompletion.revisited.modules.SourceModule.findDefinition(SourceModule.java:905)
	at org.python.pydev.editor.codecompletion.revisited.modules.SourceModule.findDefinition(SourceModule.java:664)
	at org.python.pydev.editor.codecompletion.revisited.modules.SourceModule.getGlobalTokens(SourceModule.java:438)
	at org.python.pydev.editor.codecompletion.revisited.AbstractASTManager.internalGenerateGetCompletionsForModule(AbstractASTManager.java:715)
	at org.python.pydev.editor.codecompletion.revisited.AbstractASTManager.getCompletionsForModule(AbstractASTManager.java:541)
	at org.python.pydev.editor.codecompletion.revisited.AbstractASTManager.getCompletionsForModule(AbstractASTManager.java:510)
	at org.python.pydev.editor.codecompletion.revisited.AbstractASTManager.getCompletionsForModule(AbstractASTManager.java:502)
	at org.python.pydev.editor.codecompletion.revisited.AbstractASTManager.getCompletionsForModule(AbstractASTManager.java:493)
	at org.python.pydev.editor.codecompletion.revisited.AbstractASTManager.searchOnSameLevelMods(AbstractASTManager.java:903)
	at org.python.pydev.editor.codecompletion.revisited.AbstractASTManager.internalGenerateGetCompletionsForModule(AbstractASTManager.java:686)
	at org.python.pydev.editor.codecompletion.revisited.AbstractASTManager.getCompletionsForModule(AbstractASTManager.java:541)
	at org.python.pydev.editor.codecompletion.revisited.AbstractASTManager.getCompletionsForModule(AbstractASTManager.java:510)
	at org.python.pydev.editor.codecompletion.revisited.AbstractASTManager.getCompletionsForModule(AbstractASTManager.java:502)
	at org.python.pydev.editor.codecompletion.revisited.modules.SourceModule.findGlobalTokDef(SourceModule.java:974)
	at org.python.pydev.editor.codecompletion.revisited.modules.SourceModule.findDefinitionsFromModAndTok(SourceModule.java:923)
	at org.python.pydev.editor.codecompletion.revisited.modules.SourceModule.findDefinition(SourceModule.java:905)
	at org.python.pydev.editor.codecompletion.revisited.modules.SourceModule.findDefinition(SourceModule.java:786)
	at org.python.pydev.editor.codecompletion.revisited.modules.SourceModule.findDefinition(SourceModule.java:664)
	at org.python.pydev.editor.codecompletion.revisited.AssignAnalysis.getAssignCompletions(AssignAnalysis.java:67)
	at org.python.pydev.editor.codecompletion.revisited.AbstractASTManager.getAssignCompletions(AbstractASTManager.java:802)
	at org.python.pydev.editor.codecompletion.revisited.AbstractASTManager.internalGenerateGetCompletionsForModule(AbstractASTManager.java:776)
	at org.python.pydev.editor.codecompletion.revisited.AbstractASTManager.getCompletionsForModule(AbstractASTManager.java:541)
	at org.python.pydev.editor.codecompletion.revisited.AbstractASTManager.getCompletionsForModule(AbstractASTManager.java:510)
	at org.python.pydev.editor.codecompletion.revisited.AbstractASTManager.getCompletionsForModule(AbstractASTManager.java:502)
	at org.python.pydev.editor.codecompletion.revisited.AbstractASTManager.getCompletionsForModule(AbstractASTManager.java:493)
	at org.python.pydev.editor.codecompletion.revisited.AssignAnalysis.addFunctionDefCompletionsFromReturn(AssignAnalysis.java:154)
	at org.python.pydev.editor.codecompletion.revisited.AssignAnalysis.getAssignCompletions(AssignAnalysis.java:89)
	at org.python.pydev.editor.codecompletion.revisited.AbstractASTManager.getAssignCompletions(AbstractASTManager.java:802)
	at org.python.pydev.editor.codecompletion.revisited.AbstractASTManager.internalGenerateGetCompletionsForModule(AbstractASTManager.java:776)
	at org.python.pydev.editor.codecompletion.revisited.AbstractASTManager.getCompletionsForModule(AbstractASTManager.java:541)
	at org.python.pydev.editor.codecompletion.revisited.AbstractASTManager.getCompletionsForModule(AbstractASTManager.java:510)
	at org.python.pydev.editor.codecompletion.revisited.AbstractASTManager.getCompletionsForModule(AbstractASTManager.java:502)
	at org.python.pydev.editor.codecompletion.revisited.AbstractASTManager.getCompletionsForModule(AbstractASTManager.java:493)
	at org.python.pydev.editor.codecompletion.revisited.AbstractASTManager.findTokensOnImportedMods(AbstractASTManager.java:1146)
	at org.python.pydev.editor.codecompletion.revisited.AbstractASTManager.internalGenerateGetCompletionsForModule(AbstractASTManager.java:679)
	at org.python.pydev.editor.codecompletion.revisited.AbstractASTManager.getCompletionsForModule(AbstractASTManager.java:541)
	at org.python.pydev.editor.codecompletion.revisited.AbstractASTManager.getCompletionsForModule(AbstractASTManager.java:510)
	at org.python.pydev.editor.codecompletion.revisited.AbstractASTManager.getCompletionsForModule(AbstractASTManager.java:502)
	at org.python.pydev.editor.codecompletion.revisited.AbstractASTManager.getCompletionsForModule(AbstractASTManager.java:493)
	at org.python.pydev.editor.codecompletion.revisited.AssignAnalysis.addNonFunctionDefCompletionsFromAssign(AssignAnalysis.java:264)
	at org.python.pydev.editor.codecompletion.revisited.AssignAnalysis.getAssignCompletions(AssignAnalysis.java:91)
	at org.python.pydev.editor.codecompletion.revisited.AbstractASTManager.getAssignCompletions(AbstractASTManager.java:802)
	at org.python.pydev.editor.codecompletion.revisited.AbstractASTManager.internalGenerateGetCompletionsForModule(AbstractASTManager.java:776)
	at org.python.pydev.editor.codecompletion.revisited.AbstractASTManager.getCompletionsForModule(AbstractASTManager.java:541)
	at org.python.pydev.editor.codecompletion.revisited.AbstractASTManager.getCompletionsForModule(AbstractASTManager.java:510)
	at org.python.pydev.editor.codecompletion.revisited.AbstractASTManager.getCompletionsForModule(AbstractASTManager.java:502)
	at org.python.pydev.editor.codecompletion.revisited.modules.SourceModule.findGlobalTokDef(SourceModule.java:974)
	at org.python.pydev.editor.codecompletion.revisited.modules.SourceModule.findDefinitionsFromModAndTok(SourceModule.java:923)
	at org.python.pydev.editor.codecompletion.revisited.modules.SourceModule.findDefinition(SourceModule.java:905)
	at org.python.pydev.editor.codecompletion.revisited.modules.SourceModule.findDefinition(SourceModule.java:664)
	at org.python.pydev.editor.codecompletion.revisited.modules.SourceModule.findDefinition(SourceModule.java:1)
	at org.python.pydev.editor.refactoring.PyRefactoringFindDefinition.findActualDefinition(PyRefactoringFindDefinition.java:177)
	at org.python.pydev.editor.refactoring.PyRefactoringFindDefinition.findActualDefinition(PyRefactoringFindDefinition.java:79)
	at com.python.pydev.refactoring.refactorer.RefactorerFindDefinition.findDefinition(RefactorerFindDefinition.java:61)
	at com.python.pydev.refactoring.refactorer.Refactorer.findDefinition(Refactorer.java:114)
	at com.python.pydev.refactoring.wizards.rename.PyRenameEntryPoint.checkInitialConditions(PyRenameEntryPoint.java:231)
	at com.python.pydev.refactoring.markoccurrences.MarkOccurrencesJob.checkAnnotations(MarkOccurrencesJob.java:222)
	at com.python.pydev.refactoring.markoccurrences.MarkOccurrencesJob.run(MarkOccurrencesJob.java:126)
	at org.eclipse.core.internal.jobs.Worker.run(Worker.java:53)

!ENTRY org.python.pydev.shared_core 4 4 2014-01-28 16:08:59.441
!MESSAGE java.io.IOException: Cannot run program "/Applications/eclipse/Eclipse.app/Contents/MacOS" (in directory "/Users/yair/Documents/Research/Code/carUnderstanding/mainProject"): error=13, Permission denied
!STACK 0
java.lang.RuntimeException: java.io.IOException: Cannot run program "/Applications/eclipse/Eclipse.app/Contents/MacOS" (in directory "/Users/yair/Documents/Research/Code/carUnderstanding/mainProject"): error=13, Permission denied
	at org.python.pydev.runners.SimpleRunner.run(SimpleRunner.java:308)
	at org.python.pydev.runners.SimpleRunner.runAndGetOutput(SimpleRunner.java:325)
	at org.python.pydev.builder.pylint.PyLintVisitor$PyLintThread.passPyLint(PyLintVisitor.java:231)
	at org.python.pydev.builder.pylint.PyLintVisitor$PyLintThread.run(PyLintVisitor.java:113)
Caused by: java.io.IOException: Cannot run program "/Applications/eclipse/Eclipse.app/Contents/MacOS" (in directory "/Users/yair/Documents/Research/Code/carUnderstanding/mainProject"): error=13, Permission denied
	at java.lang.ProcessBuilder.start(ProcessBuilder.java:1041)
	at java.lang.Runtime.exec(Runtime.java:617)
	at org.python.pydev.shared_core.process.ProcessUtils.createProcess(ProcessUtils.java:98)
	at org.python.pydev.runners.SimpleRunner.createProcess(SimpleRunner.java:49)
	at org.python.pydev.runners.SimpleRunner.run(SimpleRunner.java:306)
	... 3 more
Caused by: java.io.IOException: error=13, Permission denied
	at java.lang.UNIXProcess.forkAndExec(Native Method)
	at java.lang.UNIXProcess.<init>(UNIXProcess.java:135)
	at java.lang.ProcessImpl.start(ProcessImpl.java:130)
	at java.lang.ProcessBuilder.start(ProcessBuilder.java:1022)
	... 7 more

!ENTRY org.python.pydev.shared_core 4 4 2014-01-28 16:09:32.092
!MESSAGE java.io.IOException: Cannot run program "/Applications/eclipse/Eclipse.app/Contents/MacOS" (in directory "/Users/yair/Documents/Research/Code/carUnderstanding/mainProject"): error=13, Permission denied
!STACK 0
java.lang.RuntimeException: java.io.IOException: Cannot run program "/Applications/eclipse/Eclipse.app/Contents/MacOS" (in directory "/Users/yair/Documents/Research/Code/carUnderstanding/mainProject"): error=13, Permission denied
	at org.python.pydev.runners.SimpleRunner.run(SimpleRunner.java:308)
	at org.python.pydev.runners.SimpleRunner.runAndGetOutput(SimpleRunner.java:325)
	at org.python.pydev.builder.pylint.PyLintVisitor$PyLintThread.passPyLint(PyLintVisitor.java:231)
	at org.python.pydev.builder.pylint.PyLintVisitor$PyLintThread.run(PyLintVisitor.java:113)
Caused by: java.io.IOException: Cannot run program "/Applications/eclipse/Eclipse.app/Contents/MacOS" (in directory "/Users/yair/Documents/Research/Code/carUnderstanding/mainProject"): error=13, Permission denied
	at java.lang.ProcessBuilder.start(ProcessBuilder.java:1041)
	at java.lang.Runtime.exec(Runtime.java:617)
	at org.python.pydev.shared_core.process.ProcessUtils.createProcess(ProcessUtils.java:98)
	at org.python.pydev.runners.SimpleRunner.createProcess(SimpleRunner.java:49)
	at org.python.pydev.runners.SimpleRunner.run(SimpleRunner.java:306)
	... 3 more
Caused by: java.io.IOException: error=13, Permission denied
	at java.lang.UNIXProcess.forkAndExec(Native Method)
	at java.lang.UNIXProcess.<init>(UNIXProcess.java:135)
	at java.lang.ProcessImpl.start(ProcessImpl.java:130)
	at java.lang.ProcessBuilder.start(ProcessBuilder.java:1022)
	... 7 more

!ENTRY org.python.pydev.shared_core 4 4 2014-01-28 16:23:51.952
!MESSAGE java.io.IOException: Cannot run program "/Applications/eclipse/Eclipse.app/Contents/MacOS" (in directory "/Users/yair/Documents/Research/Code/carUnderstanding/mainProject"): error=13, Permission denied
!STACK 0
java.lang.RuntimeException: java.io.IOException: Cannot run program "/Applications/eclipse/Eclipse.app/Contents/MacOS" (in directory "/Users/yair/Documents/Research/Code/carUnderstanding/mainProject"): error=13, Permission denied
	at org.python.pydev.runners.SimpleRunner.run(SimpleRunner.java:308)
	at org.python.pydev.runners.SimpleRunner.runAndGetOutput(SimpleRunner.java:325)
	at org.python.pydev.builder.pylint.PyLintVisitor$PyLintThread.passPyLint(PyLintVisitor.java:231)
	at org.python.pydev.builder.pylint.PyLintVisitor$PyLintThread.run(PyLintVisitor.java:113)
Caused by: java.io.IOException: Cannot run program "/Applications/eclipse/Eclipse.app/Contents/MacOS" (in directory "/Users/yair/Documents/Research/Code/carUnderstanding/mainProject"): error=13, Permission denied
	at java.lang.ProcessBuilder.start(ProcessBuilder.java:1041)
	at java.lang.Runtime.exec(Runtime.java:617)
	at org.python.pydev.shared_core.process.ProcessUtils.createProcess(ProcessUtils.java:98)
	at org.python.pydev.runners.SimpleRunner.createProcess(SimpleRunner.java:49)
	at org.python.pydev.runners.SimpleRunner.run(SimpleRunner.java:306)
	... 3 more
Caused by: java.io.IOException: error=13, Permission denied
	at java.lang.UNIXProcess.forkAndExec(Native Method)
	at java.lang.UNIXProcess.<init>(UNIXProcess.java:135)
	at java.lang.ProcessImpl.start(ProcessImpl.java:130)
	at java.lang.ProcessBuilder.start(ProcessBuilder.java:1022)
	... 7 more

!ENTRY org.python.pydev.shared_core 4 4 2014-01-28 16:52:21.946
!MESSAGE java.io.IOException: Cannot run program "/Applications/eclipse/Eclipse.app/Contents/MacOS" (in directory "/Users/yair/Documents/Research/Code/carUnderstanding/mainProject"): error=13, Permission denied
!STACK 0
java.lang.RuntimeException: java.io.IOException: Cannot run program "/Applications/eclipse/Eclipse.app/Contents/MacOS" (in directory "/Users/yair/Documents/Research/Code/carUnderstanding/mainProject"): error=13, Permission denied
	at org.python.pydev.runners.SimpleRunner.run(SimpleRunner.java:308)
	at org.python.pydev.runners.SimpleRunner.runAndGetOutput(SimpleRunner.java:325)
	at org.python.pydev.builder.pylint.PyLintVisitor$PyLintThread.passPyLint(PyLintVisitor.java:231)
	at org.python.pydev.builder.pylint.PyLintVisitor$PyLintThread.run(PyLintVisitor.java:113)
Caused by: java.io.IOException: Cannot run program "/Applications/eclipse/Eclipse.app/Contents/MacOS" (in directory "/Users/yair/Documents/Research/Code/carUnderstanding/mainProject"): error=13, Permission denied
	at java.lang.ProcessBuilder.start(ProcessBuilder.java:1041)
	at java.lang.Runtime.exec(Runtime.java:617)
	at org.python.pydev.shared_core.process.ProcessUtils.createProcess(ProcessUtils.java:98)
	at org.python.pydev.runners.SimpleRunner.createProcess(SimpleRunner.java:49)
	at org.python.pydev.runners.SimpleRunner.run(SimpleRunner.java:306)
	... 3 more
Caused by: java.io.IOException: error=13, Permission denied
	at java.lang.UNIXProcess.forkAndExec(Native Method)
	at java.lang.UNIXProcess.<init>(UNIXProcess.java:135)
	at java.lang.ProcessImpl.start(ProcessImpl.java:130)
	at java.lang.ProcessBuilder.start(ProcessBuilder.java:1022)
	... 7 more

!ENTRY org.python.pydev.shared_core 4 4 2014-01-28 17:47:01.680
!MESSAGE java.io.IOException: Cannot run program "/Applications/eclipse/Eclipse.app/Contents/MacOS" (in directory "/Users/yair/Documents/Research/Code/carUnderstanding/mainProject"): error=13, Permission denied
!STACK 0
java.lang.RuntimeException: java.io.IOException: Cannot run program "/Applications/eclipse/Eclipse.app/Contents/MacOS" (in directory "/Users/yair/Documents/Research/Code/carUnderstanding/mainProject"): error=13, Permission denied
	at org.python.pydev.runners.SimpleRunner.run(SimpleRunner.java:308)
	at org.python.pydev.runners.SimpleRunner.runAndGetOutput(SimpleRunner.java:325)
	at org.python.pydev.builder.pylint.PyLintVisitor$PyLintThread.passPyLint(PyLintVisitor.java:231)
	at org.python.pydev.builder.pylint.PyLintVisitor$PyLintThread.run(PyLintVisitor.java:113)
Caused by: java.io.IOException: Cannot run program "/Applications/eclipse/Eclipse.app/Contents/MacOS" (in directory "/Users/yair/Documents/Research/Code/carUnderstanding/mainProject"): error=13, Permission denied
	at java.lang.ProcessBuilder.start(ProcessBuilder.java:1041)
	at java.lang.Runtime.exec(Runtime.java:617)
	at org.python.pydev.shared_core.process.ProcessUtils.createProcess(ProcessUtils.java:98)
	at org.python.pydev.runners.SimpleRunner.createProcess(SimpleRunner.java:49)
	at org.python.pydev.runners.SimpleRunner.run(SimpleRunner.java:306)
	... 3 more
Caused by: java.io.IOException: error=13, Permission denied
	at java.lang.UNIXProcess.forkAndExec(Native Method)
	at java.lang.UNIXProcess.<init>(UNIXProcess.java:135)
	at java.lang.ProcessImpl.start(ProcessImpl.java:130)
	at java.lang.ProcessBuilder.start(ProcessBuilder.java:1022)
	... 7 more

!ENTRY org.python.pydev.shared_core 4 4 2014-01-28 17:47:40.263
!MESSAGE java.io.IOException: Cannot run program "/Applications/eclipse/Eclipse.app/Contents/MacOS" (in directory "/Users/yair/Documents/Research/Code/carUnderstanding/mainProject"): error=13, Permission denied
!STACK 0
java.lang.RuntimeException: java.io.IOException: Cannot run program "/Applications/eclipse/Eclipse.app/Contents/MacOS" (in directory "/Users/yair/Documents/Research/Code/carUnderstanding/mainProject"): error=13, Permission denied
	at org.python.pydev.runners.SimpleRunner.run(SimpleRunner.java:308)
	at org.python.pydev.runners.SimpleRunner.runAndGetOutput(SimpleRunner.java:325)
	at org.python.pydev.builder.pylint.PyLintVisitor$PyLintThread.passPyLint(PyLintVisitor.java:231)
	at org.python.pydev.builder.pylint.PyLintVisitor$PyLintThread.run(PyLintVisitor.java:113)
Caused by: java.io.IOException: Cannot run program "/Applications/eclipse/Eclipse.app/Contents/MacOS" (in directory "/Users/yair/Documents/Research/Code/carUnderstanding/mainProject"): error=13, Permission denied
	at java.lang.ProcessBuilder.start(ProcessBuilder.java:1041)
	at java.lang.Runtime.exec(Runtime.java:617)
	at org.python.pydev.shared_core.process.ProcessUtils.createProcess(ProcessUtils.java:98)
	at org.python.pydev.runners.SimpleRunner.createProcess(SimpleRunner.java:49)
	at org.python.pydev.runners.SimpleRunner.run(SimpleRunner.java:306)
	... 3 more
Caused by: java.io.IOException: error=13, Permission denied
	at java.lang.UNIXProcess.forkAndExec(Native Method)
	at java.lang.UNIXProcess.<init>(UNIXProcess.java:135)
	at java.lang.ProcessImpl.start(ProcessImpl.java:130)
	at java.lang.ProcessBuilder.start(ProcessBuilder.java:1022)
	... 7 more

!ENTRY org.python.pydev.shared_core 4 4 2014-01-28 17:58:16.928
!MESSAGE java.io.IOException: Cannot run program "/Applications/eclipse/Eclipse.app/Contents/MacOS" (in directory "/Users/yair/Documents/Research/Code/carUnderstanding/mainProject"): error=13, Permission denied
!STACK 0
java.lang.RuntimeException: java.io.IOException: Cannot run program "/Applications/eclipse/Eclipse.app/Contents/MacOS" (in directory "/Users/yair/Documents/Research/Code/carUnderstanding/mainProject"): error=13, Permission denied
	at org.python.pydev.runners.SimpleRunner.run(SimpleRunner.java:308)
	at org.python.pydev.runners.SimpleRunner.runAndGetOutput(SimpleRunner.java:325)
	at org.python.pydev.builder.pylint.PyLintVisitor$PyLintThread.passPyLint(PyLintVisitor.java:231)
	at org.python.pydev.builder.pylint.PyLintVisitor$PyLintThread.run(PyLintVisitor.java:113)
Caused by: java.io.IOException: Cannot run program "/Applications/eclipse/Eclipse.app/Contents/MacOS" (in directory "/Users/yair/Documents/Research/Code/carUnderstanding/mainProject"): error=13, Permission denied
	at java.lang.ProcessBuilder.start(ProcessBuilder.java:1041)
	at java.lang.Runtime.exec(Runtime.java:617)
	at org.python.pydev.shared_core.process.ProcessUtils.createProcess(ProcessUtils.java:98)
	at org.python.pydev.runners.SimpleRunner.createProcess(SimpleRunner.java:49)
	at org.python.pydev.runners.SimpleRunner.run(SimpleRunner.java:306)
	... 3 more
Caused by: java.io.IOException: error=13, Permission denied
	at java.lang.UNIXProcess.forkAndExec(Native Method)
	at java.lang.UNIXProcess.<init>(UNIXProcess.java:135)
	at java.lang.ProcessImpl.start(ProcessImpl.java:130)
	at java.lang.ProcessBuilder.start(ProcessBuilder.java:1022)
	... 7 more

!ENTRY org.python.pydev.shared_core 4 4 2014-01-28 18:00:14.834
!MESSAGE java.io.IOException: Cannot run program "/Applications/eclipse/Eclipse.app/Contents/MacOS" (in directory "/Users/yair/Documents/Research/Code/carUnderstanding/mainProject"): error=13, Permission denied
!STACK 0
java.lang.RuntimeException: java.io.IOException: Cannot run program "/Applications/eclipse/Eclipse.app/Contents/MacOS" (in directory "/Users/yair/Documents/Research/Code/carUnderstanding/mainProject"): error=13, Permission denied
	at org.python.pydev.runners.SimpleRunner.run(SimpleRunner.java:308)
	at org.python.pydev.runners.SimpleRunner.runAndGetOutput(SimpleRunner.java:325)
	at org.python.pydev.builder.pylint.PyLintVisitor$PyLintThread.passPyLint(PyLintVisitor.java:231)
	at org.python.pydev.builder.pylint.PyLintVisitor$PyLintThread.run(PyLintVisitor.java:113)
Caused by: java.io.IOException: Cannot run program "/Applications/eclipse/Eclipse.app/Contents/MacOS" (in directory "/Users/yair/Documents/Research/Code/carUnderstanding/mainProject"): error=13, Permission denied
	at java.lang.ProcessBuilder.start(ProcessBuilder.java:1041)
	at java.lang.Runtime.exec(Runtime.java:617)
	at org.python.pydev.shared_core.process.ProcessUtils.createProcess(ProcessUtils.java:98)
	at org.python.pydev.runners.SimpleRunner.createProcess(SimpleRunner.java:49)
	at org.python.pydev.runners.SimpleRunner.run(SimpleRunner.java:306)
	... 3 more
Caused by: java.io.IOException: error=13, Permission denied
	at java.lang.UNIXProcess.forkAndExec(Native Method)
	at java.lang.UNIXProcess.<init>(UNIXProcess.java:135)
	at java.lang.ProcessImpl.start(ProcessImpl.java:130)
	at java.lang.ProcessBuilder.start(ProcessBuilder.java:1022)
	... 7 more

!ENTRY org.python.pydev.shared_core 4 4 2014-01-28 18:00:56.478
!MESSAGE java.io.IOException: Cannot run program "/Applications/eclipse/Eclipse.app/Contents/MacOS" (in directory "/Users/yair/Documents/Research/Code/carUnderstanding/mainProject"): error=13, Permission denied
!STACK 0
java.lang.RuntimeException: java.io.IOException: Cannot run program "/Applications/eclipse/Eclipse.app/Contents/MacOS" (in directory "/Users/yair/Documents/Research/Code/carUnderstanding/mainProject"): error=13, Permission denied
	at org.python.pydev.runners.SimpleRunner.run(SimpleRunner.java:308)
	at org.python.pydev.runners.SimpleRunner.runAndGetOutput(SimpleRunner.java:325)
	at org.python.pydev.builder.pylint.PyLintVisitor$PyLintThread.passPyLint(PyLintVisitor.java:231)
	at org.python.pydev.builder.pylint.PyLintVisitor$PyLintThread.run(PyLintVisitor.java:113)
Caused by: java.io.IOException: Cannot run program "/Applications/eclipse/Eclipse.app/Contents/MacOS" (in directory "/Users/yair/Documents/Research/Code/carUnderstanding/mainProject"): error=13, Permission denied
	at java.lang.ProcessBuilder.start(ProcessBuilder.java:1041)
	at java.lang.Runtime.exec(Runtime.java:617)
	at org.python.pydev.shared_core.process.ProcessUtils.createProcess(ProcessUtils.java:98)
	at org.python.pydev.runners.SimpleRunner.createProcess(SimpleRunner.java:49)
	at org.python.pydev.runners.SimpleRunner.run(SimpleRunner.java:306)
	... 3 more
Caused by: java.io.IOException: error=13, Permission denied
	at java.lang.UNIXProcess.forkAndExec(Native Method)
	at java.lang.UNIXProcess.<init>(UNIXProcess.java:135)
	at java.lang.ProcessImpl.start(ProcessImpl.java:130)
	at java.lang.ProcessBuilder.start(ProcessBuilder.java:1022)
	... 7 more

!ENTRY org.python.pydev.shared_core 4 4 2014-01-28 18:08:09.394
!MESSAGE java.io.IOException: Cannot run program "/Applications/eclipse/Eclipse.app/Contents/MacOS" (in directory "/Users/yair/Documents/Research/Code/carUnderstanding/mainProject"): error=13, Permission denied
!STACK 0
java.lang.RuntimeException: java.io.IOException: Cannot run program "/Applications/eclipse/Eclipse.app/Contents/MacOS" (in directory "/Users/yair/Documents/Research/Code/carUnderstanding/mainProject"): error=13, Permission denied
	at org.python.pydev.runners.SimpleRunner.run(SimpleRunner.java:308)
	at org.python.pydev.runners.SimpleRunner.runAndGetOutput(SimpleRunner.java:325)
	at org.python.pydev.builder.pylint.PyLintVisitor$PyLintThread.passPyLint(PyLintVisitor.java:231)
	at org.python.pydev.builder.pylint.PyLintVisitor$PyLintThread.run(PyLintVisitor.java:113)
Caused by: java.io.IOException: Cannot run program "/Applications/eclipse/Eclipse.app/Contents/MacOS" (in directory "/Users/yair/Documents/Research/Code/carUnderstanding/mainProject"): error=13, Permission denied
	at java.lang.ProcessBuilder.start(ProcessBuilder.java:1041)
	at java.lang.Runtime.exec(Runtime.java:617)
	at org.python.pydev.shared_core.process.ProcessUtils.createProcess(ProcessUtils.java:98)
	at org.python.pydev.runners.SimpleRunner.createProcess(SimpleRunner.java:49)
	at org.python.pydev.runners.SimpleRunner.run(SimpleRunner.java:306)
	... 3 more
Caused by: java.io.IOException: error=13, Permission denied
	at java.lang.UNIXProcess.forkAndExec(Native Method)
	at java.lang.UNIXProcess.<init>(UNIXProcess.java:135)
	at java.lang.ProcessImpl.start(ProcessImpl.java:130)
	at java.lang.ProcessBuilder.start(ProcessBuilder.java:1022)
	... 7 more

!ENTRY org.python.pydev.shared_core 4 4 2014-01-28 18:08:33.181
!MESSAGE java.io.IOException: Cannot run program "/Applications/eclipse/Eclipse.app/Contents/MacOS" (in directory "/Users/yair/Documents/Research/Code/carUnderstanding/mainProject"): error=13, Permission denied
!STACK 0
java.lang.RuntimeException: java.io.IOException: Cannot run program "/Applications/eclipse/Eclipse.app/Contents/MacOS" (in directory "/Users/yair/Documents/Research/Code/carUnderstanding/mainProject"): error=13, Permission denied
	at org.python.pydev.runners.SimpleRunner.run(SimpleRunner.java:308)
	at org.python.pydev.runners.SimpleRunner.runAndGetOutput(SimpleRunner.java:325)
	at org.python.pydev.builder.pylint.PyLintVisitor$PyLintThread.passPyLint(PyLintVisitor.java:231)
	at org.python.pydev.builder.pylint.PyLintVisitor$PyLintThread.run(PyLintVisitor.java:113)
Caused by: java.io.IOException: Cannot run program "/Applications/eclipse/Eclipse.app/Contents/MacOS" (in directory "/Users/yair/Documents/Research/Code/carUnderstanding/mainProject"): error=13, Permission denied
	at java.lang.ProcessBuilder.start(ProcessBuilder.java:1041)
	at java.lang.Runtime.exec(Runtime.java:617)
	at org.python.pydev.shared_core.process.ProcessUtils.createProcess(ProcessUtils.java:98)
	at org.python.pydev.runners.SimpleRunner.createProcess(SimpleRunner.java:49)
	at org.python.pydev.runners.SimpleRunner.run(SimpleRunner.java:306)
	... 3 more
Caused by: java.io.IOException: error=13, Permission denied
	at java.lang.UNIXProcess.forkAndExec(Native Method)
	at java.lang.UNIXProcess.<init>(UNIXProcess.java:135)
	at java.lang.ProcessImpl.start(ProcessImpl.java:130)
	at java.lang.ProcessBuilder.start(ProcessBuilder.java:1022)
	... 7 more

!ENTRY org.python.pydev.shared_core 4 4 2014-01-28 18:09:44.303
!MESSAGE java.io.IOException: Cannot run program "/Applications/eclipse/Eclipse.app/Contents/MacOS" (in directory "/Users/yair/Documents/Research/Code/carUnderstanding/mainProject"): error=13, Permission denied
!STACK 0
java.lang.RuntimeException: java.io.IOException: Cannot run program "/Applications/eclipse/Eclipse.app/Contents/MacOS" (in directory "/Users/yair/Documents/Research/Code/carUnderstanding/mainProject"): error=13, Permission denied
	at org.python.pydev.runners.SimpleRunner.run(SimpleRunner.java:308)
	at org.python.pydev.runners.SimpleRunner.runAndGetOutput(SimpleRunner.java:325)
	at org.python.pydev.builder.pylint.PyLintVisitor$PyLintThread.passPyLint(PyLintVisitor.java:231)
	at org.python.pydev.builder.pylint.PyLintVisitor$PyLintThread.run(PyLintVisitor.java:113)
Caused by: java.io.IOException: Cannot run program "/Applications/eclipse/Eclipse.app/Contents/MacOS" (in directory "/Users/yair/Documents/Research/Code/carUnderstanding/mainProject"): error=13, Permission denied
	at java.lang.ProcessBuilder.start(ProcessBuilder.java:1041)
	at java.lang.Runtime.exec(Runtime.java:617)
	at org.python.pydev.shared_core.process.ProcessUtils.createProcess(ProcessUtils.java:98)
	at org.python.pydev.runners.SimpleRunner.createProcess(SimpleRunner.java:49)
	at org.python.pydev.runners.SimpleRunner.run(SimpleRunner.java:306)
	... 3 more
Caused by: java.io.IOException: error=13, Permission denied
	at java.lang.UNIXProcess.forkAndExec(Native Method)
	at java.lang.UNIXProcess.<init>(UNIXProcess.java:135)
	at java.lang.ProcessImpl.start(ProcessImpl.java:130)
	at java.lang.ProcessBuilder.start(ProcessBuilder.java:1022)
	... 7 more

!ENTRY org.python.pydev.shared_core 4 4 2014-01-28 18:11:09.476
!MESSAGE java.io.IOException: Cannot run program "/Applications/eclipse/Eclipse.app/Contents/MacOS" (in directory "/Users/yair/Documents/Research/Code/carUnderstanding/mainProject"): error=13, Permission denied
!STACK 0
java.lang.RuntimeException: java.io.IOException: Cannot run program "/Applications/eclipse/Eclipse.app/Contents/MacOS" (in directory "/Users/yair/Documents/Research/Code/carUnderstanding/mainProject"): error=13, Permission denied
	at org.python.pydev.runners.SimpleRunner.run(SimpleRunner.java:308)
	at org.python.pydev.runners.SimpleRunner.runAndGetOutput(SimpleRunner.java:325)
	at org.python.pydev.builder.pylint.PyLintVisitor$PyLintThread.passPyLint(PyLintVisitor.java:231)
	at org.python.pydev.builder.pylint.PyLintVisitor$PyLintThread.run(PyLintVisitor.java:113)
Caused by: java.io.IOException: Cannot run program "/Applications/eclipse/Eclipse.app/Contents/MacOS" (in directory "/Users/yair/Documents/Research/Code/carUnderstanding/mainProject"): error=13, Permission denied
	at java.lang.ProcessBuilder.start(ProcessBuilder.java:1041)
	at java.lang.Runtime.exec(Runtime.java:617)
	at org.python.pydev.shared_core.process.ProcessUtils.createProcess(ProcessUtils.java:98)
	at org.python.pydev.runners.SimpleRunner.createProcess(SimpleRunner.java:49)
	at org.python.pydev.runners.SimpleRunner.run(SimpleRunner.java:306)
	... 3 more
Caused by: java.io.IOException: error=13, Permission denied
	at java.lang.UNIXProcess.forkAndExec(Native Method)
	at java.lang.UNIXProcess.<init>(UNIXProcess.java:135)
	at java.lang.ProcessImpl.start(ProcessImpl.java:130)
	at java.lang.ProcessBuilder.start(ProcessBuilder.java:1022)
	... 7 more

!ENTRY org.python.pydev.shared_core 4 4 2014-01-28 18:12:00.766
!MESSAGE java.io.IOException: Cannot run program "/Applications/eclipse/Eclipse.app/Contents/MacOS" (in directory "/Users/yair/Documents/Research/Code/carUnderstanding/mainProject"): error=13, Permission denied
!STACK 0
java.lang.RuntimeException: java.io.IOException: Cannot run program "/Applications/eclipse/Eclipse.app/Contents/MacOS" (in directory "/Users/yair/Documents/Research/Code/carUnderstanding/mainProject"): error=13, Permission denied
	at org.python.pydev.runners.SimpleRunner.run(SimpleRunner.java:308)
	at org.python.pydev.runners.SimpleRunner.runAndGetOutput(SimpleRunner.java:325)
	at org.python.pydev.builder.pylint.PyLintVisitor$PyLintThread.passPyLint(PyLintVisitor.java:231)
	at org.python.pydev.builder.pylint.PyLintVisitor$PyLintThread.run(PyLintVisitor.java:113)
Caused by: java.io.IOException: Cannot run program "/Applications/eclipse/Eclipse.app/Contents/MacOS" (in directory "/Users/yair/Documents/Research/Code/carUnderstanding/mainProject"): error=13, Permission denied
	at java.lang.ProcessBuilder.start(ProcessBuilder.java:1041)
	at java.lang.Runtime.exec(Runtime.java:617)
	at org.python.pydev.shared_core.process.ProcessUtils.createProcess(ProcessUtils.java:98)
	at org.python.pydev.runners.SimpleRunner.createProcess(SimpleRunner.java:49)
	at org.python.pydev.runners.SimpleRunner.run(SimpleRunner.java:306)
	... 3 more
Caused by: java.io.IOException: error=13, Permission denied
	at java.lang.UNIXProcess.forkAndExec(Native Method)
	at java.lang.UNIXProcess.<init>(UNIXProcess.java:135)
	at java.lang.ProcessImpl.start(ProcessImpl.java:130)
	at java.lang.ProcessBuilder.start(ProcessBuilder.java:1022)
	... 7 more

!ENTRY org.python.pydev.shared_core 4 4 2014-01-28 18:12:29.718
!MESSAGE java.io.IOException: Cannot run program "/Applications/eclipse/Eclipse.app/Contents/MacOS" (in directory "/Users/yair/Documents/Research/Code/carUnderstanding/mainProject"): error=13, Permission denied
!STACK 0
java.lang.RuntimeException: java.io.IOException: Cannot run program "/Applications/eclipse/Eclipse.app/Contents/MacOS" (in directory "/Users/yair/Documents/Research/Code/carUnderstanding/mainProject"): error=13, Permission denied
	at org.python.pydev.runners.SimpleRunner.run(SimpleRunner.java:308)
	at org.python.pydev.runners.SimpleRunner.runAndGetOutput(SimpleRunner.java:325)
	at org.python.pydev.builder.pylint.PyLintVisitor$PyLintThread.passPyLint(PyLintVisitor.java:231)
	at org.python.pydev.builder.pylint.PyLintVisitor$PyLintThread.run(PyLintVisitor.java:113)
Caused by: java.io.IOException: Cannot run program "/Applications/eclipse/Eclipse.app/Contents/MacOS" (in directory "/Users/yair/Documents/Research/Code/carUnderstanding/mainProject"): error=13, Permission denied
	at java.lang.ProcessBuilder.start(ProcessBuilder.java:1041)
	at java.lang.Runtime.exec(Runtime.java:617)
	at org.python.pydev.shared_core.process.ProcessUtils.createProcess(ProcessUtils.java:98)
	at org.python.pydev.runners.SimpleRunner.createProcess(SimpleRunner.java:49)
	at org.python.pydev.runners.SimpleRunner.run(SimpleRunner.java:306)
	... 3 more
Caused by: java.io.IOException: error=13, Permission denied
	at java.lang.UNIXProcess.forkAndExec(Native Method)
	at java.lang.UNIXProcess.<init>(UNIXProcess.java:135)
	at java.lang.ProcessImpl.start(ProcessImpl.java:130)
	at java.lang.ProcessBuilder.start(ProcessBuilder.java:1022)
	... 7 more

!ENTRY org.python.pydev.shared_core 4 4 2014-01-28 18:12:54.981
!MESSAGE java.io.IOException: Cannot run program "/Applications/eclipse/Eclipse.app/Contents/MacOS" (in directory "/Users/yair/Documents/Research/Code/carUnderstanding/mainProject"): error=13, Permission denied
!STACK 0
java.lang.RuntimeException: java.io.IOException: Cannot run program "/Applications/eclipse/Eclipse.app/Contents/MacOS" (in directory "/Users/yair/Documents/Research/Code/carUnderstanding/mainProject"): error=13, Permission denied
	at org.python.pydev.runners.SimpleRunner.run(SimpleRunner.java:308)
	at org.python.pydev.runners.SimpleRunner.runAndGetOutput(SimpleRunner.java:325)
	at org.python.pydev.builder.pylint.PyLintVisitor$PyLintThread.passPyLint(PyLintVisitor.java:231)
	at org.python.pydev.builder.pylint.PyLintVisitor$PyLintThread.run(PyLintVisitor.java:113)
Caused by: java.io.IOException: Cannot run program "/Applications/eclipse/Eclipse.app/Contents/MacOS" (in directory "/Users/yair/Documents/Research/Code/carUnderstanding/mainProject"): error=13, Permission denied
	at java.lang.ProcessBuilder.start(ProcessBuilder.java:1041)
	at java.lang.Runtime.exec(Runtime.java:617)
	at org.python.pydev.shared_core.process.ProcessUtils.createProcess(ProcessUtils.java:98)
	at org.python.pydev.runners.SimpleRunner.createProcess(SimpleRunner.java:49)
	at org.python.pydev.runners.SimpleRunner.run(SimpleRunner.java:306)
	... 3 more
Caused by: java.io.IOException: error=13, Permission denied
	at java.lang.UNIXProcess.forkAndExec(Native Method)
	at java.lang.UNIXProcess.<init>(UNIXProcess.java:135)
	at java.lang.ProcessImpl.start(ProcessImpl.java:130)
	at java.lang.ProcessBuilder.start(ProcessBuilder.java:1022)
	... 7 more

!ENTRY org.python.pydev.shared_core 4 4 2014-01-28 18:19:09.040
!MESSAGE java.io.IOException: Cannot run program "/Applications/eclipse/Eclipse.app/Contents/MacOS" (in directory "/Users/yair/Documents/Research/Code/carUnderstanding/mainProject"): error=13, Permission denied
!STACK 0
java.lang.RuntimeException: java.io.IOException: Cannot run program "/Applications/eclipse/Eclipse.app/Contents/MacOS" (in directory "/Users/yair/Documents/Research/Code/carUnderstanding/mainProject"): error=13, Permission denied
	at org.python.pydev.runners.SimpleRunner.run(SimpleRunner.java:308)
	at org.python.pydev.runners.SimpleRunner.runAndGetOutput(SimpleRunner.java:325)
	at org.python.pydev.builder.pylint.PyLintVisitor$PyLintThread.passPyLint(PyLintVisitor.java:231)
	at org.python.pydev.builder.pylint.PyLintVisitor$PyLintThread.run(PyLintVisitor.java:113)
Caused by: java.io.IOException: Cannot run program "/Applications/eclipse/Eclipse.app/Contents/MacOS" (in directory "/Users/yair/Documents/Research/Code/carUnderstanding/mainProject"): error=13, Permission denied
	at java.lang.ProcessBuilder.start(ProcessBuilder.java:1041)
	at java.lang.Runtime.exec(Runtime.java:617)
	at org.python.pydev.shared_core.process.ProcessUtils.createProcess(ProcessUtils.java:98)
	at org.python.pydev.runners.SimpleRunner.createProcess(SimpleRunner.java:49)
	at org.python.pydev.runners.SimpleRunner.run(SimpleRunner.java:306)
	... 3 more
Caused by: java.io.IOException: error=13, Permission denied
	at java.lang.UNIXProcess.forkAndExec(Native Method)
	at java.lang.UNIXProcess.<init>(UNIXProcess.java:135)
	at java.lang.ProcessImpl.start(ProcessImpl.java:130)
	at java.lang.ProcessBuilder.start(ProcessBuilder.java:1022)
	... 7 more

!ENTRY org.python.pydev.shared_core 4 4 2014-01-28 18:24:44.495
!MESSAGE java.io.IOException: Cannot run program "/Applications/eclipse/Eclipse.app/Contents/MacOS" (in directory "/Users/yair/Documents/Research/Code/carUnderstanding/mainProject"): error=13, Permission denied
!STACK 0
java.lang.RuntimeException: java.io.IOException: Cannot run program "/Applications/eclipse/Eclipse.app/Contents/MacOS" (in directory "/Users/yair/Documents/Research/Code/carUnderstanding/mainProject"): error=13, Permission denied
	at org.python.pydev.runners.SimpleRunner.run(SimpleRunner.java:308)
	at org.python.pydev.runners.SimpleRunner.runAndGetOutput(SimpleRunner.java:325)
	at org.python.pydev.builder.pylint.PyLintVisitor$PyLintThread.passPyLint(PyLintVisitor.java:231)
	at org.python.pydev.builder.pylint.PyLintVisitor$PyLintThread.run(PyLintVisitor.java:113)
Caused by: java.io.IOException: Cannot run program "/Applications/eclipse/Eclipse.app/Contents/MacOS" (in directory "/Users/yair/Documents/Research/Code/carUnderstanding/mainProject"): error=13, Permission denied
	at java.lang.ProcessBuilder.start(ProcessBuilder.java:1041)
	at java.lang.Runtime.exec(Runtime.java:617)
	at org.python.pydev.shared_core.process.ProcessUtils.createProcess(ProcessUtils.java:98)
	at org.python.pydev.runners.SimpleRunner.createProcess(SimpleRunner.java:49)
	at org.python.pydev.runners.SimpleRunner.run(SimpleRunner.java:306)
	... 3 more
Caused by: java.io.IOException: error=13, Permission denied
	at java.lang.UNIXProcess.forkAndExec(Native Method)
	at java.lang.UNIXProcess.<init>(UNIXProcess.java:135)
	at java.lang.ProcessImpl.start(ProcessImpl.java:130)
	at java.lang.ProcessBuilder.start(ProcessBuilder.java:1022)
	... 7 more

!ENTRY org.python.pydev.shared_core 4 4 2014-01-28 18:29:12.673
!MESSAGE java.io.IOException: Cannot run program "/Applications/eclipse/Eclipse.app/Contents/MacOS" (in directory "/Users/yair/Documents/Research/Code/carUnderstanding/mainProject"): error=13, Permission denied
!STACK 0
java.lang.RuntimeException: java.io.IOException: Cannot run program "/Applications/eclipse/Eclipse.app/Contents/MacOS" (in directory "/Users/yair/Documents/Research/Code/carUnderstanding/mainProject"): error=13, Permission denied
	at org.python.pydev.runners.SimpleRunner.run(SimpleRunner.java:308)
	at org.python.pydev.runners.SimpleRunner.runAndGetOutput(SimpleRunner.java:325)
	at org.python.pydev.builder.pylint.PyLintVisitor$PyLintThread.passPyLint(PyLintVisitor.java:231)
	at org.python.pydev.builder.pylint.PyLintVisitor$PyLintThread.run(PyLintVisitor.java:113)
Caused by: java.io.IOException: Cannot run program "/Applications/eclipse/Eclipse.app/Contents/MacOS" (in directory "/Users/yair/Documents/Research/Code/carUnderstanding/mainProject"): error=13, Permission denied
	at java.lang.ProcessBuilder.start(ProcessBuilder.java:1041)
	at java.lang.Runtime.exec(Runtime.java:617)
	at org.python.pydev.shared_core.process.ProcessUtils.createProcess(ProcessUtils.java:98)
	at org.python.pydev.runners.SimpleRunner.createProcess(SimpleRunner.java:49)
	at org.python.pydev.runners.SimpleRunner.run(SimpleRunner.java:306)
	... 3 more
Caused by: java.io.IOException: error=13, Permission denied
	at java.lang.UNIXProcess.forkAndExec(Native Method)
	at java.lang.UNIXProcess.<init>(UNIXProcess.java:135)
	at java.lang.ProcessImpl.start(ProcessImpl.java:130)
	at java.lang.ProcessBuilder.start(ProcessBuilder.java:1022)
	... 7 more

!ENTRY org.python.pydev.shared_core 4 4 2014-01-28 18:44:19.059
!MESSAGE java.io.IOException: Cannot run program "/Applications/eclipse/Eclipse.app/Contents/MacOS" (in directory "/Users/yair/Documents/Research/Code/carUnderstanding/mainProject"): error=13, Permission denied
!STACK 0
java.lang.RuntimeException: java.io.IOException: Cannot run program "/Applications/eclipse/Eclipse.app/Contents/MacOS" (in directory "/Users/yair/Documents/Research/Code/carUnderstanding/mainProject"): error=13, Permission denied
	at org.python.pydev.runners.SimpleRunner.run(SimpleRunner.java:308)
	at org.python.pydev.runners.SimpleRunner.runAndGetOutput(SimpleRunner.java:325)
	at org.python.pydev.builder.pylint.PyLintVisitor$PyLintThread.passPyLint(PyLintVisitor.java:231)
	at org.python.pydev.builder.pylint.PyLintVisitor$PyLintThread.run(PyLintVisitor.java:113)
Caused by: java.io.IOException: Cannot run program "/Applications/eclipse/Eclipse.app/Contents/MacOS" (in directory "/Users/yair/Documents/Research/Code/carUnderstanding/mainProject"): error=13, Permission denied
	at java.lang.ProcessBuilder.start(ProcessBuilder.java:1041)
	at java.lang.Runtime.exec(Runtime.java:617)
	at org.python.pydev.shared_core.process.ProcessUtils.createProcess(ProcessUtils.java:98)
	at org.python.pydev.runners.SimpleRunner.createProcess(SimpleRunner.java:49)
	at org.python.pydev.runners.SimpleRunner.run(SimpleRunner.java:306)
	... 3 more
Caused by: java.io.IOException: error=13, Permission denied
	at java.lang.UNIXProcess.forkAndExec(Native Method)
	at java.lang.UNIXProcess.<init>(UNIXProcess.java:135)
	at java.lang.ProcessImpl.start(ProcessImpl.java:130)
	at java.lang.ProcessBuilder.start(ProcessBuilder.java:1022)
	... 7 more

!ENTRY org.python.pydev.shared_core 4 4 2014-01-28 18:44:55.494
!MESSAGE java.io.IOException: Cannot run program "/Applications/eclipse/Eclipse.app/Contents/MacOS" (in directory "/Users/yair/Documents/Research/Code/carUnderstanding/mainProject"): error=13, Permission denied
!STACK 0
java.lang.RuntimeException: java.io.IOException: Cannot run program "/Applications/eclipse/Eclipse.app/Contents/MacOS" (in directory "/Users/yair/Documents/Research/Code/carUnderstanding/mainProject"): error=13, Permission denied
	at org.python.pydev.runners.SimpleRunner.run(SimpleRunner.java:308)
	at org.python.pydev.runners.SimpleRunner.runAndGetOutput(SimpleRunner.java:325)
	at org.python.pydev.builder.pylint.PyLintVisitor$PyLintThread.passPyLint(PyLintVisitor.java:231)
	at org.python.pydev.builder.pylint.PyLintVisitor$PyLintThread.run(PyLintVisitor.java:113)
Caused by: java.io.IOException: Cannot run program "/Applications/eclipse/Eclipse.app/Contents/MacOS" (in directory "/Users/yair/Documents/Research/Code/carUnderstanding/mainProject"): error=13, Permission denied
	at java.lang.ProcessBuilder.start(ProcessBuilder.java:1041)
	at java.lang.Runtime.exec(Runtime.java:617)
	at org.python.pydev.shared_core.process.ProcessUtils.createProcess(ProcessUtils.java:98)
	at org.python.pydev.runners.SimpleRunner.createProcess(SimpleRunner.java:49)
	at org.python.pydev.runners.SimpleRunner.run(SimpleRunner.java:306)
	... 3 more
Caused by: java.io.IOException: error=13, Permission denied
	at java.lang.UNIXProcess.forkAndExec(Native Method)
	at java.lang.UNIXProcess.<init>(UNIXProcess.java:135)
	at java.lang.ProcessImpl.start(ProcessImpl.java:130)
	at java.lang.ProcessBuilder.start(ProcessBuilder.java:1022)
	... 7 more

!ENTRY org.python.pydev.shared_core 4 4 2014-01-28 18:46:41.171
!MESSAGE Unhandled: ExtSlice[dims=[Slice[lower=null, upper=null, step=null], Slice[lower=Num[n=0, type=Int, num=0], upper=Num[n=2, type=Int, num=2], step=null]]]
!STACK 0
java.lang.RuntimeException: Unhandled: ExtSlice[dims=[Slice[lower=null, upper=null, step=null], Slice[lower=Num[n=0, type=Int, num=0], upper=Num[n=2, type=Int, num=2], step=null]]]
	at org.python.pydev.parser.prettyprinterv2.MakeAstValidForPrettyPrintingVisitor.unhandled_node(MakeAstValidForPrettyPrintingVisitor.java:105)
	at org.python.pydev.parser.jython.ast.VisitorBase.visitExtSlice(VisitorBase.java:345)
	at org.python.pydev.parser.jython.ast.ExtSlice.accept(ExtSlice.java:79)
	at org.python.pydev.parser.prettyprinterv2.MakeAstValidForPrettyPrintingVisitor.visitSubscript(MakeAstValidForPrettyPrintingVisitor.java:933)
	at org.python.pydev.parser.jython.ast.Subscript.accept(Subscript.java:93)
	at org.python.pydev.parser.prettyprinterv2.MakeAstValidForPrettyPrintingVisitor.handleArguments(MakeAstValidForPrettyPrintingVisitor.java:1067)
	at org.python.pydev.parser.prettyprinterv2.MakeAstValidForPrettyPrintingVisitor.visitCall(MakeAstValidForPrettyPrintingVisitor.java:612)
	at org.python.pydev.parser.jython.ast.Call.accept(Call.java:131)
	at org.python.pydev.parser.prettyprinterv2.MakeAstValidForPrettyPrintingVisitor.visitAssign(MakeAstValidForPrettyPrintingVisitor.java:184)
	at org.python.pydev.parser.jython.ast.Assign.accept(Assign.java:90)
	at org.python.pydev.parser.prettyprinterv2.MakeAstValidForPrettyPrintingVisitor.visitFunctionDef(MakeAstValidForPrettyPrintingVisitor.java:862)
	at org.python.pydev.parser.jython.ast.FunctionDef.accept(FunctionDef.java:131)
	at org.python.pydev.parser.prettyprinterv2.MakeAstValidForPrettyPrintingVisitor.makeValid(MakeAstValidForPrettyPrintingVisitor.java:171)
	at org.python.pydev.editor.hover.PyTextHover.getDocstringHover(PyTextHover.java:238)
	at org.python.pydev.editor.hover.PyTextHover.getHoverInfo(PyTextHover.java:150)
	at org.eclipse.jface.text.TextViewerHoverManager$4.run(TextViewerHoverManager.java:168)

!ENTRY org.python.pydev.shared_core 4 4 2014-01-28 18:53:17.658
!MESSAGE java.io.IOException: Cannot run program "/Applications/eclipse/Eclipse.app/Contents/MacOS" (in directory "/Users/yair/Documents/Research/Code/carUnderstanding/mainProject"): error=13, Permission denied
!STACK 0
java.lang.RuntimeException: java.io.IOException: Cannot run program "/Applications/eclipse/Eclipse.app/Contents/MacOS" (in directory "/Users/yair/Documents/Research/Code/carUnderstanding/mainProject"): error=13, Permission denied
	at org.python.pydev.runners.SimpleRunner.run(SimpleRunner.java:308)
	at org.python.pydev.runners.SimpleRunner.runAndGetOutput(SimpleRunner.java:325)
	at org.python.pydev.builder.pylint.PyLintVisitor$PyLintThread.passPyLint(PyLintVisitor.java:231)
	at org.python.pydev.builder.pylint.PyLintVisitor$PyLintThread.run(PyLintVisitor.java:113)
Caused by: java.io.IOException: Cannot run program "/Applications/eclipse/Eclipse.app/Contents/MacOS" (in directory "/Users/yair/Documents/Research/Code/carUnderstanding/mainProject"): error=13, Permission denied
	at java.lang.ProcessBuilder.start(ProcessBuilder.java:1041)
	at java.lang.Runtime.exec(Runtime.java:617)
	at org.python.pydev.shared_core.process.ProcessUtils.createProcess(ProcessUtils.java:98)
	at org.python.pydev.runners.SimpleRunner.createProcess(SimpleRunner.java:49)
	at org.python.pydev.runners.SimpleRunner.run(SimpleRunner.java:306)
	... 3 more
Caused by: java.io.IOException: error=13, Permission denied
	at java.lang.UNIXProcess.forkAndExec(Native Method)
	at java.lang.UNIXProcess.<init>(UNIXProcess.java:135)
	at java.lang.ProcessImpl.start(ProcessImpl.java:130)
	at java.lang.ProcessBuilder.start(ProcessBuilder.java:1022)
	... 7 more

!ENTRY org.eclipse.core.jobs 4 2 2014-01-28 18:54:11.258
!MESSAGE An internal error occurred during: "LabelEventJob".
!STACK 0
org.eclipse.swt.SWTException: Invalid thread access
	at org.eclipse.swt.SWT.error(SWT.java:4397)
	at org.eclipse.swt.SWT.error(SWT.java:4312)
	at org.eclipse.swt.SWT.error(SWT.java:4283)
	at org.eclipse.swt.widgets.Display.error(Display.java:1076)
	at org.eclipse.swt.widgets.Display.createDisplay(Display.java:833)
	at org.eclipse.swt.widgets.Display.create(Display.java:816)
	at org.eclipse.swt.graphics.Device.<init>(Device.java:130)
	at org.eclipse.swt.widgets.Display.<init>(Display.java:707)
	at org.eclipse.swt.widgets.Display.<init>(Display.java:698)
	at org.eclipse.swt.widgets.Display.getDefault(Display.java:1396)
	at org.eclipse.egit.ui.internal.decorators.GitLightweightDecorator.fireLabelEvent(GitLightweightDecorator.java:662)
	at org.eclipse.egit.ui.internal.decorators.LabelEventJob.run(GitLightweightDecorator.java:731)
	at org.eclipse.core.internal.jobs.Worker.run(Worker.java:53)
